2025-04-09 11:04:40,053 - INFO - Logging initialized to /Users/jofremosegui/Desktop/TFG/wearbac_experiments/models/data_balancing/results/HDC_balanced/20250409_110440/training.log
2025-04-09 11:04:40,053 - INFO - PRINT: Total configurations: 1
2025-04-09 11:04:56,913 - INFO - PRINT: ==================================================
BEGIN CROSSVALIDATION
==================================================
2025-04-09 11:04:56,913 - INFO - PRINT: 
CONFIG 0: {'device': 'mps', 'window_size': 800, 'ngrams': 7, 'hdc_dimension': 5000, 'batch_size': 64, 'learning_rate': 2, 'epochs': 10, 'patience': 5, 'overlap_ratio': 0.5, 'runtime_log_fld': 'results/HDC_balanced/20250409_110440'}

2025-04-09 11:04:56,913 - INFO - PRINT: ----------------------------------------------------------------------------------------------------
2025-04-09 11:04:56,913 - INFO - PRINT: FOLD: 1
2025-04-09 11:04:56,913 - INFO - PRINT: TRAIN: [9, 10, 14, 15, 24, 28, 31]
2025-04-09 11:04:56,913 - INFO - PRINT: VAL: [11, 6]
2025-04-09 11:04:57,996 - INFO - PRINT: Preparing sequences...
2025-04-09 11:04:59,219 - INFO - PRINT: Preparing balanced sequences...
2025-04-09 11:05:03,793 - INFO - PRINT: Balancing sequences via oversampling...
2025-04-09 11:05:04,905 - INFO - PRINT: Balanced sequence shape: (60580, 800, 7)
2025-04-09 11:05:05,110 - INFO - PRINT: Preparing balanced sequences...
2025-04-09 11:05:05,432 - INFO - PRINT: Balancing sequences via oversampling...
2025-04-09 11:05:05,524 - INFO - PRINT: Balanced sequence shape: (5492, 800, 7)
2025-04-09 11:05:06,129 - INFO - PRINT: Users in train:{9, 10, 14, 15, 24, 28, 31}
2025-04-09 11:05:06,171 - INFO - PRINT: Users in test:{11, 6}
2025-04-09 11:05:06,171 - INFO - PRINT: Number of windows for training:60580
2025-04-09 11:05:06,171 - INFO - PRINT: Number of windows for testing:5492
2025-04-09 11:05:06,405 - INFO - PRINT: Epoch | Train Loss |  Val Loss  |  Val PR-AUC  |  Val ROC-AUC  |  Epoch Time (s)
2025-04-09 11:05:06,405 - INFO - PRINT: -------------------------------------------------------------------------------------
