2025-04-30 19:59:07,178 - INFO - Logging initialized to /Users/jofremosegui/Desktop/TFG/wearbac_experiments/models/data_balancing/results/HDC_HRR_UNDERSAMPLING_ROBUST/20250430_195907/training.log
2025-04-30 19:59:07,178 - INFO - PRINT: Total configurations: 1
2025-04-30 19:59:34,383 - INFO - PRINT: ==================================================
BEGIN CROSSVALIDATION
==================================================
2025-04-30 19:59:34,384 - INFO - PRINT: 
CONFIG 0: {'device': 'mps', 'window_size': 800, 'ngrams': 7, 'hdc_dimension': 5000, 'batch_size': 64, 'learning_rate': 2, 'epochs': 10, 'patience': 5, 'overlap_ratio': 0.5, 'vsa_type': 'HRR', 'runtime_log_fld': 'results/HDC_HRR_UNDERSAMPLING_ROBUST/20250430_195907'}

2025-04-30 19:59:34,384 - INFO - PRINT: ----------------------------------------------------------------------------------------------------
2025-04-30 19:59:34,384 - INFO - PRINT: FOLD: 1
2025-04-30 19:59:34,384 - INFO - PRINT: TRAIN: [9, 10, 14, 15, 24, 28, 31]
2025-04-30 19:59:34,384 - INFO - PRINT: VAL: [11, 6]
2025-04-30 19:59:36,131 - INFO - PRINT: Preparing sequences...
2025-04-30 19:59:37,396 - INFO - PRINT: Preparing sequences with undersampling...
2025-04-30 19:59:42,367 - INFO - PRINT: Balancing sequences via undersampling...
2025-04-30 19:59:50,535 - INFO - PRINT: Undersampled sequence shape: (140729, 800, 7)
2025-04-30 19:59:50,837 - INFO - PRINT: Preparing sequences with undersampling...
2025-04-30 19:59:51,172 - INFO - PRINT: Balancing sequences via undersampling...
2025-04-30 19:59:51,576 - INFO - PRINT: Undersampled sequence shape: (12207, 800, 7)
2025-04-30 19:59:52,207 - INFO - PRINT: Users in train:{9, 10, 14, 15, 24, 28, 31}
2025-04-30 19:59:52,249 - INFO - PRINT: Users in test:{11, 6}
2025-04-30 19:59:52,249 - INFO - PRINT: Number of windows for training:140729
2025-04-30 19:59:52,249 - INFO - PRINT: Number of windows for testing:12207
2025-04-30 19:59:54,539 - INFO - PRINT: Epoch | Train Loss |  Val Loss  |  Val PR-AUC  |  Val ROC-AUC  |  Epoch Time (s)
2025-04-30 19:59:54,539 - INFO - PRINT: -------------------------------------------------------------------------------------
