2025-05-03 09:45:29,988 - INFO - Logging initialized to /Users/jofremosegui/Desktop/TFG/wearbac_experiments/models/data_balancing/results/HDC_balanced_UNDERSAMPLING_FHRR/20250503_094529/training.log
2025-05-03 09:45:29,988 - INFO - PRINT: Total configurations: 1
2025-05-03 09:45:47,185 - INFO - PRINT: ==================================================
BEGIN CROSSVALIDATION
==================================================
2025-05-03 09:45:47,185 - INFO - PRINT: 
CONFIG 0: {'device': 'mps', 'window_size': 800, 'ngrams': 7, 'hdc_dimension': 5000, 'batch_size': 64, 'learning_rate': 2, 'epochs': 10, 'patience': 5, 'overlap_ratio': 0.5, 'runtime_log_fld': 'results/HDC_balanced_UNDERSAMPLING_FHRR/20250503_094529'}

2025-05-03 09:45:47,185 - INFO - PRINT: ----------------------------------------------------------------------------------------------------
2025-05-03 09:45:47,185 - INFO - PRINT: FOLD: 1
2025-05-03 09:45:47,185 - INFO - PRINT: TRAIN: [9, 10, 14, 15, 24, 28, 31]
2025-05-03 09:45:47,185 - INFO - PRINT: VAL: [11, 6]
2025-05-03 09:45:48,285 - INFO - PRINT: Preparing sequences...
2025-05-03 09:45:49,513 - INFO - PRINT: Preparing sequences with undersampling...
2025-05-03 09:45:54,182 - INFO - PRINT: Balancing sequences via undersampling...
2025-05-03 09:45:56,713 - INFO - PRINT: Undersampled sequence shape: (70055, 800, 7)
2025-05-03 09:45:56,895 - INFO - PRINT: Preparing sequences with undersampling...
2025-05-03 09:45:57,210 - INFO - PRINT: Balancing sequences via undersampling...
2025-05-03 09:45:57,438 - INFO - PRINT: Undersampled sequence shape: (5388, 800, 7)
2025-05-03 09:45:58,013 - INFO - PRINT: Users in train:{9, 10, 14, 15, 24, 28, 31}
2025-05-03 09:45:58,052 - INFO - PRINT: Users in test:{11, 6}
2025-05-03 09:45:58,052 - INFO - PRINT: Number of windows for training:70055
2025-05-03 09:45:58,052 - INFO - PRINT: Number of windows for testing:5388
2025-05-03 09:48:28,213 - INFO - PRINT: /Users/jofremosegui/Desktop/TFG/wearbac_experiments/torchhd/torchhd/__init__.py
2025-05-03 09:48:28,213 - INFO - PRINT: /Users/jofremosegui/Desktop/TFG/wearbac_experiments/torchhd/torchhd/embeddings.py
2025-05-03 09:48:28,213 - INFO - PRINT: /Users/jofremosegui/Desktop/TFG/wearbac_experiments/torchhd/torchhd/models.py
2025-05-03 09:48:28,220 - INFO - PRINT: /Users/jofremosegui/Desktop/TFG/wearbac_experiments/torchhd/torchhd/__init__.py
