2025-05-30 23:37:26,609 - INFO - Logging initialized to /Users/jofremosegui/Desktop/TFG/wearbac_experiments/models/data_balancing/results/GRU_DATA_AUGMENTATION/20250530_233726/training.log
2025-05-30 23:37:47,905 - INFO - PRINT: ==================================================
BEGIN CROSSVALIDATION
==================================================
2025-05-30 23:37:47,906 - INFO - PRINT: 
CONFIG 0: {'device': 'mps', 'window_size': 800, 'hidden_size': 64, 'num_layers': 1, 'batch_size': 128, 'dropout': 0.1, 'learning_rate': 0.001, 'epochs': 100, 'patience': 5, 'overlap_ratio': 0.5, 'runtime_log_fld': 'results/GRU_DATA_AUGMENTATION/20250530_233726'}

2025-05-30 23:37:47,906 - INFO - PRINT: ----------------------------------------------------------------------------------------------------
2025-05-30 23:37:47,906 - INFO - PRINT: FOLD: 1
2025-05-30 23:37:47,906 - INFO - PRINT: TRAIN: [9, 10, 14, 15, 24, 28, 31]
2025-05-30 23:37:47,906 - INFO - PRINT: VAL: [11, 6]
2025-05-30 23:37:49,343 - INFO - PRINT: Preparing sequences...
2025-05-30 23:37:58,292 - INFO - PRINT: Starting sequence preparation...
2025-05-30 23:37:58,316 - INFO - PRINT: Processing 5 sessions...
2025-05-30 23:37:58,599 - INFO - PRINT: Created 3115 sequences
2025-05-30 23:37:58,599 - INFO - PRINT: Sequences shape: (3115, 800, 7)
2025-05-30 23:37:59,180 - INFO - PRINT: Users in train:{9, 10, 14, 15, 24, 28, 31}
2025-05-30 23:37:59,221 - INFO - PRINT: Users in test:{11, 6}
2025-05-30 23:37:59,221 - INFO - PRINT: Number of windows for training:62704
2025-05-30 23:37:59,221 - INFO - PRINT: Number of windows for testing:3115
2025-05-30 23:37:59,230 - INFO - PRINT: Epoch | Train Loss |  Val Loss  |  Val PR-AUC  |  Val ROC-AUC  |  Epoch Time (s)
2025-05-30 23:37:59,230 - INFO - PRINT: -------------------------------------------------------------------------------------
2025-05-30 23:42:02,717 - INFO - PRINT:     1 | 0.593028 | 0.408956 | 0.9524 | 0.7132 | 239.22
2025-05-30 23:46:08,611 - INFO - PRINT:     2 | 0.563825 | 0.364271 | 0.9546 | 0.7202 | 241.49
2025-05-30 23:50:20,821 - INFO - PRINT:     3 | 0.540491 | 0.350432 | 0.9524 | 0.7143 | 247.69
2025-05-30 23:54:33,907 - INFO - PRINT:     4 | 0.538810 | 0.368811 | 0.9543 | 0.7169 | 248.61
2025-05-30 23:58:43,752 - INFO - PRINT:     5 | 0.533426 | 0.379966 | 0.9476 | 0.6892 | 245.53
2025-05-31 00:02:50,505 - INFO - PRINT:     6 | 0.515046 | 0.363517 | 0.9534 | 0.7121 | 242.44
2025-05-31 00:07:00,689 - INFO - PRINT:     7 | 0.500768 | 0.434426 | 0.9416 | 0.6766 | 245.67
2025-05-31 00:07:00,689 - INFO - PRINT: 
Early stopping triggered after epoch 7
2025-05-31 00:07:00,689 - INFO - PRINT: Best validation PR-AUC: 0.9546
2025-05-31 00:07:05,246 - INFO - PRINT: ----------------------------------------------------------------------------------------------------
2025-05-31 00:07:05,246 - INFO - PRINT: FOLD: 2
2025-05-31 00:07:05,246 - INFO - PRINT: TRAIN: [10, 11, 6, 31]
2025-05-31 00:07:05,246 - INFO - PRINT: VAL: [9, 14, 15, 24, 28]
2025-05-31 00:07:06,510 - INFO - PRINT: Preparing sequences...
2025-05-31 00:07:09,468 - INFO - PRINT: Starting sequence preparation...
2025-05-31 00:07:09,910 - INFO - PRINT: Processing 28 sessions...
2025-05-31 00:07:13,658 - INFO - PRINT: Created 37935 sequences
2025-05-31 00:07:13,658 - INFO - PRINT: Sequences shape: (37935, 800, 7)
2025-05-31 00:07:13,825 - INFO - PRINT: Users in train:{10, 11, 6, 31}
2025-05-31 00:07:14,318 - INFO - PRINT: Users in test:{9, 14, 15, 24, 28}
2025-05-31 00:07:14,318 - INFO - PRINT: Number of windows for training:7800
2025-05-31 00:07:14,318 - INFO - PRINT: Number of windows for testing:37935
2025-05-31 00:07:14,377 - INFO - PRINT: Epoch | Train Loss |  Val Loss  |  Val PR-AUC  |  Val ROC-AUC  |  Epoch Time (s)
2025-05-31 00:07:14,377 - INFO - PRINT: -------------------------------------------------------------------------------------
2025-05-31 00:08:39,736 - INFO - PRINT:     1 | 0.642746 | 0.582483 | 0.7967 | 0.7482 | 31.14
2025-05-31 00:10:05,290 - INFO - PRINT:     2 | 0.582029 | 0.559482 | 0.7978 | 0.7494 | 31.20
2025-05-31 00:11:30,387 - INFO - PRINT:     3 | 0.554065 | 0.582405 | 0.7985 | 0.7501 | 31.19
2025-05-31 00:12:55,468 - INFO - PRINT:     4 | 0.544768 | 0.565454 | 0.7998 | 0.7519 | 31.09
2025-05-31 00:14:20,908 - INFO - PRINT:     5 | 0.541115 | 0.600042 | 0.7456 | 0.6761 | 31.11
2025-05-31 00:15:46,029 - INFO - PRINT:     6 | 0.537612 | 0.594477 | 0.7872 | 0.7359 | 31.13
2025-05-31 00:17:11,642 - INFO - PRINT:     7 | 0.521697 | 0.589263 | 0.7708 | 0.7152 | 31.15
2025-05-31 00:18:36,782 - INFO - PRINT:     8 | 0.516710 | 0.595085 | 0.7689 | 0.7053 | 31.14
2025-05-31 00:20:01,943 - INFO - PRINT:     9 | 0.514588 | 0.583290 | 0.7833 | 0.7264 | 31.11
2025-05-31 00:20:01,943 - INFO - PRINT: 
Early stopping triggered after epoch 9
2025-05-31 00:20:01,943 - INFO - PRINT: Best validation PR-AUC: 0.7998
2025-05-31 00:20:55,884 - INFO - PRINT: ----------------------------------------------------------------------------------------------------
2025-05-31 00:20:55,884 - INFO - PRINT: FOLD: 3
2025-05-31 00:20:55,884 - INFO - PRINT: TRAIN: [6, 9, 11, 14, 15, 24, 28]
2025-05-31 00:20:55,884 - INFO - PRINT: VAL: [10, 31]
2025-05-31 00:20:57,140 - INFO - PRINT: Preparing sequences...
2025-05-31 00:21:05,928 - INFO - PRINT: Starting sequence preparation...
2025-05-31 00:21:05,992 - INFO - PRINT: Processing 10 sessions...
2025-05-31 00:21:06,789 - INFO - PRINT: Created 8562 sequences
2025-05-31 00:21:06,789 - INFO - PRINT: Sequences shape: (8562, 800, 7)
2025-05-31 00:21:07,347 - INFO - PRINT: Users in train:{6, 9, 11, 14, 15, 24, 28}
2025-05-31 00:21:07,459 - INFO - PRINT: Users in test:{10, 31}
2025-05-31 00:21:07,459 - INFO - PRINT: Number of windows for training:56045
2025-05-31 00:21:07,459 - INFO - PRINT: Number of windows for testing:8562
2025-05-31 00:21:07,511 - INFO - PRINT: Epoch | Train Loss |  Val Loss  |  Val PR-AUC  |  Val ROC-AUC  |  Epoch Time (s)
2025-05-31 00:21:07,511 - INFO - PRINT: -------------------------------------------------------------------------------------
2025-05-31 00:25:03,689 - INFO - PRINT:     1 | 0.577114 | 0.819699 | 0.9404 | 0.8032 | 223.97
2025-05-31 00:29:01,380 - INFO - PRINT:     2 | 0.549401 | 0.723051 | 0.9434 | 0.8114 | 225.40
2025-05-31 00:32:59,117 - INFO - PRINT:     3 | 0.530728 | 0.704511 | 0.9407 | 0.8055 | 225.31
2025-05-31 00:36:56,812 - INFO - PRINT:     4 | 0.506892 | 0.604724 | 0.9361 | 0.7998 | 225.42
2025-05-31 00:40:53,985 - INFO - PRINT:     5 | 0.495217 | 0.694189 | 0.9359 | 0.7945 | 224.91
2025-05-31 00:44:51,361 - INFO - PRINT:     6 | 0.486357 | 0.804657 | 0.9345 | 0.7878 | 225.12
2025-05-31 00:48:49,152 - INFO - PRINT:     7 | 0.474003 | 0.718081 | 0.9341 | 0.7869 | 225.54
2025-05-31 00:48:49,153 - INFO - PRINT: 
Early stopping triggered after epoch 7
2025-05-31 00:48:49,153 - INFO - PRINT: Best validation PR-AUC: 0.9434
2025-05-31 00:49:01,847 - INFO - PRINT: Validation ROC-AUC: 0.7309, PR-AUC: 0.8226, Accuracy: 0.7341, Sober Accuracy: 0.3086, Drunk Accuracy: 0.9475, F1: 0.8259, Threshold: 0.3100
2025-05-31 00:49:01,847 - INFO - PRINT: Updated best config: {'device': 'mps', 'window_size': 800, 'hidden_size': 64, 'num_layers': 1, 'batch_size': 128, 'dropout': 0.1, 'learning_rate': 0.001, 'epochs': 100, 'patience': 5, 'overlap_ratio': 0.5, 'runtime_log_fld': 'results/GRU_DATA_AUGMENTATION/20250530_233726'}, PR-AUC: 0.8226, Threshold: 0.3100, Epoch: 3.00
2025-05-31 00:49:01,847 - INFO - PRINT: 
CONFIG 1: {'device': 'mps', 'window_size': 800, 'hidden_size': 64, 'num_layers': 1, 'batch_size': 128, 'dropout': 0.5, 'learning_rate': 0.001, 'epochs': 100, 'patience': 5, 'overlap_ratio': 0.5, 'runtime_log_fld': 'results/GRU_DATA_AUGMENTATION/20250530_233726'}

2025-05-31 00:49:01,847 - INFO - PRINT: ----------------------------------------------------------------------------------------------------
2025-05-31 00:49:01,847 - INFO - PRINT: FOLD: 1
2025-05-31 00:49:01,847 - INFO - PRINT: TRAIN: [9, 10, 14, 15, 24, 28, 31]
2025-05-31 00:49:01,847 - INFO - PRINT: VAL: [11, 6]
2025-05-31 00:49:03,534 - INFO - PRINT: Preparing sequences...
2025-05-31 00:49:12,780 - INFO - PRINT: Starting sequence preparation...
2025-05-31 00:49:12,808 - INFO - PRINT: Processing 5 sessions...
2025-05-31 00:49:13,103 - INFO - PRINT: Created 3115 sequences
2025-05-31 00:49:13,103 - INFO - PRINT: Sequences shape: (3115, 800, 7)
2025-05-31 00:49:13,709 - INFO - PRINT: Users in train:{9, 10, 14, 15, 24, 28, 31}
2025-05-31 00:49:13,749 - INFO - PRINT: Users in test:{11, 6}
2025-05-31 00:49:13,749 - INFO - PRINT: Number of windows for training:62704
2025-05-31 00:49:13,749 - INFO - PRINT: Number of windows for testing:3115
2025-05-31 00:49:13,817 - INFO - PRINT: Epoch | Train Loss |  Val Loss  |  Val PR-AUC  |  Val ROC-AUC  |  Epoch Time (s)
2025-05-31 00:49:13,817 - INFO - PRINT: -------------------------------------------------------------------------------------
2025-05-31 00:53:30,418 - INFO - PRINT:     1 | 0.600536 | 0.424262 | 0.9532 | 0.7131 | 252.04
2025-05-31 00:57:46,421 - INFO - PRINT:     2 | 0.570434 | 0.398637 | 0.9471 | 0.6947 | 251.48
2025-05-31 01:02:02,409 - INFO - PRINT:     3 | 0.558233 | 0.358814 | 0.9558 | 0.7278 | 251.48
2025-05-31 01:06:18,399 - INFO - PRINT:     4 | 0.553706 | 0.388332 | 0.9544 | 0.7216 | 251.45
2025-05-31 01:10:34,310 - INFO - PRINT:     5 | 0.542574 | 0.362257 | 0.9553 | 0.7250 | 251.37
2025-05-31 01:14:50,160 - INFO - PRINT:     6 | 0.524011 | 0.344683 | 0.9579 | 0.7357 | 251.33
2025-05-31 01:19:06,035 - INFO - PRINT:     7 | 0.515660 | 0.355744 | 0.9552 | 0.7233 | 251.37
2025-05-31 01:23:20,905 - INFO - PRINT:     8 | 0.513612 | 0.351694 | 0.9520 | 0.7131 | 250.35
2025-05-31 01:27:37,095 - INFO - PRINT:     9 | 0.510348 | 0.364124 | 0.9559 | 0.7240 | 251.65
2025-05-31 01:31:52,961 - INFO - PRINT:    10 | 0.502135 | 0.357247 | 0.9518 | 0.7066 | 251.35
2025-05-31 01:36:08,957 - INFO - PRINT:    11 | 0.491263 | 0.328410 | 0.9582 | 0.7345 | 251.48
2025-05-31 01:40:24,815 - INFO - PRINT:    12 | 0.486994 | 0.338722 | 0.9565 | 0.7268 | 251.33
2025-05-31 01:44:40,731 - INFO - PRINT:    13 | 0.490227 | 0.342419 | 0.9556 | 0.7246 | 251.35
2025-05-31 01:48:56,872 - INFO - PRINT:    14 | 0.473915 | 0.368143 | 0.9552 | 0.7237 | 251.57
2025-05-31 01:53:12,639 - INFO - PRINT:    15 | 0.538352 | 0.368390 | 0.9492 | 0.7062 | 251.23
2025-05-31 01:57:28,394 - INFO - PRINT:    16 | 0.509237 | 0.374091 | 0.9544 | 0.7190 | 251.22
2025-05-31 01:57:28,394 - INFO - PRINT: 
Early stopping triggered after epoch 16
2025-05-31 01:57:28,394 - INFO - PRINT: Best validation PR-AUC: 0.9582
2025-05-31 01:57:33,017 - INFO - PRINT: ----------------------------------------------------------------------------------------------------
2025-05-31 01:57:33,017 - INFO - PRINT: FOLD: 2
2025-05-31 01:57:33,017 - INFO - PRINT: TRAIN: [10, 11, 6, 31]
2025-05-31 01:57:33,017 - INFO - PRINT: VAL: [9, 14, 15, 24, 28]
2025-05-31 01:57:34,298 - INFO - PRINT: Preparing sequences...
2025-05-31 01:57:37,138 - INFO - PRINT: Starting sequence preparation...
2025-05-31 01:57:37,425 - INFO - PRINT: Processing 28 sessions...
2025-05-31 01:57:41,237 - INFO - PRINT: Created 37935 sequences
2025-05-31 01:57:41,237 - INFO - PRINT: Sequences shape: (37935, 800, 7)
2025-05-31 01:57:41,405 - INFO - PRINT: Users in train:{10, 11, 6, 31}
2025-05-31 01:57:41,906 - INFO - PRINT: Users in test:{9, 14, 15, 24, 28}
2025-05-31 01:57:41,906 - INFO - PRINT: Number of windows for training:7800
2025-05-31 01:57:41,906 - INFO - PRINT: Number of windows for testing:37935
2025-05-31 01:57:41,975 - INFO - PRINT: Epoch | Train Loss |  Val Loss  |  Val PR-AUC  |  Val ROC-AUC  |  Epoch Time (s)
2025-05-31 01:57:41,975 - INFO - PRINT: -------------------------------------------------------------------------------------
2025-05-31 01:59:07,786 - INFO - PRINT:     1 | 0.638206 | 0.584150 | 0.7962 | 0.7478 | 31.42
2025-05-31 02:00:33,221 - INFO - PRINT:     2 | 0.597013 | 0.593349 | 0.7975 | 0.7489 | 31.31
2025-05-31 02:01:58,643 - INFO - PRINT:     3 | 0.571388 | 0.582829 | 0.7982 | 0.7497 | 31.26
2025-05-31 02:03:24,500 - INFO - PRINT:     4 | 0.556676 | 0.589877 | 0.8001 | 0.7525 | 31.28
2025-05-31 02:04:50,029 - INFO - PRINT:     5 | 0.540897 | 0.601169 | 0.8055 | 0.7609 | 31.28
2025-05-31 02:06:15,876 - INFO - PRINT:     6 | 0.535932 | 0.575870 | 0.8054 | 0.7628 | 31.27
2025-05-31 02:07:41,214 - INFO - PRINT:     7 | 0.529159 | 0.605804 | 0.7355 | 0.6580 | 31.26
2025-05-31 02:09:06,541 - INFO - PRINT:     8 | 0.529745 | 0.616488 | 0.7596 | 0.6937 | 31.25
2025-05-31 02:10:32,402 - INFO - PRINT:     9 | 0.519273 | 0.607023 | 0.7428 | 0.6702 | 31.24
2025-05-31 02:11:57,901 - INFO - PRINT:    10 | 0.520198 | 0.636574 | 0.7161 | 0.6235 | 31.20
2025-05-31 02:11:57,901 - INFO - PRINT: 
Early stopping triggered after epoch 10
2025-05-31 02:11:57,901 - INFO - PRINT: Best validation PR-AUC: 0.8055
2025-05-31 02:12:52,053 - INFO - PRINT: ----------------------------------------------------------------------------------------------------
2025-05-31 02:12:52,053 - INFO - PRINT: FOLD: 3
2025-05-31 02:12:52,053 - INFO - PRINT: TRAIN: [6, 9, 11, 14, 15, 24, 28]
2025-05-31 02:12:52,053 - INFO - PRINT: VAL: [10, 31]
2025-05-31 02:12:53,333 - INFO - PRINT: Preparing sequences...
2025-05-31 02:13:01,901 - INFO - PRINT: Starting sequence preparation...
2025-05-31 02:13:01,962 - INFO - PRINT: Processing 10 sessions...
2025-05-31 02:13:02,758 - INFO - PRINT: Created 8562 sequences
2025-05-31 02:13:02,758 - INFO - PRINT: Sequences shape: (8562, 800, 7)
2025-05-31 02:13:03,311 - INFO - PRINT: Users in train:{6, 9, 11, 14, 15, 24, 28}
2025-05-31 02:13:03,424 - INFO - PRINT: Users in test:{10, 31}
2025-05-31 02:13:03,424 - INFO - PRINT: Number of windows for training:56045
2025-05-31 02:13:03,424 - INFO - PRINT: Number of windows for testing:8562
2025-05-31 02:13:03,464 - INFO - PRINT: Epoch | Train Loss |  Val Loss  |  Val PR-AUC  |  Val ROC-AUC  |  Epoch Time (s)
2025-05-31 02:13:03,464 - INFO - PRINT: -------------------------------------------------------------------------------------
2025-05-31 02:17:00,408 - INFO - PRINT:     1 | 0.581714 | 0.725236 | 0.9372 | 0.7952 | 224.66
2025-05-31 02:20:56,571 - INFO - PRINT:     2 | 0.558283 | 0.649794 | 0.9379 | 0.8020 | 223.94
2025-05-31 02:24:53,239 - INFO - PRINT:     3 | 0.554714 | 0.754336 | 0.9386 | 0.8075 | 224.47
2025-05-31 02:28:49,768 - INFO - PRINT:     4 | 0.539854 | 0.652091 | 0.9374 | 0.8029 | 224.34
2025-05-31 02:32:46,223 - INFO - PRINT:     5 | 0.526698 | 0.785431 | 0.9386 | 0.7994 | 224.25
2025-05-31 02:36:42,883 - INFO - PRINT:     6 | 0.516188 | 0.716086 | 0.9362 | 0.7939 | 224.37
2025-05-31 02:40:39,411 - INFO - PRINT:     7 | 0.513846 | 0.901726 | 0.9363 | 0.7921 | 224.31
2025-05-31 02:44:35,980 - INFO - PRINT:     8 | 0.507064 | 0.726474 | 0.9337 | 0.7864 | 224.35
2025-05-31 02:44:35,980 - INFO - PRINT: 
Early stopping triggered after epoch 8
2025-05-31 02:44:35,980 - INFO - PRINT: Best validation PR-AUC: 0.9386
2025-05-31 02:44:48,547 - INFO - PRINT: Validation ROC-AUC: 0.6745, PR-AUC: 0.8085, Accuracy: 0.7219, Sober Accuracy: 0.2667, Drunk Accuracy: 0.9503, F1: 0.8198, Threshold: 0.3200
2025-05-31 02:44:48,547 - INFO - PRINT: 
CONFIG 2: {'device': 'mps', 'window_size': 800, 'hidden_size': 64, 'num_layers': 2, 'batch_size': 128, 'dropout': 0.1, 'learning_rate': 0.001, 'epochs': 100, 'patience': 5, 'overlap_ratio': 0.5, 'runtime_log_fld': 'results/GRU_DATA_AUGMENTATION/20250530_233726'}

2025-05-31 02:44:48,547 - INFO - PRINT: ----------------------------------------------------------------------------------------------------
2025-05-31 02:44:48,547 - INFO - PRINT: FOLD: 1
2025-05-31 02:44:48,547 - INFO - PRINT: TRAIN: [9, 10, 14, 15, 24, 28, 31]
2025-05-31 02:44:48,547 - INFO - PRINT: VAL: [11, 6]
2025-05-31 02:44:50,030 - INFO - PRINT: Preparing sequences...
2025-05-31 02:44:59,832 - INFO - PRINT: Starting sequence preparation...
2025-05-31 02:44:59,858 - INFO - PRINT: Processing 5 sessions...
2025-05-31 02:45:00,148 - INFO - PRINT: Created 3115 sequences
2025-05-31 02:45:00,148 - INFO - PRINT: Sequences shape: (3115, 800, 7)
2025-05-31 02:45:00,766 - INFO - PRINT: Users in train:{9, 10, 14, 15, 24, 28, 31}
2025-05-31 02:45:00,806 - INFO - PRINT: Users in test:{11, 6}
2025-05-31 02:45:00,807 - INFO - PRINT: Number of windows for training:62704
2025-05-31 02:45:00,807 - INFO - PRINT: Number of windows for testing:3115
2025-05-31 02:45:00,878 - INFO - PRINT: Epoch | Train Loss |  Val Loss  |  Val PR-AUC  |  Val ROC-AUC  |  Epoch Time (s)
2025-05-31 02:45:00,878 - INFO - PRINT: -------------------------------------------------------------------------------------
2025-05-31 02:53:33,323 - INFO - PRINT:     1 | 0.588496 | 0.380590 | 0.9533 | 0.7124 | 503.74
2025-05-31 03:02:04,145 - INFO - PRINT:     2 | 0.565234 | 0.394877 | 0.9539 | 0.7146 | 502.08
2025-05-31 03:10:35,243 - INFO - PRINT:     3 | 0.545340 | 0.354171 | 0.9539 | 0.7109 | 502.38
2025-05-31 03:19:07,020 - INFO - PRINT:     4 | 0.511628 | 0.369310 | 0.9527 | 0.7076 | 503.15
2025-05-31 03:27:36,659 - INFO - PRINT:     5 | 0.489202 | 0.337860 | 0.9542 | 0.7146 | 500.96
2025-05-31 03:36:06,654 - INFO - PRINT:     6 | 0.455810 | 0.341691 | 0.9561 | 0.7218 | 501.30
2025-05-31 03:44:36,263 - INFO - PRINT:     7 | 0.448089 | 0.337372 | 0.9598 | 0.7447 | 500.95
2025-05-31 03:53:06,564 - INFO - PRINT:     8 | 0.438733 | 0.332255 | 0.9578 | 0.7339 | 501.63
2025-05-31 04:01:36,752 - INFO - PRINT:     9 | 0.422404 | 0.365369 | 0.9554 | 0.7195 | 501.45
2025-05-31 04:10:07,916 - INFO - PRINT:    10 | 0.420262 | 0.354843 | 0.9582 | 0.7380 | 502.45
2025-05-31 04:18:39,061 - INFO - PRINT:    11 | 0.407191 | 0.352279 | 0.9584 | 0.7419 | 502.44
2025-05-31 04:27:10,354 - INFO - PRINT:    12 | 0.419990 | 0.385835 | 0.9437 | 0.6823 | 502.57
2025-05-31 04:27:10,354 - INFO - PRINT: 
Early stopping triggered after epoch 12
2025-05-31 04:27:10,354 - INFO - PRINT: Best validation PR-AUC: 0.9598
2025-05-31 04:27:19,128 - INFO - PRINT: ----------------------------------------------------------------------------------------------------
2025-05-31 04:27:19,128 - INFO - PRINT: FOLD: 2
2025-05-31 04:27:19,128 - INFO - PRINT: TRAIN: [10, 11, 6, 31]
2025-05-31 04:27:19,128 - INFO - PRINT: VAL: [9, 14, 15, 24, 28]
2025-05-31 04:27:20,561 - INFO - PRINT: Preparing sequences...
2025-05-31 04:27:23,473 - INFO - PRINT: Starting sequence preparation...
2025-05-31 04:27:23,907 - INFO - PRINT: Processing 28 sessions...
2025-05-31 04:27:27,631 - INFO - PRINT: Created 37935 sequences
2025-05-31 04:27:27,632 - INFO - PRINT: Sequences shape: (37935, 800, 7)
2025-05-31 04:27:27,803 - INFO - PRINT: Users in train:{10, 11, 6, 31}
2025-05-31 04:27:28,306 - INFO - PRINT: Users in test:{9, 14, 15, 24, 28}
2025-05-31 04:27:28,306 - INFO - PRINT: Number of windows for training:7800
2025-05-31 04:27:28,306 - INFO - PRINT: Number of windows for testing:37935
2025-05-31 04:27:28,361 - INFO - PRINT: Epoch | Train Loss |  Val Loss  |  Val PR-AUC  |  Val ROC-AUC  |  Epoch Time (s)
2025-05-31 04:27:28,361 - INFO - PRINT: -------------------------------------------------------------------------------------
2025-05-31 04:30:15,648 - INFO - PRINT:     1 | 0.629198 | 0.575806 | 0.7968 | 0.7486 | 62.76
2025-05-31 04:33:00,555 - INFO - PRINT:     2 | 0.568627 | 0.578905 | 0.7980 | 0.7504 | 62.68
2025-05-31 04:35:42,133 - INFO - PRINT:     3 | 0.553997 | 0.571401 | 0.7984 | 0.7512 | 60.75
2025-05-31 04:38:22,803 - INFO - PRINT:     4 | 0.539410 | 0.585140 | 0.7987 | 0.7518 | 60.88
2025-05-31 04:41:03,571 - INFO - PRINT:     5 | 0.531761 | 0.593063 | 0.8016 | 0.7568 | 60.80
2025-05-31 04:43:44,914 - INFO - PRINT:     6 | 0.532981 | 0.605002 | 0.8065 | 0.7674 | 60.88
2025-05-31 04:46:26,609 - INFO - PRINT:     7 | 0.524745 | 0.597822 | 0.7978 | 0.7522 | 60.95
2025-05-31 04:49:08,605 - INFO - PRINT:     8 | 0.521864 | 0.609068 | 0.7548 | 0.6865 | 61.06
2025-05-31 04:51:49,864 - INFO - PRINT:     9 | 0.513456 | 0.622457 | 0.7443 | 0.6676 | 61.00
2025-05-31 04:54:31,167 - INFO - PRINT:    10 | 0.508602 | 0.597518 | 0.7774 | 0.7212 | 61.11
2025-05-31 04:57:12,668 - INFO - PRINT:    11 | 0.499378 | 0.617575 | 0.7547 | 0.6855 | 61.07
2025-05-31 04:57:12,668 - INFO - PRINT: 
Early stopping triggered after epoch 11
2025-05-31 04:57:12,668 - INFO - PRINT: Best validation PR-AUC: 0.8065
2025-05-31 04:58:52,887 - INFO - PRINT: ----------------------------------------------------------------------------------------------------
2025-05-31 04:58:52,887 - INFO - PRINT: FOLD: 3
2025-05-31 04:58:52,887 - INFO - PRINT: TRAIN: [6, 9, 11, 14, 15, 24, 28]
2025-05-31 04:58:52,887 - INFO - PRINT: VAL: [10, 31]
2025-05-31 04:58:54,347 - INFO - PRINT: Preparing sequences...
2025-05-31 04:59:03,026 - INFO - PRINT: Starting sequence preparation...
2025-05-31 04:59:03,097 - INFO - PRINT: Processing 10 sessions...
2025-05-31 04:59:03,904 - INFO - PRINT: Created 8562 sequences
2025-05-31 04:59:03,904 - INFO - PRINT: Sequences shape: (8562, 800, 7)
2025-05-31 04:59:04,455 - INFO - PRINT: Users in train:{6, 9, 11, 14, 15, 24, 28}
2025-05-31 04:59:04,568 - INFO - PRINT: Users in test:{10, 31}
2025-05-31 04:59:04,568 - INFO - PRINT: Number of windows for training:56045
2025-05-31 04:59:04,568 - INFO - PRINT: Number of windows for testing:8562
2025-05-31 04:59:04,623 - INFO - PRINT: Epoch | Train Loss |  Val Loss  |  Val PR-AUC  |  Val ROC-AUC  |  Epoch Time (s)
2025-05-31 04:59:04,623 - INFO - PRINT: -------------------------------------------------------------------------------------
2025-05-31 05:06:47,189 - INFO - PRINT:     1 | 0.569882 | 0.904866 | 0.9375 | 0.7967 | 440.03
2025-05-31 05:14:29,221 - INFO - PRINT:     2 | 0.551788 | 0.736216 | 0.9425 | 0.8102 | 439.47
2025-05-31 05:22:10,838 - INFO - PRINT:     3 | 0.530649 | 0.726162 | 0.9264 | 0.7878 | 438.99
2025-05-31 05:29:51,952 - INFO - PRINT:     4 | 0.537735 | 0.875890 | 0.9407 | 0.8082 | 438.58
2025-05-31 05:37:42,708 - INFO - PRINT:     5 | 0.537156 | 0.711151 | 0.9390 | 0.8074 | 447.17
2025-05-31 05:45:36,519 - INFO - PRINT:     6 | 0.522826 | 0.838432 | 0.9333 | 0.7956 | 450.40
2025-05-31 05:53:30,715 - INFO - PRINT:     7 | 0.522261 | 0.903987 | 0.9273 | 0.7951 | 450.69
2025-05-31 05:53:30,715 - INFO - PRINT: 
Early stopping triggered after epoch 7
2025-05-31 05:53:30,715 - INFO - PRINT: Best validation PR-AUC: 0.9425
2025-05-31 05:53:54,695 - INFO - PRINT: Validation ROC-AUC: 0.6892, PR-AUC: 0.8015, Accuracy: 0.7180, Sober Accuracy: 0.2958, Drunk Accuracy: 0.9298, F1: 0.8145, Threshold: 0.3200
2025-05-31 05:53:54,695 - INFO - PRINT: 
CONFIG 3: {'device': 'mps', 'window_size': 800, 'hidden_size': 64, 'num_layers': 2, 'batch_size': 128, 'dropout': 0.5, 'learning_rate': 0.001, 'epochs': 100, 'patience': 5, 'overlap_ratio': 0.5, 'runtime_log_fld': 'results/GRU_DATA_AUGMENTATION/20250530_233726'}

2025-05-31 05:53:54,695 - INFO - PRINT: ----------------------------------------------------------------------------------------------------
2025-05-31 05:53:54,696 - INFO - PRINT: FOLD: 1
2025-05-31 05:53:54,696 - INFO - PRINT: TRAIN: [9, 10, 14, 15, 24, 28, 31]
2025-05-31 05:53:54,696 - INFO - PRINT: VAL: [11, 6]
2025-05-31 05:53:56,500 - INFO - PRINT: Preparing sequences...
2025-05-31 05:54:05,914 - INFO - PRINT: Starting sequence preparation...
2025-05-31 05:54:05,943 - INFO - PRINT: Processing 5 sessions...
2025-05-31 05:54:06,236 - INFO - PRINT: Created 3115 sequences
2025-05-31 05:54:06,236 - INFO - PRINT: Sequences shape: (3115, 800, 7)
2025-05-31 05:54:06,836 - INFO - PRINT: Users in train:{9, 10, 14, 15, 24, 28, 31}
2025-05-31 05:54:06,874 - INFO - PRINT: Users in test:{11, 6}
2025-05-31 05:54:06,874 - INFO - PRINT: Number of windows for training:62704
2025-05-31 05:54:06,874 - INFO - PRINT: Number of windows for testing:3115
2025-05-31 05:54:06,941 - INFO - PRINT: Epoch | Train Loss |  Val Loss  |  Val PR-AUC  |  Val ROC-AUC  |  Epoch Time (s)
2025-05-31 05:54:06,941 - INFO - PRINT: -------------------------------------------------------------------------------------
2025-05-31 06:02:38,194 - INFO - PRINT:     1 | 0.596589 | 0.417438 | 0.9500 | 0.7025 | 502.53
2025-05-31 06:11:08,694 - INFO - PRINT:     2 | 0.571568 | 0.372175 | 0.9500 | 0.7049 | 501.82
2025-05-31 06:19:39,381 - INFO - PRINT:     3 | 0.549117 | 0.397662 | 0.9497 | 0.7023 | 502.01
2025-05-31 06:28:09,708 - INFO - PRINT:     4 | 0.520531 | 0.364371 | 0.9514 | 0.7107 | 501.64
2025-05-31 06:36:40,358 - INFO - PRINT:     5 | 0.502317 | 0.351206 | 0.9529 | 0.7140 | 501.93
2025-05-31 06:45:10,897 - INFO - PRINT:     6 | 0.492568 | 0.342613 | 0.9566 | 0.7283 | 501.83
2025-05-31 06:53:41,798 - INFO - PRINT:     7 | 0.477932 | 0.346566 | 0.9539 | 0.7126 | 502.17
2025-05-31 07:02:12,376 - INFO - PRINT:     8 | 0.471259 | 0.331772 | 0.9547 | 0.7189 | 501.88
2025-05-31 07:10:43,287 - INFO - PRINT:     9 | 0.470410 | 0.339515 | 0.9588 | 0.7400 | 502.19
2025-05-31 07:19:14,214 - INFO - PRINT:    10 | 0.464719 | 0.343734 | 0.9541 | 0.7178 | 502.21
2025-05-31 07:27:45,180 - INFO - PRINT:    11 | 0.486338 | 0.480195 | 0.9500 | 0.7021 | 502.23
2025-05-31 07:36:15,954 - INFO - PRINT:    12 | 0.497104 | 0.425982 | 0.9487 | 0.6990 | 502.06
2025-05-31 07:44:45,569 - INFO - PRINT:    13 | 0.480286 | 0.395348 | 0.9434 | 0.6736 | 500.89
2025-05-31 07:53:16,653 - INFO - PRINT:    14 | 0.460501 | 0.348253 | 0.9563 | 0.7247 | 502.37
2025-05-31 07:53:16,654 - INFO - PRINT: 
Early stopping triggered after epoch 14
2025-05-31 07:53:16,654 - INFO - PRINT: Best validation PR-AUC: 0.9588
2025-05-31 07:53:25,430 - INFO - PRINT: ----------------------------------------------------------------------------------------------------
2025-05-31 07:53:25,430 - INFO - PRINT: FOLD: 2
2025-05-31 07:53:25,430 - INFO - PRINT: TRAIN: [10, 11, 6, 31]
2025-05-31 07:53:25,430 - INFO - PRINT: VAL: [9, 14, 15, 24, 28]
2025-05-31 07:53:26,921 - INFO - PRINT: Preparing sequences...
2025-05-31 07:53:30,030 - INFO - PRINT: Starting sequence preparation...
2025-05-31 07:53:30,397 - INFO - PRINT: Processing 28 sessions...
2025-05-31 07:53:34,186 - INFO - PRINT: Created 37935 sequences
2025-05-31 07:53:34,186 - INFO - PRINT: Sequences shape: (37935, 800, 7)
2025-05-31 07:53:34,356 - INFO - PRINT: Users in train:{10, 11, 6, 31}
2025-05-31 07:53:34,852 - INFO - PRINT: Users in test:{9, 14, 15, 24, 28}
2025-05-31 07:53:34,852 - INFO - PRINT: Number of windows for training:7800
2025-05-31 07:53:34,852 - INFO - PRINT: Number of windows for testing:37935
2025-05-31 07:53:34,909 - INFO - PRINT: Epoch | Train Loss |  Val Loss  |  Val PR-AUC  |  Val ROC-AUC  |  Epoch Time (s)
2025-05-31 07:53:34,909 - INFO - PRINT: -------------------------------------------------------------------------------------
2025-05-31 07:56:22,717 - INFO - PRINT:     1 | 0.631068 | 0.570084 | 0.7966 | 0.7479 | 62.69
2025-05-31 07:59:09,413 - INFO - PRINT:     2 | 0.593489 | 0.564028 | 0.7975 | 0.7493 | 62.58
2025-05-31 08:01:57,018 - INFO - PRINT:     3 | 0.558718 | 0.570460 | 0.7978 | 0.7503 | 62.60
2025-05-31 08:04:44,690 - INFO - PRINT:     4 | 0.551816 | 0.591266 | 0.7985 | 0.7510 | 62.60
2025-05-31 08:07:31,598 - INFO - PRINT:     5 | 0.541563 | 0.595164 | 0.8027 | 0.7580 | 62.58
2025-05-31 08:10:18,515 - INFO - PRINT:     6 | 0.536611 | 0.597732 | 0.7866 | 0.7295 | 62.53
2025-05-31 08:13:05,408 - INFO - PRINT:     7 | 0.532101 | 0.598003 | 0.7529 | 0.6805 | 62.53
2025-05-31 08:15:52,399 - INFO - PRINT:     8 | 0.526929 | 0.588070 | 0.7593 | 0.6898 | 62.61
2025-05-31 08:18:39,275 - INFO - PRINT:     9 | 0.524379 | 0.600812 | 0.7602 | 0.6877 | 62.58
2025-05-31 08:21:26,154 - INFO - PRINT:    10 | 0.523835 | 0.610613 | 0.7730 | 0.7335 | 62.52
2025-05-31 08:21:26,154 - INFO - PRINT: 
Early stopping triggered after epoch 10
2025-05-31 08:21:26,154 - INFO - PRINT: Best validation PR-AUC: 0.8027
2025-05-31 08:23:10,477 - INFO - PRINT: ----------------------------------------------------------------------------------------------------
2025-05-31 08:23:10,477 - INFO - PRINT: FOLD: 3
2025-05-31 08:23:10,477 - INFO - PRINT: TRAIN: [6, 9, 11, 14, 15, 24, 28]
2025-05-31 08:23:10,477 - INFO - PRINT: VAL: [10, 31]
2025-05-31 08:23:12,153 - INFO - PRINT: Preparing sequences...
2025-05-31 08:23:20,608 - INFO - PRINT: Starting sequence preparation...
2025-05-31 08:23:20,688 - INFO - PRINT: Processing 10 sessions...
2025-05-31 08:23:21,499 - INFO - PRINT: Created 8562 sequences
2025-05-31 08:23:21,499 - INFO - PRINT: Sequences shape: (8562, 800, 7)
2025-05-31 08:23:22,042 - INFO - PRINT: Users in train:{6, 9, 11, 14, 15, 24, 28}
2025-05-31 08:23:22,148 - INFO - PRINT: Users in test:{10, 31}
2025-05-31 08:23:22,148 - INFO - PRINT: Number of windows for training:56045
2025-05-31 08:23:22,148 - INFO - PRINT: Number of windows for testing:8562
2025-05-31 08:23:22,215 - INFO - PRINT: Epoch | Train Loss |  Val Loss  |  Val PR-AUC  |  Val ROC-AUC  |  Epoch Time (s)
2025-05-31 08:23:22,215 - INFO - PRINT: -------------------------------------------------------------------------------------
2025-05-31 08:31:15,153 - INFO - PRINT:     1 | 0.581661 | 0.862845 | 0.9362 | 0.7933 | 449.48
2025-05-31 08:39:07,832 - INFO - PRINT:     2 | 0.559503 | 0.883899 | 0.9413 | 0.8091 | 449.52
2025-05-31 08:47:01,137 - INFO - PRINT:     3 | 0.541662 | 0.758653 | 0.9257 | 0.7959 | 449.84
2025-05-31 08:54:54,635 - INFO - PRINT:     4 | 0.524059 | 0.667449 | 0.9409 | 0.8082 | 449.84
2025-05-31 09:02:47,881 - INFO - PRINT:     5 | 0.496368 | 0.808428 | 0.9306 | 0.7829 | 449.78
2025-05-31 09:10:41,215 - INFO - PRINT:     6 | 0.500721 | 0.751691 | 0.9332 | 0.7891 | 449.87
2025-05-31 09:18:34,277 - INFO - PRINT:     7 | 0.487123 | 0.812849 | 0.9245 | 0.7729 | 449.61
2025-05-31 09:18:34,277 - INFO - PRINT: 
Early stopping triggered after epoch 7
2025-05-31 09:18:34,277 - INFO - PRINT: Best validation PR-AUC: 0.9413
2025-05-31 09:18:58,166 - INFO - PRINT: Validation ROC-AUC: 0.7435, PR-AUC: 0.8315, Accuracy: 0.7399, Sober Accuracy: 0.3554, Drunk Accuracy: 0.9329, F1: 0.8269, Threshold: 0.3100
2025-05-31 09:18:58,166 - INFO - PRINT: Updated best config: {'device': 'mps', 'window_size': 800, 'hidden_size': 64, 'num_layers': 2, 'batch_size': 128, 'dropout': 0.5, 'learning_rate': 0.001, 'epochs': 100, 'patience': 5, 'overlap_ratio': 0.5, 'runtime_log_fld': 'results/GRU_DATA_AUGMENTATION/20250530_233726'}, PR-AUC: 0.8315, Threshold: 0.3100, Epoch: 6.00
2025-05-31 09:18:58,166 - INFO - PRINT: 
CONFIG 4: {'device': 'mps', 'window_size': 800, 'hidden_size': 128, 'num_layers': 1, 'batch_size': 128, 'dropout': 0.1, 'learning_rate': 0.001, 'epochs': 100, 'patience': 5, 'overlap_ratio': 0.5, 'runtime_log_fld': 'results/GRU_DATA_AUGMENTATION/20250530_233726'}

2025-05-31 09:18:58,166 - INFO - PRINT: ----------------------------------------------------------------------------------------------------
2025-05-31 09:18:58,166 - INFO - PRINT: FOLD: 1
2025-05-31 09:18:58,166 - INFO - PRINT: TRAIN: [9, 10, 14, 15, 24, 28, 31]
2025-05-31 09:18:58,166 - INFO - PRINT: VAL: [11, 6]
2025-05-31 09:18:59,961 - INFO - PRINT: Preparing sequences...
2025-05-31 09:19:09,690 - INFO - PRINT: Starting sequence preparation...
2025-05-31 09:19:09,719 - INFO - PRINT: Processing 5 sessions...
2025-05-31 09:19:10,008 - INFO - PRINT: Created 3115 sequences
2025-05-31 09:19:10,008 - INFO - PRINT: Sequences shape: (3115, 800, 7)
2025-05-31 09:19:10,620 - INFO - PRINT: Users in train:{9, 10, 14, 15, 24, 28, 31}
2025-05-31 09:19:10,662 - INFO - PRINT: Users in test:{11, 6}
2025-05-31 09:19:10,662 - INFO - PRINT: Number of windows for training:62704
2025-05-31 09:19:10,662 - INFO - PRINT: Number of windows for testing:3115
2025-05-31 09:19:10,730 - INFO - PRINT: Epoch | Train Loss |  Val Loss  |  Val PR-AUC  |  Val ROC-AUC  |  Epoch Time (s)
2025-05-31 09:19:10,731 - INFO - PRINT: -------------------------------------------------------------------------------------
2025-05-31 09:23:44,157 - INFO - PRINT:     1 | 0.586786 | 0.418127 | 0.9489 | 0.6966 | 268.75
2025-05-31 09:28:16,170 - INFO - PRINT:     2 | 0.553079 | 0.361234 | 0.9536 | 0.7146 | 267.29
2025-05-31 09:32:48,383 - INFO - PRINT:     3 | 0.532115 | 0.470094 | 0.9552 | 0.7203 | 267.51
2025-05-31 09:37:20,832 - INFO - PRINT:     4 | 0.515541 | 0.361286 | 0.9522 | 0.7061 | 267.77
2025-05-31 09:41:52,258 - INFO - PRINT:     5 | 0.502349 | 0.346218 | 0.9502 | 0.6942 | 266.73
2025-05-31 09:46:24,646 - INFO - PRINT:     6 | 0.559341 | 0.596375 | 0.9135 | 0.6287 | 267.71
2025-05-31 09:50:56,938 - INFO - PRINT:     7 | 0.582277 | 0.411954 | 0.9510 | 0.7113 | 267.58
2025-05-31 09:55:27,592 - INFO - PRINT:     8 | 0.557771 | 0.384656 | 0.9517 | 0.7119 | 265.99
2025-05-31 09:55:27,592 - INFO - PRINT: 
Early stopping triggered after epoch 8
2025-05-31 09:55:27,592 - INFO - PRINT: Best validation PR-AUC: 0.9552
2025-05-31 09:55:32,305 - INFO - PRINT: ----------------------------------------------------------------------------------------------------
2025-05-31 09:55:32,305 - INFO - PRINT: FOLD: 2
2025-05-31 09:55:32,305 - INFO - PRINT: TRAIN: [10, 11, 6, 31]
2025-05-31 09:55:32,305 - INFO - PRINT: VAL: [9, 14, 15, 24, 28]
2025-05-31 09:55:33,802 - INFO - PRINT: Preparing sequences...
2025-05-31 09:55:36,692 - INFO - PRINT: Starting sequence preparation...
2025-05-31 09:55:37,211 - INFO - PRINT: Processing 28 sessions...
2025-05-31 09:55:40,997 - INFO - PRINT: Created 37935 sequences
2025-05-31 09:55:40,998 - INFO - PRINT: Sequences shape: (37935, 800, 7)
2025-05-31 09:55:41,171 - INFO - PRINT: Users in train:{10, 11, 6, 31}
2025-05-31 09:55:41,672 - INFO - PRINT: Users in test:{9, 14, 15, 24, 28}
2025-05-31 09:55:41,672 - INFO - PRINT: Number of windows for training:7800
2025-05-31 09:55:41,673 - INFO - PRINT: Number of windows for testing:37935
2025-05-31 09:55:41,734 - INFO - PRINT: Epoch | Train Loss |  Val Loss  |  Val PR-AUC  |  Val ROC-AUC  |  Epoch Time (s)
2025-05-31 09:55:41,734 - INFO - PRINT: -------------------------------------------------------------------------------------
2025-05-31 09:57:11,049 - INFO - PRINT:     1 | 0.614965 | 0.570876 | 0.7969 | 0.7479 | 33.49
2025-05-31 09:58:39,914 - INFO - PRINT:     2 | 0.566201 | 0.566323 | 0.7984 | 0.7495 | 33.37
2025-05-31 10:00:08,635 - INFO - PRINT:     3 | 0.547668 | 0.587175 | 0.7987 | 0.7506 | 33.19
2025-05-31 10:01:37,652 - INFO - PRINT:     4 | 0.547852 | 0.567550 | 0.7998 | 0.7519 | 33.22
2025-05-31 10:03:06,689 - INFO - PRINT:     5 | 0.541300 | 0.574021 | 0.8022 | 0.7569 | 33.24
2025-05-31 10:04:35,752 - INFO - PRINT:     6 | 0.547609 | 0.621976 | 0.7863 | 0.7396 | 33.31
2025-05-31 10:06:04,905 - INFO - PRINT:     7 | 0.524683 | 0.610009 | 0.7751 | 0.7214 | 33.24
2025-05-31 10:07:34,073 - INFO - PRINT:     8 | 0.518233 | 0.594131 | 0.7607 | 0.7054 | 33.26
2025-05-31 10:09:03,182 - INFO - PRINT:     9 | 0.511400 | 0.633093 | 0.7537 | 0.6950 | 33.18
2025-05-31 10:10:32,164 - INFO - PRINT:    10 | 0.510158 | 0.620127 | 0.7582 | 0.7025 | 33.24
2025-05-31 10:10:32,164 - INFO - PRINT: 
Early stopping triggered after epoch 10
2025-05-31 10:10:32,164 - INFO - PRINT: Best validation PR-AUC: 0.8022
2025-05-31 10:11:27,924 - INFO - PRINT: ----------------------------------------------------------------------------------------------------
2025-05-31 10:11:27,924 - INFO - PRINT: FOLD: 3
2025-05-31 10:11:27,924 - INFO - PRINT: TRAIN: [6, 9, 11, 14, 15, 24, 28]
2025-05-31 10:11:27,924 - INFO - PRINT: VAL: [10, 31]
2025-05-31 10:11:29,337 - INFO - PRINT: Preparing sequences...
2025-05-31 10:11:37,828 - INFO - PRINT: Starting sequence preparation...
2025-05-31 10:11:37,896 - INFO - PRINT: Processing 10 sessions...
2025-05-31 10:11:38,706 - INFO - PRINT: Created 8562 sequences
2025-05-31 10:11:38,706 - INFO - PRINT: Sequences shape: (8562, 800, 7)
2025-05-31 10:11:39,267 - INFO - PRINT: Users in train:{6, 9, 11, 14, 15, 24, 28}
2025-05-31 10:11:39,383 - INFO - PRINT: Users in test:{10, 31}
2025-05-31 10:11:39,383 - INFO - PRINT: Number of windows for training:56045
2025-05-31 10:11:39,383 - INFO - PRINT: Number of windows for testing:8562
2025-05-31 10:11:39,434 - INFO - PRINT: Epoch | Train Loss |  Val Loss  |  Val PR-AUC  |  Val ROC-AUC  |  Epoch Time (s)
2025-05-31 10:11:39,434 - INFO - PRINT: -------------------------------------------------------------------------------------
2025-05-31 10:15:50,523 - INFO - PRINT:     1 | 0.574706 | 0.702977 | 0.9424 | 0.8079 | 238.64
2025-05-31 10:20:04,559 - INFO - PRINT:     2 | 0.542209 | 0.750097 | 0.9309 | 0.7942 | 241.05
2025-05-31 10:24:20,799 - INFO - PRINT:     3 | 0.524664 | 0.784739 | 0.8966 | 0.7633 | 243.18
2025-05-31 10:28:41,368 - INFO - PRINT:     4 | 0.518850 | 0.792153 | 0.9365 | 0.7917 | 247.49
2025-05-31 10:33:01,518 - INFO - PRINT:     5 | 0.493159 | 0.761031 | 0.8780 | 0.7363 | 247.24
2025-05-31 10:37:19,065 - INFO - PRINT:     6 | 0.498894 | 0.707781 | 0.9368 | 0.7964 | 244.62
2025-05-31 10:37:19,066 - INFO - PRINT: 
Early stopping triggered after epoch 6
2025-05-31 10:37:19,066 - INFO - PRINT: Best validation PR-AUC: 0.9424
2025-05-31 10:37:32,562 - INFO - PRINT: Validation ROC-AUC: 0.7138, PR-AUC: 0.8099, Accuracy: 0.7477, Sober Accuracy: 0.3431, Drunk Accuracy: 0.9507, F1: 0.8338, Threshold: 0.3200
2025-05-31 10:37:32,562 - INFO - PRINT: 
CONFIG 5: {'device': 'mps', 'window_size': 800, 'hidden_size': 128, 'num_layers': 1, 'batch_size': 128, 'dropout': 0.5, 'learning_rate': 0.001, 'epochs': 100, 'patience': 5, 'overlap_ratio': 0.5, 'runtime_log_fld': 'results/GRU_DATA_AUGMENTATION/20250530_233726'}

2025-05-31 10:37:32,562 - INFO - PRINT: ----------------------------------------------------------------------------------------------------
2025-05-31 10:37:32,562 - INFO - PRINT: FOLD: 1
2025-05-31 10:37:32,562 - INFO - PRINT: TRAIN: [9, 10, 14, 15, 24, 28, 31]
2025-05-31 10:37:32,562 - INFO - PRINT: VAL: [11, 6]
2025-05-31 10:37:35,219 - INFO - PRINT: Preparing sequences...
2025-05-31 10:37:46,694 - INFO - PRINT: Starting sequence preparation...
2025-05-31 10:37:46,725 - INFO - PRINT: Processing 5 sessions...
2025-05-31 10:37:47,069 - INFO - PRINT: Created 3115 sequences
2025-05-31 10:37:47,069 - INFO - PRINT: Sequences shape: (3115, 800, 7)
2025-05-31 10:37:47,690 - INFO - PRINT: Users in train:{9, 10, 14, 15, 24, 28, 31}
2025-05-31 10:37:47,731 - INFO - PRINT: Users in test:{11, 6}
2025-05-31 10:37:47,731 - INFO - PRINT: Number of windows for training:62704
2025-05-31 10:37:47,731 - INFO - PRINT: Number of windows for testing:3115
2025-05-31 10:37:47,891 - INFO - PRINT: Epoch | Train Loss |  Val Loss  |  Val PR-AUC  |  Val ROC-AUC  |  Epoch Time (s)
2025-05-31 10:37:47,891 - INFO - PRINT: -------------------------------------------------------------------------------------
2025-05-31 10:42:28,652 - INFO - PRINT:     1 | 0.596965 | 0.450987 | 0.9483 | 0.6972 | 275.96
2025-05-31 10:47:02,656 - INFO - PRINT:     2 | 0.573333 | 0.411817 | 0.9498 | 0.7023 | 269.32
2025-05-31 10:51:34,670 - INFO - PRINT:     3 | 0.563592 | 0.386639 | 0.9453 | 0.6735 | 267.38
2025-05-31 10:56:07,155 - INFO - PRINT:     4 | 0.561091 | 0.403301 | 0.9447 | 0.6809 | 267.79
2025-05-31 11:00:38,811 - INFO - PRINT:     5 | 0.555139 | 0.366412 | 0.9502 | 0.7002 | 267.18
2025-05-31 11:05:10,655 - INFO - PRINT:     6 | 0.544244 | 0.339403 | 0.9556 | 0.7213 | 267.19
2025-05-31 11:09:42,447 - INFO - PRINT:     7 | 0.545342 | 0.363696 | 0.9537 | 0.7171 | 267.15
2025-05-31 11:14:14,362 - INFO - PRINT:     8 | 0.526098 | 0.391613 | 0.9439 | 0.6863 | 267.24
2025-05-31 11:18:46,127 - INFO - PRINT:     9 | 0.517389 | 0.355114 | 0.9509 | 0.7029 | 267.09
2025-05-31 11:23:17,880 - INFO - PRINT:    10 | 0.504170 | 0.354503 | 0.9586 | 0.7382 | 267.08
2025-05-31 11:27:50,069 - INFO - PRINT:    11 | 0.491760 | 0.351154 | 0.9538 | 0.7254 | 267.51
2025-05-31 11:32:22,308 - INFO - PRINT:    12 | 0.476032 | 0.351651 | 0.9519 | 0.7220 | 267.57
2025-05-31 11:36:54,441 - INFO - PRINT:    13 | 0.466594 | 0.379459 | 0.9500 | 0.7228 | 267.44
2025-05-31 11:41:25,946 - INFO - PRINT:    14 | 0.456668 | 0.356008 | 0.9570 | 0.7279 | 266.80
2025-05-31 11:45:57,360 - INFO - PRINT:    15 | 0.482088 | 0.374128 | 0.9484 | 0.7174 | 266.74
2025-05-31 11:45:57,360 - INFO - PRINT: 
Early stopping triggered after epoch 15
2025-05-31 11:45:57,360 - INFO - PRINT: Best validation PR-AUC: 0.9586
2025-05-31 11:46:02,093 - INFO - PRINT: ----------------------------------------------------------------------------------------------------
2025-05-31 11:46:02,093 - INFO - PRINT: FOLD: 2
2025-05-31 11:46:02,093 - INFO - PRINT: TRAIN: [10, 11, 6, 31]
2025-05-31 11:46:02,093 - INFO - PRINT: VAL: [9, 14, 15, 24, 28]
2025-05-31 11:46:03,887 - INFO - PRINT: Preparing sequences...
2025-05-31 11:46:06,764 - INFO - PRINT: Starting sequence preparation...
2025-05-31 11:46:07,075 - INFO - PRINT: Processing 28 sessions...
2025-05-31 11:46:10,838 - INFO - PRINT: Created 37935 sequences
2025-05-31 11:46:10,838 - INFO - PRINT: Sequences shape: (37935, 800, 7)
2025-05-31 11:46:11,003 - INFO - PRINT: Users in train:{10, 11, 6, 31}
2025-05-31 11:46:11,477 - INFO - PRINT: Users in test:{9, 14, 15, 24, 28}
2025-05-31 11:46:11,477 - INFO - PRINT: Number of windows for training:7800
2025-05-31 11:46:11,477 - INFO - PRINT: Number of windows for testing:37935
2025-05-31 11:46:11,523 - INFO - PRINT: Epoch | Train Loss |  Val Loss  |  Val PR-AUC  |  Val ROC-AUC  |  Epoch Time (s)
2025-05-31 11:46:11,523 - INFO - PRINT: -------------------------------------------------------------------------------------
2025-05-31 11:47:40,996 - INFO - PRINT:     1 | 0.637644 | 0.573044 | 0.7963 | 0.7475 | 33.37
2025-05-31 11:49:10,242 - INFO - PRINT:     2 | 0.586119 | 0.611810 | 0.7980 | 0.7492 | 33.33
2025-05-31 11:50:39,509 - INFO - PRINT:     3 | 0.566742 | 0.598948 | 0.7990 | 0.7509 | 33.33
2025-05-31 11:52:08,802 - INFO - PRINT:     4 | 0.558274 | 0.588704 | 0.7997 | 0.7498 | 33.24
2025-05-31 11:53:38,140 - INFO - PRINT:     5 | 0.553549 | 0.598809 | 0.8020 | 0.7587 | 33.30
2025-05-31 11:55:07,269 - INFO - PRINT:     6 | 0.537484 | 0.612489 | 0.7521 | 0.6928 | 33.31
2025-05-31 11:56:34,768 - INFO - PRINT:     7 | 0.539266 | 0.600018 | 0.7807 | 0.7288 | 32.80
2025-05-31 11:58:02,779 - INFO - PRINT:     8 | 0.535564 | 0.601184 | 0.7909 | 0.7402 | 33.34
2025-05-31 11:59:29,043 - INFO - PRINT:     9 | 0.526922 | 0.596179 | 0.7720 | 0.7229 | 32.25
2025-05-31 12:00:54,820 - INFO - PRINT:    10 | 0.519602 | 0.593022 | 0.7797 | 0.7193 | 31.88
2025-05-31 12:00:54,821 - INFO - PRINT: 
Early stopping triggered after epoch 10
2025-05-31 12:00:54,821 - INFO - PRINT: Best validation PR-AUC: 0.8020
2025-05-31 12:01:50,724 - INFO - PRINT: ----------------------------------------------------------------------------------------------------
2025-05-31 12:01:50,724 - INFO - PRINT: FOLD: 3
2025-05-31 12:01:50,724 - INFO - PRINT: TRAIN: [6, 9, 11, 14, 15, 24, 28]
2025-05-31 12:01:50,724 - INFO - PRINT: VAL: [10, 31]
2025-05-31 12:01:51,991 - INFO - PRINT: Preparing sequences...
2025-05-31 12:02:00,609 - INFO - PRINT: Starting sequence preparation...
2025-05-31 12:02:00,669 - INFO - PRINT: Processing 10 sessions...
2025-05-31 12:02:01,463 - INFO - PRINT: Created 8562 sequences
2025-05-31 12:02:01,463 - INFO - PRINT: Sequences shape: (8562, 800, 7)
2025-05-31 12:02:02,010 - INFO - PRINT: Users in train:{6, 9, 11, 14, 15, 24, 28}
2025-05-31 12:02:02,128 - INFO - PRINT: Users in test:{10, 31}
2025-05-31 12:02:02,128 - INFO - PRINT: Number of windows for training:56045
2025-05-31 12:02:02,128 - INFO - PRINT: Number of windows for testing:8562
2025-05-31 12:02:02,166 - INFO - PRINT: Epoch | Train Loss |  Val Loss  |  Val PR-AUC  |  Val ROC-AUC  |  Epoch Time (s)
2025-05-31 12:02:02,166 - INFO - PRINT: -------------------------------------------------------------------------------------
2025-05-31 12:06:09,270 - INFO - PRINT:     1 | 0.581649 | 0.882414 | 0.9380 | 0.7969 | 234.52
2025-05-31 12:10:21,226 - INFO - PRINT:     2 | 0.558948 | 0.666046 | 0.9333 | 0.8075 | 239.36
2025-05-31 12:14:33,325 - INFO - PRINT:     3 | 0.538210 | 0.756504 | 0.9176 | 0.7748 | 239.46
2025-05-31 12:18:45,546 - INFO - PRINT:     4 | 0.554291 | 0.820747 | 0.9423 | 0.8143 | 239.60
2025-05-31 12:22:57,728 - INFO - PRINT:     5 | 0.546050 | 0.697107 | 0.9396 | 0.8090 | 239.61
2025-05-31 12:27:09,261 - INFO - PRINT:     6 | 0.527861 | 0.800283 | 0.9265 | 0.7928 | 238.95
2025-05-31 12:31:21,144 - INFO - PRINT:     7 | 0.519094 | 0.708279 | 0.9196 | 0.7895 | 239.35
2025-05-31 12:35:33,335 - INFO - PRINT:     8 | 0.495227 | 0.772493 | 0.9339 | 0.7868 | 239.61
2025-05-31 12:39:44,760 - INFO - PRINT:     9 | 0.486222 | 0.739082 | 0.9317 | 0.7893 | 238.99
2025-05-31 12:39:44,760 - INFO - PRINT: 
Early stopping triggered after epoch 9
2025-05-31 12:39:44,760 - INFO - PRINT: Best validation PR-AUC: 0.9423
2025-05-31 12:39:57,733 - INFO - PRINT: Validation ROC-AUC: 0.7283, PR-AUC: 0.8300, Accuracy: 0.7274, Sober Accuracy: 0.3194, Drunk Accuracy: 0.9322, F1: 0.8200, Threshold: 0.3900
2025-05-31 12:39:57,733 - INFO - PRINT: 
CONFIG 6: {'device': 'mps', 'window_size': 800, 'hidden_size': 128, 'num_layers': 2, 'batch_size': 128, 'dropout': 0.1, 'learning_rate': 0.001, 'epochs': 100, 'patience': 5, 'overlap_ratio': 0.5, 'runtime_log_fld': 'results/GRU_DATA_AUGMENTATION/20250530_233726'}

2025-05-31 12:39:57,733 - INFO - PRINT: ----------------------------------------------------------------------------------------------------
2025-05-31 12:39:57,733 - INFO - PRINT: FOLD: 1
2025-05-31 12:39:57,733 - INFO - PRINT: TRAIN: [9, 10, 14, 15, 24, 28, 31]
2025-05-31 12:39:57,733 - INFO - PRINT: VAL: [11, 6]
2025-05-31 12:39:59,157 - INFO - PRINT: Preparing sequences...
2025-05-31 12:40:09,291 - INFO - PRINT: Starting sequence preparation...
2025-05-31 12:40:09,318 - INFO - PRINT: Processing 5 sessions...
2025-05-31 12:40:09,610 - INFO - PRINT: Created 3115 sequences
2025-05-31 12:40:09,610 - INFO - PRINT: Sequences shape: (3115, 800, 7)
2025-05-31 12:40:10,250 - INFO - PRINT: Users in train:{9, 10, 14, 15, 24, 28, 31}
2025-05-31 12:40:10,292 - INFO - PRINT: Users in test:{11, 6}
2025-05-31 12:40:10,292 - INFO - PRINT: Number of windows for training:62704
2025-05-31 12:40:10,292 - INFO - PRINT: Number of windows for testing:3115
2025-05-31 12:40:10,365 - INFO - PRINT: Epoch | Train Loss |  Val Loss  |  Val PR-AUC  |  Val ROC-AUC  |  Epoch Time (s)
2025-05-31 12:40:10,366 - INFO - PRINT: -------------------------------------------------------------------------------------
2025-05-31 12:49:24,628 - INFO - PRINT:     1 | 0.583545 | 0.370255 | 0.9547 | 0.7181 | 545.08
2025-05-31 12:58:38,456 - INFO - PRINT:     2 | 0.549659 | 0.410215 | 0.9517 | 0.7037 | 544.65
2025-05-31 13:07:52,431 - INFO - PRINT:     3 | 0.527939 | 0.325637 | 0.9573 | 0.7301 | 544.77
2025-05-31 13:17:07,205 - INFO - PRINT:     4 | 0.507610 | 0.364122 | 0.9508 | 0.7021 | 545.57
2025-05-31 13:26:22,670 - INFO - PRINT:     5 | 0.482976 | 0.324783 | 0.9577 | 0.7321 | 546.23
2025-05-31 13:35:36,639 - INFO - PRINT:     6 | 0.457945 | 0.343401 | 0.9526 | 0.7045 | 544.79
2025-05-31 13:44:52,022 - INFO - PRINT:     7 | 0.439531 | 0.331177 | 0.9585 | 0.7375 | 546.19
2025-05-31 13:54:07,622 - INFO - PRINT:     8 | 0.423055 | 0.339268 | 0.9595 | 0.7440 | 546.39
2025-05-31 14:03:22,958 - INFO - PRINT:     9 | 0.409026 | 0.332671 | 0.9603 | 0.7529 | 546.13
2025-05-31 14:12:38,094 - INFO - PRINT:    10 | 0.397180 | 0.332362 | 0.9605 | 0.7500 | 545.94
2025-05-31 14:21:53,668 - INFO - PRINT:    11 | 0.385588 | 0.344403 | 0.9608 | 0.7578 | 546.36
2025-05-31 14:31:09,560 - INFO - PRINT:    12 | 0.383589 | 0.375403 | 0.9562 | 0.7337 | 546.62
2025-05-31 14:40:24,890 - INFO - PRINT:    13 | 0.386766 | 0.358052 | 0.9573 | 0.7378 | 546.12
2025-05-31 14:49:39,295 - INFO - PRINT:    14 | 0.365925 | 0.359086 | 0.9548 | 0.7296 | 545.14
2025-05-31 14:58:54,981 - INFO - PRINT:    15 | 0.359205 | 0.413828 | 0.9506 | 0.7154 | 546.43
2025-05-31 15:08:11,081 - INFO - PRINT:    16 | 0.345634 | 0.378958 | 0.9563 | 0.7396 | 546.87
2025-05-31 15:08:11,082 - INFO - PRINT: 
Early stopping triggered after epoch 16
2025-05-31 15:08:11,082 - INFO - PRINT: Best validation PR-AUC: 0.9608
2025-05-31 15:08:20,390 - INFO - PRINT: ----------------------------------------------------------------------------------------------------
2025-05-31 15:08:20,390 - INFO - PRINT: FOLD: 2
2025-05-31 15:08:20,390 - INFO - PRINT: TRAIN: [10, 11, 6, 31]
2025-05-31 15:08:20,390 - INFO - PRINT: VAL: [9, 14, 15, 24, 28]
2025-05-31 15:08:22,049 - INFO - PRINT: Preparing sequences...
2025-05-31 15:08:24,973 - INFO - PRINT: Starting sequence preparation...
2025-05-31 15:08:25,309 - INFO - PRINT: Processing 28 sessions...
2025-05-31 15:08:29,151 - INFO - PRINT: Created 37935 sequences
2025-05-31 15:08:29,151 - INFO - PRINT: Sequences shape: (37935, 800, 7)
2025-05-31 15:08:29,323 - INFO - PRINT: Users in train:{10, 11, 6, 31}
2025-05-31 15:08:29,826 - INFO - PRINT: Users in test:{9, 14, 15, 24, 28}
2025-05-31 15:08:29,826 - INFO - PRINT: Number of windows for training:7800
2025-05-31 15:08:29,826 - INFO - PRINT: Number of windows for testing:37935
2025-05-31 15:08:29,876 - INFO - PRINT: Epoch | Train Loss |  Val Loss  |  Val PR-AUC  |  Val ROC-AUC  |  Epoch Time (s)
2025-05-31 15:08:29,876 - INFO - PRINT: -------------------------------------------------------------------------------------
2025-05-31 15:11:28,647 - INFO - PRINT:     1 | 0.608300 | 0.565655 | 0.7973 | 0.7486 | 68.03
2025-05-31 15:14:27,304 - INFO - PRINT:     2 | 0.571831 | 0.578815 | 0.7992 | 0.7510 | 68.11
2025-05-31 15:17:27,178 - INFO - PRINT:     3 | 0.548920 | 0.596494 | 0.8042 | 0.7599 | 68.04
2025-05-31 15:20:25,767 - INFO - PRINT:     4 | 0.535907 | 0.575481 | 0.8050 | 0.7622 | 68.11
2025-05-31 15:23:24,284 - INFO - PRINT:     5 | 0.523165 | 0.579782 | 0.7866 | 0.7337 | 68.09
2025-05-31 15:26:23,330 - INFO - PRINT:     6 | 0.524897 | 0.626095 | 0.7567 | 0.7009 | 68.16
2025-05-31 15:29:21,992 - INFO - PRINT:     7 | 0.511188 | 0.634567 | 0.7420 | 0.6618 | 68.21
2025-05-31 15:32:20,761 - INFO - PRINT:     8 | 0.496773 | 0.654429 | 0.7794 | 0.7348 | 68.15
2025-05-31 15:35:19,539 - INFO - PRINT:     9 | 0.500777 | 0.650813 | 0.7430 | 0.6800 | 68.33
2025-05-31 15:35:19,539 - INFO - PRINT: 
Early stopping triggered after epoch 9
2025-05-31 15:35:19,539 - INFO - PRINT: Best validation PR-AUC: 0.8050
2025-05-31 15:37:10,090 - INFO - PRINT: ----------------------------------------------------------------------------------------------------
2025-05-31 15:37:10,090 - INFO - PRINT: FOLD: 3
2025-05-31 15:37:10,090 - INFO - PRINT: TRAIN: [6, 9, 11, 14, 15, 24, 28]
2025-05-31 15:37:10,090 - INFO - PRINT: VAL: [10, 31]
2025-05-31 15:37:11,439 - INFO - PRINT: Preparing sequences...
2025-05-31 15:37:19,933 - INFO - PRINT: Starting sequence preparation...
2025-05-31 15:37:19,992 - INFO - PRINT: Processing 10 sessions...
2025-05-31 15:37:20,797 - INFO - PRINT: Created 8562 sequences
2025-05-31 15:37:20,798 - INFO - PRINT: Sequences shape: (8562, 800, 7)
2025-05-31 15:37:21,358 - INFO - PRINT: Users in train:{6, 9, 11, 14, 15, 24, 28}
2025-05-31 15:37:21,474 - INFO - PRINT: Users in test:{10, 31}
2025-05-31 15:37:21,474 - INFO - PRINT: Number of windows for training:56045
2025-05-31 15:37:21,474 - INFO - PRINT: Number of windows for testing:8562
2025-05-31 15:37:21,515 - INFO - PRINT: Epoch | Train Loss |  Val Loss  |  Val PR-AUC  |  Val ROC-AUC  |  Epoch Time (s)
2025-05-31 15:37:21,515 - INFO - PRINT: -------------------------------------------------------------------------------------
2025-05-31 15:45:57,144 - INFO - PRINT:     1 | 0.573170 | 0.911229 | 0.9405 | 0.8048 | 490.62
2025-05-31 15:54:33,196 - INFO - PRINT:     2 | 0.539147 | 0.682958 | 0.9304 | 0.7884 | 491.22
2025-05-31 16:03:09,253 - INFO - PRINT:     3 | 0.495609 | 0.601692 | 0.9207 | 0.7723 | 491.19
2025-05-31 16:11:44,687 - INFO - PRINT:     4 | 0.467547 | 0.715488 | 0.8948 | 0.7399 | 490.55
2025-05-31 16:20:20,323 - INFO - PRINT:     5 | 0.486372 | 0.795113 | 0.8867 | 0.7343 | 490.74
2025-05-31 16:28:56,098 - INFO - PRINT:     6 | 0.471137 | 0.797905 | 0.9323 | 0.7875 | 490.86
2025-05-31 16:28:56,098 - INFO - PRINT: 
Early stopping triggered after epoch 6
2025-05-31 16:28:56,098 - INFO - PRINT: Best validation PR-AUC: 0.9405
2025-05-31 16:29:21,546 - INFO - PRINT: Validation ROC-AUC: 0.6920, PR-AUC: 0.8023, Accuracy: 0.7246, Sober Accuracy: 0.3136, Drunk Accuracy: 0.9308, F1: 0.8182, Threshold: 0.3600
2025-05-31 16:29:21,546 - INFO - PRINT: 
CONFIG 7: {'device': 'mps', 'window_size': 800, 'hidden_size': 128, 'num_layers': 2, 'batch_size': 128, 'dropout': 0.5, 'learning_rate': 0.001, 'epochs': 100, 'patience': 5, 'overlap_ratio': 0.5, 'runtime_log_fld': 'results/GRU_DATA_AUGMENTATION/20250530_233726'}

2025-05-31 16:29:21,546 - INFO - PRINT: ----------------------------------------------------------------------------------------------------
2025-05-31 16:29:21,546 - INFO - PRINT: FOLD: 1
2025-05-31 16:29:21,546 - INFO - PRINT: TRAIN: [9, 10, 14, 15, 24, 28, 31]
2025-05-31 16:29:21,546 - INFO - PRINT: VAL: [11, 6]
2025-05-31 16:29:23,191 - INFO - PRINT: Preparing sequences...
2025-05-31 16:29:33,093 - INFO - PRINT: Starting sequence preparation...
2025-05-31 16:29:33,122 - INFO - PRINT: Processing 5 sessions...
2025-05-31 16:29:33,415 - INFO - PRINT: Created 3115 sequences
2025-05-31 16:29:33,415 - INFO - PRINT: Sequences shape: (3115, 800, 7)
2025-05-31 16:29:34,019 - INFO - PRINT: Users in train:{9, 10, 14, 15, 24, 28, 31}
2025-05-31 16:29:34,059 - INFO - PRINT: Users in test:{11, 6}
2025-05-31 16:29:34,059 - INFO - PRINT: Number of windows for training:62704
2025-05-31 16:29:34,059 - INFO - PRINT: Number of windows for testing:3115
2025-05-31 16:29:34,130 - INFO - PRINT: Epoch | Train Loss |  Val Loss  |  Val PR-AUC  |  Val ROC-AUC  |  Epoch Time (s)
2025-05-31 16:29:34,130 - INFO - PRINT: -------------------------------------------------------------------------------------
2025-05-31 16:38:51,364 - INFO - PRINT:     1 | 0.596402 | 0.385874 | 0.9491 | 0.6989 | 548.07
2025-05-31 16:48:06,815 - INFO - PRINT:     2 | 0.570620 | 0.376017 | 0.9494 | 0.6960 | 546.27
2025-05-31 16:57:22,597 - INFO - PRINT:     3 | 0.550229 | 0.457758 | 0.9579 | 0.7338 | 546.58
2025-05-31 17:06:38,977 - INFO - PRINT:     4 | 0.535931 | 0.413058 | 0.9546 | 0.7205 | 547.20
2025-05-31 17:15:55,899 - INFO - PRINT:     5 | 0.573302 | 0.453651 | 0.9278 | 0.6448 | 547.72
2025-05-31 17:25:12,487 - INFO - PRINT:     6 | 0.575848 | 0.412910 | 0.9336 | 0.6526 | 547.32
2025-05-31 17:34:29,371 - INFO - PRINT:     7 | 0.565054 | 0.407826 | 0.9404 | 0.6677 | 547.66
2025-05-31 17:43:45,640 - INFO - PRINT:     8 | 0.558880 | 0.402256 | 0.9434 | 0.6778 | 547.08
2025-05-31 17:43:45,640 - INFO - PRINT: 
Early stopping triggered after epoch 8
2025-05-31 17:43:45,640 - INFO - PRINT: Best validation PR-AUC: 0.9579
2025-05-31 17:43:54,901 - INFO - PRINT: ----------------------------------------------------------------------------------------------------
2025-05-31 17:43:54,901 - INFO - PRINT: FOLD: 2
2025-05-31 17:43:54,901 - INFO - PRINT: TRAIN: [10, 11, 6, 31]
2025-05-31 17:43:54,901 - INFO - PRINT: VAL: [9, 14, 15, 24, 28]
2025-05-31 17:43:56,387 - INFO - PRINT: Preparing sequences...
2025-05-31 17:43:59,443 - INFO - PRINT: Starting sequence preparation...
2025-05-31 17:43:59,800 - INFO - PRINT: Processing 28 sessions...
2025-05-31 17:44:03,590 - INFO - PRINT: Created 37935 sequences
2025-05-31 17:44:03,590 - INFO - PRINT: Sequences shape: (37935, 800, 7)
2025-05-31 17:44:03,760 - INFO - PRINT: Users in train:{10, 11, 6, 31}
2025-05-31 17:44:04,261 - INFO - PRINT: Users in test:{9, 14, 15, 24, 28}
2025-05-31 17:44:04,261 - INFO - PRINT: Number of windows for training:7800
2025-05-31 17:44:04,261 - INFO - PRINT: Number of windows for testing:37935
2025-05-31 17:44:04,309 - INFO - PRINT: Epoch | Train Loss |  Val Loss  |  Val PR-AUC  |  Val ROC-AUC  |  Epoch Time (s)
2025-05-31 17:44:04,309 - INFO - PRINT: -------------------------------------------------------------------------------------
2025-05-31 17:47:03,583 - INFO - PRINT:     1 | 0.618497 | 0.566950 | 0.7973 | 0.7484 | 68.34
2025-05-31 17:50:02,195 - INFO - PRINT:     2 | 0.577379 | 0.579739 | 0.7980 | 0.7497 | 68.20
2025-05-31 17:53:01,267 - INFO - PRINT:     3 | 0.552917 | 0.594312 | 0.7996 | 0.7516 | 68.21
2025-05-31 17:56:00,350 - INFO - PRINT:     4 | 0.540492 | 0.595640 | 0.7611 | 0.7155 | 68.09
2025-05-31 17:58:59,366 - INFO - PRINT:     5 | 0.540914 | 0.598560 | 0.7950 | 0.7483 | 68.18
2025-05-31 18:01:57,821 - INFO - PRINT:     6 | 0.538988 | 0.594775 | 0.7873 | 0.7564 | 68.15
2025-05-31 18:04:57,059 - INFO - PRINT:     7 | 0.536713 | 0.604678 | 0.7888 | 0.7492 | 68.21
2025-05-31 18:07:55,586 - INFO - PRINT:     8 | 0.529694 | 0.609366 | 0.7731 | 0.7414 | 68.18
2025-05-31 18:07:55,586 - INFO - PRINT: 
Early stopping triggered after epoch 8
2025-05-31 18:07:55,586 - INFO - PRINT: Best validation PR-AUC: 0.7996
2025-05-31 18:09:45,911 - INFO - PRINT: ----------------------------------------------------------------------------------------------------
2025-05-31 18:09:45,911 - INFO - PRINT: FOLD: 3
2025-05-31 18:09:45,911 - INFO - PRINT: TRAIN: [6, 9, 11, 14, 15, 24, 28]
2025-05-31 18:09:45,911 - INFO - PRINT: VAL: [10, 31]
2025-05-31 18:09:47,501 - INFO - PRINT: Preparing sequences...
2025-05-31 18:09:56,005 - INFO - PRINT: Starting sequence preparation...
2025-05-31 18:09:56,076 - INFO - PRINT: Processing 10 sessions...
2025-05-31 18:09:56,903 - INFO - PRINT: Created 8562 sequences
2025-05-31 18:09:56,903 - INFO - PRINT: Sequences shape: (8562, 800, 7)
2025-05-31 18:09:57,461 - INFO - PRINT: Users in train:{6, 9, 11, 14, 15, 24, 28}
2025-05-31 18:09:57,571 - INFO - PRINT: Users in test:{10, 31}
2025-05-31 18:09:57,571 - INFO - PRINT: Number of windows for training:56045
2025-05-31 18:09:57,571 - INFO - PRINT: Number of windows for testing:8562
2025-05-31 18:09:57,616 - INFO - PRINT: Epoch | Train Loss |  Val Loss  |  Val PR-AUC  |  Val ROC-AUC  |  Epoch Time (s)
2025-05-31 18:09:57,616 - INFO - PRINT: -------------------------------------------------------------------------------------
2025-05-31 18:18:32,157 - INFO - PRINT:     1 | 0.581011 | 0.780771 | 0.9385 | 0.7968 | 489.59
2025-05-31 18:27:06,521 - INFO - PRINT:     2 | 0.552736 | 0.715159 | 0.9326 | 0.7967 | 489.47
2025-05-31 18:35:41,767 - INFO - PRINT:     3 | 0.526606 | 0.820272 | 0.9339 | 0.7931 | 490.16
2025-05-31 18:44:16,381 - INFO - PRINT:     4 | 0.521946 | 0.599462 | 0.9263 | 0.7763 | 489.80
2025-05-31 18:52:51,662 - INFO - PRINT:     5 | 0.507897 | 0.780618 | 0.9338 | 0.7886 | 490.46
2025-05-31 19:01:25,449 - INFO - PRINT:     6 | 0.487556 | 0.877416 | 0.9216 | 0.7727 | 488.84
2025-05-31 19:01:25,450 - INFO - PRINT: 
Early stopping triggered after epoch 6
2025-05-31 19:01:25,450 - INFO - PRINT: Best validation PR-AUC: 0.9385
2025-05-31 19:01:50,836 - INFO - PRINT: Validation ROC-AUC: 0.7398, PR-AUC: 0.8113, Accuracy: 0.7353, Sober Accuracy: 0.3419, Drunk Accuracy: 0.9326, F1: 0.8243, Threshold: 0.3700
2025-05-31 19:01:50,836 - INFO - PRINT: ==================================================
2025-05-31 19:01:50,836 - INFO - PRINT: Final best config: {'device': 'mps', 'window_size': 800, 'hidden_size': 64, 'num_layers': 2, 'batch_size': 128, 'dropout': 0.5, 'learning_rate': 0.001, 'epochs': 6, 'patience': 6, 'overlap_ratio': 0.5, 'runtime_log_fld': 'results/GRU_DATA_AUGMENTATION/20250530_233726'}, Final best pr_auc: 0.8314630729240373, Final best threshold: 0.31, Final best epoch: 6.0
2025-05-31 19:01:50,836 - INFO - PRINT: ==================================================
END CROSSVALIDATION
==================================================
2025-05-31 19:01:51,121 - INFO - PRINT: 
BEGIN TRAIN AND EVALUATION FINAL MODEL

2025-05-31 19:01:52,283 - INFO - PRINT: Preparing sequences...
2025-05-31 19:02:02,720 - INFO - PRINT: Starting sequence preparation...
2025-05-31 19:02:02,755 - INFO - PRINT: Processing 7 sessions...
2025-05-31 19:02:03,132 - INFO - PRINT: Created 3958 sequences
2025-05-31 19:02:03,132 - INFO - PRINT: Sequences shape: (3958, 800, 7)
2025-05-31 19:02:03,779 - INFO - PRINT: Users in train:{6, 9, 10, 11, 14, 15, 24, 28, 31}
2025-05-31 19:02:03,831 - INFO - PRINT: Users in test:{16, 25, 26}
2025-05-31 19:02:03,831 - INFO - PRINT: Number of windows for training:66188
2025-05-31 19:02:03,831 - INFO - PRINT: Number of windows for testing:3958
2025-05-31 19:02:03,842 - INFO - PRINT: Epoch | Train Loss |  Val Loss  |  Val PR-AUC  |  Val ROC-AUC  |  Epoch Time (s)
2025-05-31 19:02:03,842 - INFO - PRINT: -------------------------------------------------------------------------------------
2025-05-31 19:11:01,971 - INFO - PRINT:     1 | 0.593273 | ------ | ------ | 538.13
2025-05-31 19:20:02,840 - INFO - PRINT:     2 | 0.564780 | ------ | ------ | 540.87
2025-05-31 19:29:03,479 - INFO - PRINT:     3 | 0.546103 | ------ | ------ | 540.64
2025-05-31 19:38:01,890 - INFO - PRINT:     4 | 0.509650 | ------ | ------ | 538.41
2025-05-31 19:46:56,800 - INFO - PRINT:     5 | 0.502383 | ------ | ------ | 534.91
2025-05-31 19:55:52,388 - INFO - PRINT:     6 | 0.491513 | ------ | ------ | 535.59
2025-05-31 19:59:04,673 - INFO - PRINT: Training ROC-AUC: 0.8502, PR-AUC: 0.8374, Accuracy: 0.7644, Sober Accuracy: 0.6097, Drunk Accuracy: 0.9196, F1: 0.7957, Threshold: 0.3100
2025-05-31 19:59:04,675 - INFO - PRINT: Test ROC-AUC: 0.7260, PR-AUC: 0.7690, Accuracy: 0.7959, Sober Accuracy: 0.5793, Drunk Accuracy: 0.9227, F1: 0.8508, Threshold: 0.3100
2025-05-31 19:59:04,696 - INFO - PRINT: Model, predictions, ground truth, and metrics saved in results/GRU_DATA_AUGMENTATION/20250530_233726
