2025-04-12 20:48:52,001 - INFO - Logging initialized to /Users/jofremosegui/Desktop/TFG/wearbac_experiments/models/data_balancing/results/HDC_balanced_UNDERSAMPLING_TWEAKED/20250412_204852/training.log
2025-04-12 20:48:52,002 - INFO - PRINT: Total configurations: 1
2025-04-12 20:49:16,402 - INFO - PRINT: ==================================================
BEGIN CROSSVALIDATION
==================================================
2025-04-12 20:49:16,403 - INFO - PRINT: 
CONFIG 0: {'device': 'mps', 'window_size': 800, 'ngrams': 7, 'hdc_dimension': 5000, 'batch_size': 64, 'learning_rate': 2, 'epochs': 10, 'patience': 5, 'overlap_ratio': 0.5, 'runtime_log_fld': 'results/HDC_balanced_UNDERSAMPLING_TWEAKED/20250412_204852'}

2025-04-12 20:49:16,403 - INFO - PRINT: ----------------------------------------------------------------------------------------------------
2025-04-12 20:49:16,403 - INFO - PRINT: FOLD: 1
2025-04-12 20:49:16,403 - INFO - PRINT: TRAIN: [9, 10, 14, 15, 24, 28, 31]
2025-04-12 20:49:16,403 - INFO - PRINT: VAL: [11, 6]
2025-04-12 20:49:18,051 - INFO - PRINT: Preparing sequences...
2025-04-12 20:49:19,323 - INFO - PRINT: Preparing sequences with undersampling...
2025-04-12 20:49:24,043 - INFO - PRINT: Balancing sequences via undersampling...
2025-04-12 20:49:28,645 - INFO - PRINT: Undersampled sequence shape: (76787, 800, 7)
2025-04-12 20:49:28,885 - INFO - PRINT: Preparing sequences with undersampling...
2025-04-12 20:49:29,212 - INFO - PRINT: Balancing sequences via undersampling...
2025-04-12 20:49:29,446 - INFO - PRINT: Undersampled sequence shape: (5861, 800, 7)
2025-04-12 20:49:30,029 - INFO - PRINT: Users in train:{9, 10, 14, 15, 24, 28, 31}
2025-04-12 20:49:30,068 - INFO - PRINT: Users in test:{11, 6}
2025-04-12 20:49:30,068 - INFO - PRINT: Number of windows for training:76787
2025-04-12 20:49:30,068 - INFO - PRINT: Number of windows for testing:5861
2025-04-12 20:49:30,342 - INFO - PRINT: Epoch | Train Loss |  Val Loss  |  Val PR-AUC  |  Val ROC-AUC  |  Epoch Time (s)
2025-04-12 20:49:30,342 - INFO - PRINT: -------------------------------------------------------------------------------------
2025-04-12 21:02:35,989 - INFO - PRINT:     1 | 0.464836 | 0.222718 | 0.9766 | 0.7154 | 759.10
