2025-04-22 11:55:43,027 - INFO - Logging initialized to /Users/jofremosegui/Desktop/TFG/wearbac_experiments/models/data_balancing/results/HDC_balanced_UNDERSAMPLING_TWEAKED_BALANCED/20250422_115543/training.log
2025-04-22 11:55:43,027 - INFO - PRINT: Total configurations: 1
2025-04-22 11:56:05,870 - INFO - PRINT: ==================================================
BEGIN CROSSVALIDATION
==================================================
2025-04-22 11:56:05,871 - INFO - PRINT: 
CONFIG 0: {'device': 'mps', 'window_size': 800, 'ngrams': 7, 'hdc_dimension': 5000, 'batch_size': 64, 'learning_rate': 2, 'epochs': 10, 'patience': 5, 'overlap_ratio': 0.5, 'runtime_log_fld': 'results/HDC_balanced_UNDERSAMPLING_TWEAKED_BALANCED/20250422_115543'}

2025-04-22 11:56:05,871 - INFO - PRINT: ----------------------------------------------------------------------------------------------------
2025-04-22 11:56:05,871 - INFO - PRINT: FOLD: 1
2025-04-22 11:56:05,871 - INFO - PRINT: TRAIN: [9, 10, 14, 15, 24, 28, 31]
2025-04-22 11:56:05,871 - INFO - PRINT: VAL: [11, 6]
2025-04-22 11:56:07,319 - INFO - PRINT: Preparing sequences...
2025-04-22 11:56:08,543 - INFO - PRINT: Preparing sequences with undersampling...
2025-04-22 11:56:13,400 - INFO - PRINT: Balancing sequences via undersampling...
2025-04-22 11:56:18,787 - INFO - PRINT: Undersampled sequence shape: (93613, 800, 7)
2025-04-22 11:56:18,988 - INFO - PRINT: Preparing sequences with undersampling...
2025-04-22 11:56:19,297 - INFO - PRINT: Balancing sequences via undersampling...
2025-04-22 11:56:19,548 - INFO - PRINT: Undersampled sequence shape: (7661, 800, 7)
2025-04-22 11:56:20,183 - INFO - PRINT: Users in train:{9, 10, 14, 15, 24, 28, 31}
2025-04-22 11:56:20,222 - INFO - PRINT: Users in test:{11, 6}
2025-04-22 11:56:20,222 - INFO - PRINT: Number of windows for training:93613
2025-04-22 11:56:20,222 - INFO - PRINT: Number of windows for testing:7661
2025-04-22 11:56:20,481 - INFO - PRINT: Epoch | Train Loss |  Val Loss  |  Val PR-AUC  |  Val ROC-AUC  |  Epoch Time (s)
2025-04-22 11:56:20,481 - INFO - PRINT: -------------------------------------------------------------------------------------
2025-04-22 12:12:22,108 - INFO - PRINT:     1 | 0.578253 | 0.320144 | 0.9747 | 0.8315 | 928.61
2025-04-22 12:28:34,872 - INFO - PRINT:     2 | 0.604519 | 0.333707 | 0.9737 | 0.8247 | 941.38
2025-04-22 12:44:31,313 - INFO - PRINT:     3 | 0.618841 | 0.339419 | 0.9733 | 0.8221 | 925.81
2025-04-22 18:30:59,460 - INFO - PRINT:     4 | 0.624949 | 0.343101 | 0.9731 | 0.8203 | 20756.46
