2025-05-17 19:20:30,164 - INFO - Logging initialized to /Users/jofremosegui/Desktop/TFG/wearbac_experiments/models/data_balancing/results/HDC_LIGHTGBM_FORREAL/20250517_192030/training.log
2025-05-17 19:20:33,133 - INFO - PRINT: Preparing sequences with undersampling...
2025-05-17 19:20:38,503 - INFO - PRINT: Balancing sequences via undersampling...
2025-05-17 19:20:42,500 - INFO - PRINT: Undersampled sequence shape: (75443, 800, 7)
2025-05-17 19:20:42,984 - INFO - PRINT: Starting sequence preparation...
2025-05-17 19:20:43,016 - INFO - PRINT: Processing 7 sessions...
2025-05-17 19:20:43,382 - INFO - PRINT: Created 3958 sequences
2025-05-17 19:20:43,382 - INFO - PRINT: Sequences shape: (3958, 800, 7)
2025-05-17 19:20:55,249 - INFO - PRINT: Encoded 128/75443 sequences
2025-05-17 19:21:03,848 - INFO - PRINT: Encoded 256/75443 sequences
2025-05-17 19:21:12,066 - INFO - PRINT: Encoded 384/75443 sequences
2025-05-17 19:21:19,832 - INFO - PRINT: Encoded 512/75443 sequences
2025-05-17 19:21:26,911 - INFO - PRINT: Encoded 640/75443 sequences
2025-05-17 19:21:33,484 - INFO - PRINT: Encoded 768/75443 sequences
2025-05-17 19:21:40,091 - INFO - PRINT: Encoded 896/75443 sequences
2025-05-17 19:21:48,225 - INFO - PRINT: Encoded 1024/75443 sequences
2025-05-17 19:21:56,731 - INFO - PRINT: Encoded 1152/75443 sequences
2025-05-17 19:22:04,993 - INFO - PRINT: Encoded 1280/75443 sequences
2025-05-17 19:22:13,039 - INFO - PRINT: Encoded 1408/75443 sequences
2025-05-17 19:22:20,367 - INFO - PRINT: Encoded 1536/75443 sequences
2025-05-17 19:22:27,710 - INFO - PRINT: Encoded 1664/75443 sequences
2025-05-17 19:22:35,550 - INFO - PRINT: Encoded 1792/75443 sequences
2025-05-17 19:22:43,164 - INFO - PRINT: Encoded 1920/75443 sequences
2025-05-17 19:22:50,513 - INFO - PRINT: Encoded 2048/75443 sequences
2025-05-17 19:22:57,882 - INFO - PRINT: Encoded 2176/75443 sequences
2025-05-17 19:23:05,683 - INFO - PRINT: Encoded 2304/75443 sequences
2025-05-17 19:23:12,903 - INFO - PRINT: Encoded 2432/75443 sequences
2025-05-17 19:23:19,907 - INFO - PRINT: Encoded 2560/75443 sequences
2025-05-17 19:23:27,144 - INFO - PRINT: Encoded 2688/75443 sequences
2025-05-17 19:23:34,588 - INFO - PRINT: Encoded 2816/75443 sequences
2025-05-17 19:23:41,558 - INFO - PRINT: Encoded 2944/75443 sequences
2025-05-17 19:23:48,400 - INFO - PRINT: Encoded 3072/75443 sequences
2025-05-17 19:23:55,426 - INFO - PRINT: Encoded 3200/75443 sequences
2025-05-17 19:24:02,703 - INFO - PRINT: Encoded 3328/75443 sequences
2025-05-17 19:24:09,619 - INFO - PRINT: Encoded 3456/75443 sequences
2025-05-17 19:24:16,688 - INFO - PRINT: Encoded 3584/75443 sequences
2025-05-17 19:24:24,332 - INFO - PRINT: Encoded 3712/75443 sequences
2025-05-17 19:24:31,659 - INFO - PRINT: Encoded 3840/75443 sequences
2025-05-17 19:24:38,512 - INFO - PRINT: Encoded 3968/75443 sequences
2025-05-17 19:24:45,553 - INFO - PRINT: Encoded 4096/75443 sequences
2025-05-17 19:24:52,918 - INFO - PRINT: Encoded 4224/75443 sequences
2025-05-17 19:25:00,186 - INFO - PRINT: Encoded 4352/75443 sequences
2025-05-17 19:25:07,143 - INFO - PRINT: Encoded 4480/75443 sequences
2025-05-17 19:25:14,172 - INFO - PRINT: Encoded 4608/75443 sequences
2025-05-17 19:25:21,298 - INFO - PRINT: Encoded 4736/75443 sequences
2025-05-17 19:25:28,409 - INFO - PRINT: Encoded 4864/75443 sequences
2025-05-17 19:25:35,530 - INFO - PRINT: Encoded 4992/75443 sequences
2025-05-17 19:25:42,633 - INFO - PRINT: Encoded 5120/75443 sequences
2025-05-17 19:25:49,604 - INFO - PRINT: Encoded 5248/75443 sequences
2025-05-17 19:25:56,855 - INFO - PRINT: Encoded 5376/75443 sequences
2025-05-17 19:26:03,867 - INFO - PRINT: Encoded 5504/75443 sequences
2025-05-17 19:26:10,918 - INFO - PRINT: Encoded 5632/75443 sequences
2025-05-17 19:26:18,187 - INFO - PRINT: Encoded 5760/75443 sequences
2025-05-17 19:26:25,735 - INFO - PRINT: Encoded 5888/75443 sequences
2025-05-17 19:26:32,621 - INFO - PRINT: Encoded 6016/75443 sequences
2025-05-17 19:26:39,218 - INFO - PRINT: Encoded 6144/75443 sequences
2025-05-17 19:26:45,974 - INFO - PRINT: Encoded 6272/75443 sequences
2025-05-17 19:26:53,313 - INFO - PRINT: Encoded 6400/75443 sequences
2025-05-17 19:27:00,025 - INFO - PRINT: Encoded 6528/75443 sequences
2025-05-17 19:27:06,779 - INFO - PRINT: Encoded 6656/75443 sequences
2025-05-17 19:27:13,802 - INFO - PRINT: Encoded 6784/75443 sequences
2025-05-17 19:27:20,753 - INFO - PRINT: Encoded 6912/75443 sequences
2025-05-17 19:27:27,841 - INFO - PRINT: Encoded 7040/75443 sequences
2025-05-17 19:27:34,626 - INFO - PRINT: Encoded 7168/75443 sequences
2025-05-17 19:27:41,317 - INFO - PRINT: Encoded 7296/75443 sequences
2025-05-17 19:27:48,167 - INFO - PRINT: Encoded 7424/75443 sequences
2025-05-17 19:27:55,085 - INFO - PRINT: Encoded 7552/75443 sequences
2025-05-17 19:28:01,954 - INFO - PRINT: Encoded 7680/75443 sequences
2025-05-17 19:28:08,627 - INFO - PRINT: Encoded 7808/75443 sequences
2025-05-17 19:28:15,390 - INFO - PRINT: Encoded 7936/75443 sequences
2025-05-17 19:28:22,643 - INFO - PRINT: Encoded 8064/75443 sequences
2025-05-17 19:28:29,664 - INFO - PRINT: Encoded 8192/75443 sequences
2025-05-17 19:28:36,465 - INFO - PRINT: Encoded 8320/75443 sequences
2025-05-17 19:28:43,254 - INFO - PRINT: Encoded 8448/75443 sequences
2025-05-17 19:28:50,263 - INFO - PRINT: Encoded 8576/75443 sequences
2025-05-17 19:28:57,586 - INFO - PRINT: Encoded 8704/75443 sequences
2025-05-17 19:29:04,670 - INFO - PRINT: Encoded 8832/75443 sequences
2025-05-17 19:29:11,570 - INFO - PRINT: Encoded 8960/75443 sequences
2025-05-17 19:29:18,575 - INFO - PRINT: Encoded 9088/75443 sequences
2025-05-17 19:29:25,840 - INFO - PRINT: Encoded 9216/75443 sequences
2025-05-17 19:29:33,001 - INFO - PRINT: Encoded 9344/75443 sequences
2025-05-17 19:29:40,068 - INFO - PRINT: Encoded 9472/75443 sequences
2025-05-17 19:29:46,959 - INFO - PRINT: Encoded 9600/75443 sequences
2025-05-17 19:29:54,237 - INFO - PRINT: Encoded 9728/75443 sequences
2025-05-17 19:30:01,270 - INFO - PRINT: Encoded 9856/75443 sequences
2025-05-17 19:30:08,203 - INFO - PRINT: Encoded 9984/75443 sequences
2025-05-17 19:30:15,170 - INFO - PRINT: Encoded 10112/75443 sequences
2025-05-17 19:30:22,182 - INFO - PRINT: Encoded 10240/75443 sequences
2025-05-17 19:30:29,046 - INFO - PRINT: Encoded 10368/75443 sequences
2025-05-17 19:30:35,710 - INFO - PRINT: Encoded 10496/75443 sequences
2025-05-17 19:30:42,736 - INFO - PRINT: Encoded 10624/75443 sequences
2025-05-17 19:30:49,929 - INFO - PRINT: Encoded 10752/75443 sequences
2025-05-17 19:30:57,060 - INFO - PRINT: Encoded 10880/75443 sequences
2025-05-17 19:31:04,280 - INFO - PRINT: Encoded 11008/75443 sequences
2025-05-17 19:31:11,442 - INFO - PRINT: Encoded 11136/75443 sequences
2025-05-17 19:31:18,392 - INFO - PRINT: Encoded 11264/75443 sequences
2025-05-17 19:31:25,634 - INFO - PRINT: Encoded 11392/75443 sequences
2025-05-17 19:31:32,680 - INFO - PRINT: Encoded 11520/75443 sequences
2025-05-17 19:31:39,488 - INFO - PRINT: Encoded 11648/75443 sequences
2025-05-17 19:31:46,614 - INFO - PRINT: Encoded 11776/75443 sequences
2025-05-17 19:31:53,845 - INFO - PRINT: Encoded 11904/75443 sequences
2025-05-17 19:32:00,809 - INFO - PRINT: Encoded 12032/75443 sequences
2025-05-17 19:32:07,697 - INFO - PRINT: Encoded 12160/75443 sequences
2025-05-17 19:32:14,567 - INFO - PRINT: Encoded 12288/75443 sequences
2025-05-17 19:32:21,313 - INFO - PRINT: Encoded 12416/75443 sequences
2025-05-17 19:32:28,399 - INFO - PRINT: Encoded 12544/75443 sequences
2025-05-17 19:32:35,391 - INFO - PRINT: Encoded 12672/75443 sequences
2025-05-17 19:32:42,073 - INFO - PRINT: Encoded 12800/75443 sequences
2025-05-17 19:32:48,898 - INFO - PRINT: Encoded 12928/75443 sequences
2025-05-17 19:32:55,731 - INFO - PRINT: Encoded 13056/75443 sequences
2025-05-17 19:33:02,627 - INFO - PRINT: Encoded 13184/75443 sequences
2025-05-17 19:33:09,702 - INFO - PRINT: Encoded 13312/75443 sequences
2025-05-17 19:33:16,609 - INFO - PRINT: Encoded 13440/75443 sequences
2025-05-17 19:33:23,363 - INFO - PRINT: Encoded 13568/75443 sequences
2025-05-17 19:33:29,955 - INFO - PRINT: Encoded 13696/75443 sequences
2025-05-17 19:33:36,879 - INFO - PRINT: Encoded 13824/75443 sequences
2025-05-17 19:33:43,632 - INFO - PRINT: Encoded 13952/75443 sequences
2025-05-17 19:33:50,453 - INFO - PRINT: Encoded 14080/75443 sequences
2025-05-17 19:33:57,319 - INFO - PRINT: Encoded 14208/75443 sequences
2025-05-17 19:34:04,238 - INFO - PRINT: Encoded 14336/75443 sequences
2025-05-17 19:34:11,134 - INFO - PRINT: Encoded 14464/75443 sequences
2025-05-17 19:34:17,796 - INFO - PRINT: Encoded 14592/75443 sequences
2025-05-17 19:34:24,604 - INFO - PRINT: Encoded 14720/75443 sequences
2025-05-17 19:34:31,517 - INFO - PRINT: Encoded 14848/75443 sequences
2025-05-17 19:34:38,237 - INFO - PRINT: Encoded 14976/75443 sequences
2025-05-17 19:34:45,158 - INFO - PRINT: Encoded 15104/75443 sequences
2025-05-17 19:34:52,067 - INFO - PRINT: Encoded 15232/75443 sequences
2025-05-17 19:34:59,028 - INFO - PRINT: Encoded 15360/75443 sequences
2025-05-17 19:35:05,913 - INFO - PRINT: Encoded 15488/75443 sequences
2025-05-17 19:35:12,813 - INFO - PRINT: Encoded 15616/75443 sequences
2025-05-17 19:35:19,692 - INFO - PRINT: Encoded 15744/75443 sequences
2025-05-17 19:35:26,387 - INFO - PRINT: Encoded 15872/75443 sequences
2025-05-17 19:35:33,203 - INFO - PRINT: Encoded 16000/75443 sequences
2025-05-17 19:35:40,150 - INFO - PRINT: Encoded 16128/75443 sequences
2025-05-17 19:35:47,050 - INFO - PRINT: Encoded 16256/75443 sequences
2025-05-17 19:35:53,982 - INFO - PRINT: Encoded 16384/75443 sequences
2025-05-17 19:36:00,946 - INFO - PRINT: Encoded 16512/75443 sequences
2025-05-17 19:36:07,838 - INFO - PRINT: Encoded 16640/75443 sequences
2025-05-17 19:36:14,706 - INFO - PRINT: Encoded 16768/75443 sequences
2025-05-17 19:36:21,490 - INFO - PRINT: Encoded 16896/75443 sequences
2025-05-17 19:36:28,315 - INFO - PRINT: Encoded 17024/75443 sequences
2025-05-17 19:36:35,111 - INFO - PRINT: Encoded 17152/75443 sequences
2025-05-17 19:36:41,927 - INFO - PRINT: Encoded 17280/75443 sequences
2025-05-17 19:36:48,790 - INFO - PRINT: Encoded 17408/75443 sequences
2025-05-17 19:36:55,768 - INFO - PRINT: Encoded 17536/75443 sequences
2025-05-17 19:37:02,752 - INFO - PRINT: Encoded 17664/75443 sequences
2025-05-17 19:37:09,610 - INFO - PRINT: Encoded 17792/75443 sequences
2025-05-17 19:37:16,638 - INFO - PRINT: Encoded 17920/75443 sequences
2025-05-17 19:37:23,811 - INFO - PRINT: Encoded 18048/75443 sequences
2025-05-17 19:37:30,747 - INFO - PRINT: Encoded 18176/75443 sequences
2025-05-17 19:37:37,640 - INFO - PRINT: Encoded 18304/75443 sequences
2025-05-17 19:37:44,394 - INFO - PRINT: Encoded 18432/75443 sequences
2025-05-17 19:37:51,295 - INFO - PRINT: Encoded 18560/75443 sequences
2025-05-17 19:37:58,099 - INFO - PRINT: Encoded 18688/75443 sequences
2025-05-17 19:38:04,979 - INFO - PRINT: Encoded 18816/75443 sequences
2025-05-17 19:38:11,976 - INFO - PRINT: Encoded 18944/75443 sequences
2025-05-17 19:38:18,810 - INFO - PRINT: Encoded 19072/75443 sequences
2025-05-17 19:38:25,762 - INFO - PRINT: Encoded 19200/75443 sequences
2025-05-17 19:38:32,615 - INFO - PRINT: Encoded 19328/75443 sequences
2025-05-17 19:38:39,385 - INFO - PRINT: Encoded 19456/75443 sequences
2025-05-17 19:38:46,240 - INFO - PRINT: Encoded 19584/75443 sequences
2025-05-17 19:38:53,085 - INFO - PRINT: Encoded 19712/75443 sequences
2025-05-17 19:38:59,809 - INFO - PRINT: Encoded 19840/75443 sequences
2025-05-17 19:39:06,667 - INFO - PRINT: Encoded 19968/75443 sequences
2025-05-17 19:39:13,484 - INFO - PRINT: Encoded 20096/75443 sequences
2025-05-17 19:39:20,325 - INFO - PRINT: Encoded 20224/75443 sequences
2025-05-17 19:39:27,176 - INFO - PRINT: Encoded 20352/75443 sequences
2025-05-17 19:39:33,966 - INFO - PRINT: Encoded 20480/75443 sequences
2025-05-17 19:39:40,807 - INFO - PRINT: Encoded 20608/75443 sequences
2025-05-17 19:39:47,783 - INFO - PRINT: Encoded 20736/75443 sequences
2025-05-17 19:39:54,848 - INFO - PRINT: Encoded 20864/75443 sequences
2025-05-17 19:40:01,749 - INFO - PRINT: Encoded 20992/75443 sequences
2025-05-17 19:40:08,634 - INFO - PRINT: Encoded 21120/75443 sequences
2025-05-17 19:40:15,710 - INFO - PRINT: Encoded 21248/75443 sequences
2025-05-17 19:40:22,653 - INFO - PRINT: Encoded 21376/75443 sequences
2025-05-17 19:40:29,559 - INFO - PRINT: Encoded 21504/75443 sequences
2025-05-17 19:40:36,444 - INFO - PRINT: Encoded 21632/75443 sequences
2025-05-17 19:40:43,279 - INFO - PRINT: Encoded 21760/75443 sequences
2025-05-17 19:40:50,016 - INFO - PRINT: Encoded 21888/75443 sequences
2025-05-17 19:40:56,831 - INFO - PRINT: Encoded 22016/75443 sequences
2025-05-17 19:41:03,551 - INFO - PRINT: Encoded 22144/75443 sequences
2025-05-17 19:41:10,219 - INFO - PRINT: Encoded 22272/75443 sequences
2025-05-17 19:41:17,003 - INFO - PRINT: Encoded 22400/75443 sequences
2025-05-17 19:41:23,620 - INFO - PRINT: Encoded 22528/75443 sequences
2025-05-17 19:41:30,387 - INFO - PRINT: Encoded 22656/75443 sequences
2025-05-17 19:41:37,224 - INFO - PRINT: Encoded 22784/75443 sequences
2025-05-17 19:41:43,883 - INFO - PRINT: Encoded 22912/75443 sequences
2025-05-17 19:41:50,538 - INFO - PRINT: Encoded 23040/75443 sequences
2025-05-17 19:41:57,322 - INFO - PRINT: Encoded 23168/75443 sequences
2025-05-17 19:42:04,117 - INFO - PRINT: Encoded 23296/75443 sequences
2025-05-17 19:42:10,843 - INFO - PRINT: Encoded 23424/75443 sequences
2025-05-17 19:42:17,853 - INFO - PRINT: Encoded 23552/75443 sequences
2025-05-17 19:42:24,620 - INFO - PRINT: Encoded 23680/75443 sequences
2025-05-17 19:42:31,255 - INFO - PRINT: Encoded 23808/75443 sequences
2025-05-17 19:42:37,853 - INFO - PRINT: Encoded 23936/75443 sequences
2025-05-17 19:42:44,470 - INFO - PRINT: Encoded 24064/75443 sequences
2025-05-17 19:42:51,063 - INFO - PRINT: Encoded 24192/75443 sequences
2025-05-17 19:42:57,651 - INFO - PRINT: Encoded 24320/75443 sequences
2025-05-17 19:43:04,334 - INFO - PRINT: Encoded 24448/75443 sequences
2025-05-17 19:43:11,061 - INFO - PRINT: Encoded 24576/75443 sequences
2025-05-17 19:43:17,871 - INFO - PRINT: Encoded 24704/75443 sequences
2025-05-17 19:43:24,539 - INFO - PRINT: Encoded 24832/75443 sequences
2025-05-17 19:43:31,157 - INFO - PRINT: Encoded 24960/75443 sequences
2025-05-17 19:43:37,876 - INFO - PRINT: Encoded 25088/75443 sequences
2025-05-17 19:43:44,567 - INFO - PRINT: Encoded 25216/75443 sequences
2025-05-17 19:43:51,197 - INFO - PRINT: Encoded 25344/75443 sequences
2025-05-17 19:43:57,821 - INFO - PRINT: Encoded 25472/75443 sequences
2025-05-17 19:44:04,609 - INFO - PRINT: Encoded 25600/75443 sequences
2025-05-17 19:44:11,227 - INFO - PRINT: Encoded 25728/75443 sequences
2025-05-17 19:44:17,910 - INFO - PRINT: Encoded 25856/75443 sequences
2025-05-17 19:44:24,624 - INFO - PRINT: Encoded 25984/75443 sequences
2025-05-17 19:44:31,215 - INFO - PRINT: Encoded 26112/75443 sequences
2025-05-17 19:44:37,943 - INFO - PRINT: Encoded 26240/75443 sequences
2025-05-17 19:44:44,564 - INFO - PRINT: Encoded 26368/75443 sequences
2025-05-17 19:44:51,367 - INFO - PRINT: Encoded 26496/75443 sequences
2025-05-17 19:44:58,115 - INFO - PRINT: Encoded 26624/75443 sequences
2025-05-17 19:45:04,725 - INFO - PRINT: Encoded 26752/75443 sequences
2025-05-17 19:45:11,384 - INFO - PRINT: Encoded 26880/75443 sequences
2025-05-17 19:45:18,007 - INFO - PRINT: Encoded 27008/75443 sequences
2025-05-17 19:45:24,696 - INFO - PRINT: Encoded 27136/75443 sequences
2025-05-17 19:45:31,458 - INFO - PRINT: Encoded 27264/75443 sequences
2025-05-17 19:45:38,141 - INFO - PRINT: Encoded 27392/75443 sequences
2025-05-17 19:45:44,865 - INFO - PRINT: Encoded 27520/75443 sequences
2025-05-17 19:45:51,510 - INFO - PRINT: Encoded 27648/75443 sequences
2025-05-17 19:45:58,155 - INFO - PRINT: Encoded 27776/75443 sequences
2025-05-17 19:46:04,957 - INFO - PRINT: Encoded 27904/75443 sequences
2025-05-17 19:46:11,722 - INFO - PRINT: Encoded 28032/75443 sequences
2025-05-17 19:46:18,458 - INFO - PRINT: Encoded 28160/75443 sequences
2025-05-17 19:46:25,124 - INFO - PRINT: Encoded 28288/75443 sequences
2025-05-17 19:46:31,859 - INFO - PRINT: Encoded 28416/75443 sequences
2025-05-17 19:46:38,900 - INFO - PRINT: Encoded 28544/75443 sequences
2025-05-17 19:46:45,836 - INFO - PRINT: Encoded 28672/75443 sequences
2025-05-17 19:46:52,684 - INFO - PRINT: Encoded 28800/75443 sequences
2025-05-17 19:46:59,504 - INFO - PRINT: Encoded 28928/75443 sequences
2025-05-17 19:47:06,280 - INFO - PRINT: Encoded 29056/75443 sequences
2025-05-17 19:47:13,115 - INFO - PRINT: Encoded 29184/75443 sequences
2025-05-17 19:47:19,868 - INFO - PRINT: Encoded 29312/75443 sequences
2025-05-17 19:47:26,743 - INFO - PRINT: Encoded 29440/75443 sequences
2025-05-17 19:47:33,494 - INFO - PRINT: Encoded 29568/75443 sequences
2025-05-17 19:47:40,513 - INFO - PRINT: Encoded 29696/75443 sequences
2025-05-17 19:47:47,250 - INFO - PRINT: Encoded 29824/75443 sequences
2025-05-17 19:47:53,932 - INFO - PRINT: Encoded 29952/75443 sequences
2025-05-17 19:48:00,698 - INFO - PRINT: Encoded 30080/75443 sequences
2025-05-17 19:48:07,344 - INFO - PRINT: Encoded 30208/75443 sequences
2025-05-17 19:48:14,117 - INFO - PRINT: Encoded 30336/75443 sequences
2025-05-17 19:48:20,676 - INFO - PRINT: Encoded 30464/75443 sequences
2025-05-17 19:48:27,372 - INFO - PRINT: Encoded 30592/75443 sequences
2025-05-17 19:48:34,103 - INFO - PRINT: Encoded 30720/75443 sequences
2025-05-17 19:48:40,688 - INFO - PRINT: Encoded 30848/75443 sequences
2025-05-17 19:48:47,324 - INFO - PRINT: Encoded 30976/75443 sequences
2025-05-17 19:48:53,965 - INFO - PRINT: Encoded 31104/75443 sequences
2025-05-17 19:49:00,430 - INFO - PRINT: Encoded 31232/75443 sequences
2025-05-17 19:49:07,481 - INFO - PRINT: Encoded 31360/75443 sequences
2025-05-17 19:49:14,426 - INFO - PRINT: Encoded 31488/75443 sequences
2025-05-17 19:49:21,187 - INFO - PRINT: Encoded 31616/75443 sequences
2025-05-17 19:49:28,024 - INFO - PRINT: Encoded 31744/75443 sequences
2025-05-17 19:49:35,014 - INFO - PRINT: Encoded 31872/75443 sequences
2025-05-17 19:49:41,872 - INFO - PRINT: Encoded 32000/75443 sequences
2025-05-17 19:49:48,616 - INFO - PRINT: Encoded 32128/75443 sequences
2025-05-17 19:49:55,547 - INFO - PRINT: Encoded 32256/75443 sequences
2025-05-17 19:50:02,441 - INFO - PRINT: Encoded 32384/75443 sequences
2025-05-17 19:50:09,283 - INFO - PRINT: Encoded 32512/75443 sequences
2025-05-17 19:50:16,154 - INFO - PRINT: Encoded 32640/75443 sequences
2025-05-17 19:50:23,003 - INFO - PRINT: Encoded 32768/75443 sequences
2025-05-17 19:50:29,785 - INFO - PRINT: Encoded 32896/75443 sequences
2025-05-17 19:50:36,689 - INFO - PRINT: Encoded 33024/75443 sequences
2025-05-17 19:50:43,482 - INFO - PRINT: Encoded 33152/75443 sequences
2025-05-17 19:50:50,232 - INFO - PRINT: Encoded 33280/75443 sequences
2025-05-17 19:50:57,042 - INFO - PRINT: Encoded 33408/75443 sequences
2025-05-17 19:51:04,124 - INFO - PRINT: Encoded 33536/75443 sequences
2025-05-17 19:51:10,895 - INFO - PRINT: Encoded 33664/75443 sequences
2025-05-17 19:51:17,743 - INFO - PRINT: Encoded 33792/75443 sequences
2025-05-17 19:51:24,465 - INFO - PRINT: Encoded 33920/75443 sequences
2025-05-17 19:51:31,239 - INFO - PRINT: Encoded 34048/75443 sequences
2025-05-17 19:51:38,058 - INFO - PRINT: Encoded 34176/75443 sequences
2025-05-17 19:51:44,847 - INFO - PRINT: Encoded 34304/75443 sequences
2025-05-17 19:51:51,672 - INFO - PRINT: Encoded 34432/75443 sequences
2025-05-17 19:51:58,551 - INFO - PRINT: Encoded 34560/75443 sequences
2025-05-17 19:52:05,393 - INFO - PRINT: Encoded 34688/75443 sequences
2025-05-17 19:52:12,439 - INFO - PRINT: Encoded 34816/75443 sequences
2025-05-17 19:52:19,368 - INFO - PRINT: Encoded 34944/75443 sequences
2025-05-17 19:52:26,504 - INFO - PRINT: Encoded 35072/75443 sequences
2025-05-17 19:52:33,342 - INFO - PRINT: Encoded 35200/75443 sequences
2025-05-17 19:52:40,147 - INFO - PRINT: Encoded 35328/75443 sequences
2025-05-17 19:52:46,967 - INFO - PRINT: Encoded 35456/75443 sequences
2025-05-17 19:52:53,742 - INFO - PRINT: Encoded 35584/75443 sequences
2025-05-17 19:53:00,655 - INFO - PRINT: Encoded 35712/75443 sequences
2025-05-17 19:53:07,817 - INFO - PRINT: Encoded 35840/75443 sequences
2025-05-17 19:53:14,471 - INFO - PRINT: Encoded 35968/75443 sequences
2025-05-17 19:53:21,093 - INFO - PRINT: Encoded 36096/75443 sequences
2025-05-17 19:53:27,862 - INFO - PRINT: Encoded 36224/75443 sequences
2025-05-17 19:53:34,681 - INFO - PRINT: Encoded 36352/75443 sequences
2025-05-17 19:53:41,477 - INFO - PRINT: Encoded 36480/75443 sequences
2025-05-17 19:53:48,278 - INFO - PRINT: Encoded 36608/75443 sequences
2025-05-17 19:53:54,877 - INFO - PRINT: Encoded 36736/75443 sequences
2025-05-17 19:54:02,705 - INFO - PRINT: Encoded 36864/75443 sequences
2025-05-17 19:54:10,703 - INFO - PRINT: Encoded 36992/75443 sequences
2025-05-17 19:58:46,706 - INFO - PRINT: Encoded 37120/75443 sequences
2025-05-17 19:58:56,655 - INFO - PRINT: Encoded 37248/75443 sequences
2025-05-17 19:59:05,146 - INFO - PRINT: Encoded 37376/75443 sequences
2025-05-17 19:59:13,545 - INFO - PRINT: Encoded 37504/75443 sequences
2025-05-17 19:59:21,536 - INFO - PRINT: Encoded 37632/75443 sequences
2025-05-17 20:02:25,137 - INFO - PRINT: Encoded 37760/75443 sequences
2025-05-17 20:02:33,093 - INFO - PRINT: Encoded 37888/75443 sequences
2025-05-17 20:18:44,678 - INFO - PRINT: Encoded 38016/75443 sequences
2025-05-17 20:22:51,424 - INFO - PRINT: Encoded 38144/75443 sequences
2025-05-17 20:23:00,394 - INFO - PRINT: Encoded 38272/75443 sequences
