2025-05-08 22:33:43,652 - INFO - Logging initialized to /Users/jofremosegui/Desktop/TFG/wearbac_experiments/models/data_balancing/results/HDC_HYBRID_RANDOM_FOREST/20250508_223343/training.log
2025-05-08 22:33:46,626 - INFO - PRINT: Preparing sequences with undersampling...
2025-05-08 22:33:51,896 - INFO - PRINT: Balancing sequences via undersampling...
2025-05-08 22:33:56,378 - INFO - PRINT: Undersampled sequence shape: (75443, 800, 7)
2025-05-08 22:33:56,932 - INFO - PRINT: Starting sequence preparation...
2025-05-08 22:33:56,958 - INFO - PRINT: Processing 7 sessions...
2025-05-08 22:33:57,334 - INFO - PRINT: Created 3958 sequences
2025-05-08 22:33:57,334 - INFO - PRINT: Sequences shape: (3958, 800, 7)
2025-05-08 22:34:07,977 - INFO - PRINT: Encoded 128/75443 sequences
2025-05-08 22:34:15,734 - INFO - PRINT: Encoded 256/75443 sequences
2025-05-08 22:34:23,669 - INFO - PRINT: Encoded 384/75443 sequences
2025-05-08 22:34:31,414 - INFO - PRINT: Encoded 512/75443 sequences
2025-05-08 22:34:39,330 - INFO - PRINT: Encoded 640/75443 sequences
2025-05-08 22:34:46,316 - INFO - PRINT: Encoded 768/75443 sequences
2025-05-08 22:34:53,360 - INFO - PRINT: Encoded 896/75443 sequences
2025-05-08 22:35:00,826 - INFO - PRINT: Encoded 1024/75443 sequences
2025-05-08 22:35:08,276 - INFO - PRINT: Encoded 1152/75443 sequences
2025-05-08 22:35:16,443 - INFO - PRINT: Encoded 1280/75443 sequences
2025-05-08 22:35:24,417 - INFO - PRINT: Encoded 1408/75443 sequences
2025-05-08 22:35:31,849 - INFO - PRINT: Encoded 1536/75443 sequences
2025-05-08 22:35:39,102 - INFO - PRINT: Encoded 1664/75443 sequences
2025-05-08 22:35:46,062 - INFO - PRINT: Encoded 1792/75443 sequences
2025-05-08 22:35:53,010 - INFO - PRINT: Encoded 1920/75443 sequences
2025-05-08 22:35:59,988 - INFO - PRINT: Encoded 2048/75443 sequences
2025-05-08 22:36:07,230 - INFO - PRINT: Encoded 2176/75443 sequences
2025-05-08 22:36:15,104 - INFO - PRINT: Encoded 2304/75443 sequences
2025-05-08 22:36:23,323 - INFO - PRINT: Encoded 2432/75443 sequences
2025-05-08 22:36:31,063 - INFO - PRINT: Encoded 2560/75443 sequences
2025-05-08 22:36:39,266 - INFO - PRINT: Encoded 2688/75443 sequences
2025-05-08 22:48:10,041 - INFO - PRINT: /Users/jofremosegui/Desktop/TFG/wearbac_experiments/torchhd/torchhd/__init__.py
2025-05-08 22:48:10,041 - INFO - PRINT: /Users/jofremosegui/Desktop/TFG/wearbac_experiments/torchhd/torchhd/embeddings.py
2025-05-08 22:48:10,041 - INFO - PRINT: /Users/jofremosegui/Desktop/TFG/wearbac_experiments/torchhd/torchhd/models.py
2025-05-08 22:48:10,053 - INFO - PRINT: /Users/jofremosegui/Desktop/TFG/wearbac_experiments/torchhd/torchhd/__init__.py
