2025-05-12 20:01:47,468 - INFO - Logging initialized to /Users/jofremosegui/Desktop/TFG/wearbac_experiments/models/data_balancing/results/HDC_HYBRID_SVM_CROSSVAL/20250512_200147/training.log
2025-05-12 20:01:47,468 - INFO - PRINT: Total configurations: 2
2025-05-12 20:02:04,584 - INFO - PRINT: Loaded data shape: (21457083, 13)
2025-05-12 20:02:04,584 - INFO - PRINT: ==================================================
BEGIN CROSSVALIDATION
==================================================
2025-05-12 20:02:04,584 - INFO - PRINT: 
CONFIG 1/2: {'device': 'cpu', 'hdc_dimension': 5000, 'overlap_ratio': 0.5, 'runtime_log_fld': 'results/HDC_HYBRID_SVM_CROSSVAL/20250512_200147', 'window_size': 800, 'ngrams': 7, 'svm_c': 0.1, 'svm_gamma': 'scale'}
2025-05-12 20:02:04,584 - INFO - PRINT: ------------------------------------------------------------------------------------------
2025-05-12 20:02:04,584 - INFO - PRINT: Fold 1:
2025-05-12 20:02:04,584 - INFO - PRINT: Train Users: [9, 10, 14, 15, 24, 28, 31]
2025-05-12 20:02:04,584 - INFO - PRINT: Val Users: [11, 6]
2025-05-12 20:02:07,039 - INFO - PRINT: Preparing sequences with undersampling...
2025-05-12 20:02:11,857 - INFO - PRINT: Balancing sequences via undersampling...
2025-05-12 20:02:14,340 - INFO - PRINT: Undersampled sequence shape: (70055, 800, 7)
2025-05-12 20:02:15,027 - INFO - PRINT: Starting sequence preparation...
2025-05-12 20:02:15,057 - INFO - PRINT: Processing 5 sessions...
2025-05-12 20:02:15,353 - INFO - PRINT: Created 3115 sequences
2025-05-12 20:02:15,353 - INFO - PRINT: Sequences shape: (3115, 800, 7)
2025-05-12 20:02:15,356 - INFO - PRINT: Train windows: 70055, Val windows: 3115
2025-05-12 20:02:15,482 - INFO - PRINT: Encoding train and val sequences...
2025-05-12 20:05:53,183 - INFO - PRINT: /Users/jofremosegui/Desktop/TFG/wearbac_experiments/torchhd/torchhd/__init__.py
2025-05-12 20:05:53,183 - INFO - PRINT: /Users/jofremosegui/Desktop/TFG/wearbac_experiments/torchhd/torchhd/embeddings.py
2025-05-12 20:05:53,183 - INFO - PRINT: /Users/jofremosegui/Desktop/TFG/wearbac_experiments/torchhd/torchhd/models.py
2025-05-12 20:05:53,192 - INFO - PRINT: /Users/jofremosegui/Desktop/TFG/wearbac_experiments/torchhd/torchhd/__init__.py
