2025-05-12 20:00:23,369 - INFO - Logging initialized to /Users/jofremosegui/Desktop/TFG/wearbac_experiments/models/data_balancing/results/HDC_HYBRID_SVM_CROSSVAL/20250512_200023/training.log
2025-05-12 20:00:23,370 - INFO - PRINT: Total configurations: 2
2025-05-12 20:00:40,769 - INFO - PRINT: Loaded data shape: (21457083, 13)
2025-05-12 20:00:40,769 - INFO - PRINT: ==================================================
BEGIN CROSSVALIDATION
==================================================
2025-05-12 20:00:40,769 - INFO - PRINT: 
CONFIG 1/2: {'device': 'mps', 'hdc_dimension': 5000, 'overlap_ratio': 0.5, 'runtime_log_fld': 'results/HDC_HYBRID_SVM_CROSSVAL/20250512_200023', 'window_size': 800, 'ngrams': 7, 'svm_c': 0.1, 'svm_gamma': 'scale'}
2025-05-12 20:00:40,769 - INFO - PRINT: ------------------------------------------------------------------------------------------
2025-05-12 20:00:40,769 - INFO - PRINT: Fold 1:
2025-05-12 20:00:40,770 - INFO - PRINT: Train Users: [9, 10, 14, 15, 24, 28, 31]
2025-05-12 20:00:40,770 - INFO - PRINT: Val Users: [11, 6]
2025-05-12 20:00:43,647 - INFO - PRINT: Preparing sequences with undersampling...
2025-05-12 20:00:48,494 - INFO - PRINT: Balancing sequences via undersampling...
2025-05-12 20:00:51,103 - INFO - PRINT: Undersampled sequence shape: (70055, 800, 7)
2025-05-12 20:00:51,862 - INFO - PRINT: Starting sequence preparation...
2025-05-12 20:00:51,887 - INFO - PRINT: Processing 5 sessions...
2025-05-12 20:00:52,230 - INFO - PRINT: Created 3115 sequences
2025-05-12 20:00:52,230 - INFO - PRINT: Sequences shape: (3115, 800, 7)
2025-05-12 20:00:52,232 - INFO - PRINT: Train windows: 70055, Val windows: 3115
2025-05-12 20:00:52,553 - INFO - PRINT: Encoding train and val sequences...
