2025-04-30 18:56:41,723 - INFO - Logging initialized to /Users/jofremosegui/Desktop/TFG/wearbac_experiments/models/data_balancing/results/HDC_HRR_UNDERSAMPLING_ROBUST/20250430_185641/training.log
2025-04-30 18:56:41,723 - INFO - PRINT: Total configurations: 1
2025-04-30 18:56:56,556 - INFO - PRINT: ==================================================
BEGIN CROSSVALIDATION
==================================================
2025-04-30 18:56:56,556 - INFO - PRINT: 
CONFIG 0: {'device': 'mps', 'window_size': 800, 'ngrams': 7, 'hdc_dimension': 5000, 'batch_size': 64, 'learning_rate': 2, 'epochs': 10, 'patience': 5, 'overlap_ratio': 0.5, 'vsa_type': 'HRR', 'runtime_log_fld': 'results/HDC_HRR_UNDERSAMPLING_ROBUST/20250430_185641'}

2025-04-30 18:56:56,556 - INFO - PRINT: ----------------------------------------------------------------------------------------------------
2025-04-30 18:56:56,556 - INFO - PRINT: FOLD: 1
2025-04-30 18:56:56,556 - INFO - PRINT: TRAIN: [9, 10, 14, 15, 24, 28, 31]
2025-04-30 18:56:56,556 - INFO - PRINT: VAL: [11, 6]
2025-04-30 18:56:58,031 - INFO - PRINT: Preparing sequences...
2025-04-30 18:56:59,268 - INFO - PRINT: Preparing sequences with undersampling...
2025-04-30 18:57:04,146 - INFO - PRINT: Balancing sequences via undersampling...
2025-04-30 18:57:12,580 - INFO - PRINT: Undersampled sequence shape: (140729, 800, 7)
2025-04-30 18:57:12,930 - INFO - PRINT: Preparing sequences with undersampling...
2025-04-30 18:57:13,259 - INFO - PRINT: Balancing sequences via undersampling...
2025-04-30 18:57:13,682 - INFO - PRINT: Undersampled sequence shape: (12207, 800, 7)
2025-04-30 18:57:14,300 - INFO - PRINT: Users in train:{9, 10, 14, 15, 24, 28, 31}
2025-04-30 18:57:14,340 - INFO - PRINT: Users in test:{11, 6}
2025-04-30 18:57:14,340 - INFO - PRINT: Number of windows for training:140729
2025-04-30 18:57:14,340 - INFO - PRINT: Number of windows for testing:12207
2025-04-30 18:57:14,556 - INFO - PRINT: Epoch | Train Loss |  Val Loss  |  Val PR-AUC  |  Val ROC-AUC  |  Epoch Time (s)
2025-04-30 18:57:14,556 - INFO - PRINT: -------------------------------------------------------------------------------------
2025-04-30 18:58:14,680 - INFO - PRINT: /Users/jofremosegui/Desktop/TFG/wearbac_experiments/torchhd/torchhd/__init__.py
2025-04-30 18:58:14,680 - INFO - PRINT: /Users/jofremosegui/Desktop/TFG/wearbac_experiments/torchhd/torchhd/embeddings.py
2025-04-30 18:58:14,680 - INFO - PRINT: /Users/jofremosegui/Desktop/TFG/wearbac_experiments/torchhd/torchhd/models.py
2025-04-30 18:58:14,884 - INFO - PRINT: /Users/jofremosegui/Desktop/TFG/wearbac_experiments/torchhd/torchhd/__init__.py
