2025-04-09 11:02:33,849 - INFO - Logging initialized to /Users/jofremosegui/Desktop/TFG/wearbac_experiments/models/data_balancing/results/HDC_balanced/20250409_110233/training.log
2025-04-09 11:02:33,849 - INFO - PRINT: Total configurations: 1
2025-04-09 11:02:50,777 - INFO - PRINT: ==================================================
BEGIN CROSSVALIDATION
==================================================
2025-04-09 11:02:50,777 - INFO - PRINT: 
CONFIG 0: {'device': 'mps', 'window_size': 800, 'ngrams': 7, 'hdc_dimension': 5000, 'batch_size': 64, 'learning_rate': 2, 'epochs': 10, 'patience': 5, 'overlap_ratio': 0.5, 'runtime_log_fld': 'results/HDC_balanced/20250409_110233'}

2025-04-09 11:02:50,777 - INFO - PRINT: ----------------------------------------------------------------------------------------------------
2025-04-09 11:02:50,777 - INFO - PRINT: FOLD: 1
2025-04-09 11:02:50,777 - INFO - PRINT: TRAIN: [9, 10, 14, 15, 24, 28, 31]
2025-04-09 11:02:50,777 - INFO - PRINT: VAL: [11, 6]
2025-04-09 11:02:51,870 - INFO - PRINT: Preparing sequences...
2025-04-09 11:02:53,129 - INFO - PRINT: Preparing balanced sequences...
2025-04-09 11:02:57,805 - INFO - PRINT: Balancing sequences via oversampling...
2025-04-09 11:02:58,864 - INFO - PRINT: Balanced sequence shape: (60580, 800, 7)
2025-04-09 11:02:59,058 - INFO - PRINT: Preparing balanced sequences...
2025-04-09 11:02:59,372 - INFO - PRINT: Balancing sequences via oversampling...
2025-04-09 11:02:59,455 - INFO - PRINT: Balanced sequence shape: (5492, 800, 7)
2025-04-09 11:03:00,039 - INFO - PRINT: Users in train:{9, 10, 14, 15, 24, 28, 31}
2025-04-09 11:03:00,082 - INFO - PRINT: Users in test:{11, 6}
2025-04-09 11:03:00,082 - INFO - PRINT: Number of windows for training:60580
2025-04-09 11:03:00,082 - INFO - PRINT: Number of windows for testing:5492
2025-04-09 11:03:00,304 - INFO - PRINT: Epoch | Train Loss |  Val Loss  |  Val PR-AUC  |  Val ROC-AUC  |  Epoch Time (s)
2025-04-09 11:03:00,304 - INFO - PRINT: -------------------------------------------------------------------------------------
