2025-04-22 18:49:55,487 - INFO - Logging initialized to /Users/jofremosegui/Desktop/TFG/wearbac_experiments/models/data_balancing/results/HDC_balanced_UNDERSAMPLING_TWEAKED/20250422_184955/training.log
2025-04-22 18:49:55,487 - INFO - PRINT: Total configurations: 1
2025-04-22 18:50:19,782 - INFO - PRINT: ==================================================
BEGIN CROSSVALIDATION
==================================================
2025-04-22 18:50:19,783 - INFO - PRINT: 
CONFIG 0: {'device': 'mps', 'window_size': 800, 'ngrams': 7, 'hdc_dimension': 5000, 'batch_size': 64, 'learning_rate': 2, 'epochs': 10, 'patience': 5, 'overlap_ratio': 0.5, 'runtime_log_fld': 'results/HDC_balanced_UNDERSAMPLING_TWEAKED/20250422_184955'}

2025-04-22 18:50:19,783 - INFO - PRINT: ----------------------------------------------------------------------------------------------------
2025-04-22 18:50:19,875 - INFO - PRINT: FOLD: 1
2025-04-22 18:50:19,875 - INFO - PRINT: TRAIN: [9, 10, 14, 15, 24, 28, 31]
2025-04-22 18:50:19,875 - INFO - PRINT: VAL: [11, 6]
2025-04-22 18:50:21,489 - INFO - PRINT: Preparing sequences...
2025-04-22 18:50:22,785 - INFO - PRINT: Preparing sequences with undersampling...
2025-04-22 18:50:27,691 - INFO - PRINT: Balancing sequences via undersampling...
2025-04-22 18:50:31,651 - INFO - PRINT: Undersampled sequence shape: (70055, 800, 7)
2025-04-22 18:50:31,899 - INFO - PRINT: Preparing sequences with undersampling...
2025-04-22 18:50:32,220 - INFO - PRINT: Balancing sequences via undersampling...
2025-04-22 18:50:32,425 - INFO - PRINT: Undersampled sequence shape: (5388, 800, 7)
2025-04-22 18:50:33,042 - INFO - PRINT: Users in train:{9, 10, 14, 15, 24, 28, 31}
2025-04-22 18:50:33,083 - INFO - PRINT: Users in test:{11, 6}
2025-04-22 18:50:33,083 - INFO - PRINT: Number of windows for training:70055
2025-04-22 18:50:33,083 - INFO - PRINT: Number of windows for testing:5388
2025-04-22 18:50:33,316 - INFO - PRINT: Epoch | Train Loss |  Val Loss  |  Val PR-AUC  |  Val ROC-AUC  |  Epoch Time (s)
2025-04-22 18:50:33,316 - INFO - PRINT: -------------------------------------------------------------------------------------
2025-04-22 19:02:43,304 - INFO - PRINT:     1 | 0.686026 | 0.428246 | 0.9621 | 0.8263 | 705.88
2025-04-22 19:14:51,379 - INFO - PRINT:     2 | 0.721215 | 0.449146 | 0.9612 | 0.8218 | 706.32
2025-04-22 19:26:58,353 - INFO - PRINT:     3 | 0.747338 | 0.464163 | 0.9604 | 0.8175 | 705.08
2025-04-22 19:39:05,321 - INFO - PRINT:     4 | 0.767031 | 0.475338 | 0.9597 | 0.8140 | 703.15
2025-04-22 19:51:15,539 - INFO - PRINT:     5 | 0.782435 | 0.483414 | 0.9592 | 0.8114 | 705.73
2025-04-22 20:03:26,442 - INFO - PRINT:     6 | 0.787260 | 0.487711 | 0.9590 | 0.8104 | 706.06
2025-04-22 20:03:26,443 - INFO - PRINT: 
Early stopping triggered after epoch 6
2025-04-22 20:03:26,443 - INFO - PRINT: Best validation PR-AUC: 0.9621
2025-04-22 20:03:50,749 - INFO - PRINT: ----------------------------------------------------------------------------------------------------
2025-04-22 20:03:50,750 - INFO - PRINT: FOLD: 2
2025-04-22 20:03:50,750 - INFO - PRINT: TRAIN: [10, 11, 6, 31]
2025-04-22 20:03:50,750 - INFO - PRINT: VAL: [9, 14, 15, 24, 28]
2025-04-22 20:03:53,204 - INFO - PRINT: Preparing sequences...
2025-04-22 20:03:53,535 - INFO - PRINT: Preparing sequences with undersampling...
2025-04-22 20:03:54,869 - INFO - PRINT: Balancing sequences via undersampling...
2025-04-22 20:03:55,879 - INFO - PRINT: Undersampled sequence shape: (17326, 800, 7)
2025-04-22 20:03:57,002 - INFO - PRINT: Preparing sequences with undersampling...
2025-04-22 20:04:01,620 - INFO - PRINT: Balancing sequences via undersampling...
