2025-04-29 17:22:21,559 - INFO - Logging initialized to /Users/jofremosegui/Desktop/TFG/wearbac_experiments/models/data_balancing/results/HDC_HRR_UNDERSAMPLING/20250429_172221/training.log
2025-04-29 17:22:21,559 - INFO - PRINT: Total configurations: 1
2025-04-29 17:22:38,140 - INFO - PRINT: ==================================================
BEGIN CROSSVALIDATION
==================================================
2025-04-29 17:22:38,140 - INFO - PRINT: 
CONFIG 0: {'device': 'mps', 'window_size': 800, 'ngrams': 7, 'hdc_dimension': 5000, 'batch_size': 64, 'learning_rate': 2, 'epochs': 10, 'patience': 5, 'overlap_ratio': 0.5, 'vsa_type': 'HRR', 'runtime_log_fld': 'results/HDC_HRR_UNDERSAMPLING/20250429_172221'}

2025-04-29 17:22:38,140 - INFO - PRINT: ----------------------------------------------------------------------------------------------------
2025-04-29 17:22:38,140 - INFO - PRINT: FOLD: 1
2025-04-29 17:22:38,140 - INFO - PRINT: TRAIN: [9, 10, 14, 15, 24, 28, 31]
2025-04-29 17:22:38,140 - INFO - PRINT: VAL: [11, 6]
2025-04-29 17:22:39,355 - INFO - PRINT: Preparing sequences...
2025-04-29 17:22:40,620 - INFO - PRINT: Preparing sequences with undersampling...
2025-04-29 17:22:45,361 - INFO - PRINT: Balancing sequences via undersampling...
2025-04-29 17:22:48,330 - INFO - PRINT: Undersampled sequence shape: (70055, 800, 7)
2025-04-29 17:22:48,534 - INFO - PRINT: Preparing sequences with undersampling...
2025-04-29 17:22:48,873 - INFO - PRINT: Balancing sequences via undersampling...
2025-04-29 17:22:49,113 - INFO - PRINT: Undersampled sequence shape: (5388, 800, 7)
2025-04-29 17:22:49,686 - INFO - PRINT: Users in train:{9, 10, 14, 15, 24, 28, 31}
2025-04-29 17:22:49,725 - INFO - PRINT: Users in test:{11, 6}
2025-04-29 17:22:49,725 - INFO - PRINT: Number of windows for training:70055
2025-04-29 17:22:49,725 - INFO - PRINT: Number of windows for testing:5388
2025-04-29 17:22:49,924 - INFO - PRINT: Epoch | Train Loss |  Val Loss  |  Val PR-AUC  |  Val ROC-AUC  |  Epoch Time (s)
2025-04-29 17:22:49,924 - INFO - PRINT: -------------------------------------------------------------------------------------
2025-04-29 17:35:05,183 - INFO - PRINT:     1 | 0.645295 | 0.686960 | 0.1372 | 0.4557 | 709.38
