2025-04-30 10:22:46,154 - INFO - Logging initialized to /Users/jofremosegui/Desktop/TFG/wearbac_experiments/models/data_balancing/results/HDC_HRR_UNDERSAMPLING/20250430_102246/training.log
2025-04-30 10:22:46,155 - INFO - PRINT: Total configurations: 1
2025-04-30 10:23:13,453 - INFO - PRINT: ==================================================
BEGIN CROSSVALIDATION
==================================================
2025-04-30 10:23:13,453 - INFO - PRINT: 
CONFIG 0: {'device': 'mps', 'window_size': 800, 'ngrams': 7, 'hdc_dimension': 7000, 'batch_size': 64, 'learning_rate': 2, 'epochs': 10, 'patience': 5, 'overlap_ratio': 0.5, 'vsa_type': 'HRR', 'runtime_log_fld': 'results/HDC_HRR_UNDERSAMPLING/20250430_102246'}

2025-04-30 10:23:13,453 - INFO - PRINT: ----------------------------------------------------------------------------------------------------
2025-04-30 10:23:13,453 - INFO - PRINT: FOLD: 1
2025-04-30 10:23:13,453 - INFO - PRINT: TRAIN: [9, 10, 14, 15, 24, 28, 31]
2025-04-30 10:23:13,453 - INFO - PRINT: VAL: [11, 6]
2025-04-30 10:23:15,083 - INFO - PRINT: Preparing sequences...
2025-04-30 10:23:16,305 - INFO - PRINT: Preparing sequences with undersampling...
2025-04-30 10:23:20,908 - INFO - PRINT: Balancing sequences via undersampling...
2025-04-30 10:23:24,821 - INFO - PRINT: Undersampled sequence shape: (70055, 800, 7)
2025-04-30 10:23:25,049 - INFO - PRINT: Preparing sequences with undersampling...
2025-04-30 10:23:25,346 - INFO - PRINT: Balancing sequences via undersampling...
2025-04-30 10:23:25,542 - INFO - PRINT: Undersampled sequence shape: (5388, 800, 7)
2025-04-30 10:23:26,118 - INFO - PRINT: Users in train:{9, 10, 14, 15, 24, 28, 31}
2025-04-30 10:23:26,155 - INFO - PRINT: Users in test:{11, 6}
2025-04-30 10:23:26,155 - INFO - PRINT: Number of windows for training:70055
2025-04-30 10:23:26,155 - INFO - PRINT: Number of windows for testing:5388
2025-04-30 10:23:26,429 - INFO - PRINT: Epoch | Train Loss |  Val Loss  |  Val PR-AUC  |  Val ROC-AUC  |  Epoch Time (s)
2025-04-30 10:23:26,429 - INFO - PRINT: -------------------------------------------------------------------------------------
