2025-05-28 19:39:14,998 - INFO - Logging initialized to /Users/jofremosegui/Desktop/TFG/wearbac_experiments/models/data_balancing/results/1D-CNN_DATA_AUGMENTATION/20250528_193914/training.log
2025-05-28 19:39:14,998 - INFO - PRINT: NUMBER OF CONFIGS:  12
2025-05-28 19:39:35,007 - INFO - PRINT: ==================================================
BEGIN CROSSVALIDATION
==================================================
2025-05-28 19:39:35,007 - INFO - PRINT: 
CONFIG 0: {'device': 'mps', 'window_size': 800, 'batch_size': 128, 'dropout': 0.1, 'learning_rate': 0.001, 'epochs': 100, 'patience': 5, 'overlap_ratio': 0.5, 'num_filters': 16, 'pooling': 'avg', 'runtime_log_fld': 'results/1D-CNN_DATA_AUGMENTATION/20250528_193914'}

2025-05-28 19:39:35,007 - INFO - PRINT: ----------------------------------------------------------------------------------------------------
2025-05-28 19:39:35,007 - INFO - PRINT: FOLD: 1
2025-05-28 19:39:35,007 - INFO - PRINT: TRAIN: [9, 10, 14, 15, 24, 28, 31]
2025-05-28 19:39:35,007 - INFO - PRINT: VAL: [11, 6]
2025-05-28 19:39:36,344 - INFO - PRINT: Preparing sequences...
2025-05-28 19:39:36,345 - INFO - PRINT: Preparing sequences with undersampling...
2025-05-28 19:39:46,226 - INFO - PRINT: Starting sequence preparation...
2025-05-28 19:39:46,254 - INFO - PRINT: Processing 5 sessions...
2025-05-28 19:39:46,544 - INFO - PRINT: Created 3115 sequences
2025-05-28 19:39:46,544 - INFO - PRINT: Sequences shape: (3115, 800, 7)
2025-05-28 19:39:47,116 - INFO - PRINT: Users in train:{9, 10, 14, 15, 24, 28, 31}
2025-05-28 19:39:47,156 - INFO - PRINT: Users in test:{11, 6}
2025-05-28 19:39:47,156 - INFO - PRINT: Number of windows for training:76787
2025-05-28 19:39:47,156 - INFO - PRINT: Number of windows for testing:3115
2025-05-28 19:39:47,676 - INFO - PRINT: Epoch | Train Loss |  Val Loss  |  Val PR-AUC  |  Val ROC-AUC  |  Epoch Time (s)
2025-05-28 19:39:47,677 - INFO - PRINT: -------------------------------------------------------------------------------------
2025-05-28 19:39:53,769 - INFO - PRINT:     1 | 0.442157 | 0.345305 | 0.2169 | 0.6568 | 5.93
2025-05-28 19:39:57,459 - INFO - PRINT:     2 | 0.417214 | 0.369228 | 0.1955 | 0.6564 | 3.60
2025-05-28 19:40:01,216 - INFO - PRINT:     3 | 0.402839 | 0.424446 | 0.1648 | 0.5652 | 3.66
2025-05-28 19:40:05,042 - INFO - PRINT:     4 | 0.390546 | 0.375879 | 0.1822 | 0.6699 | 3.73
2025-05-28 19:40:08,814 - INFO - PRINT:     5 | 0.379719 | 0.379343 | 0.1877 | 0.6857 | 3.69
2025-05-28 19:40:12,506 - INFO - PRINT:     6 | 0.375526 | 0.388288 | 0.2034 | 0.7149 | 3.61
2025-05-28 19:40:12,506 - INFO - PRINT: 
Early stopping triggered after epoch 6
2025-05-28 19:40:12,506 - INFO - PRINT: Best validation PR-AUC: 0.2169
2025-05-28 19:40:12,651 - INFO - PRINT: ----------------------------------------------------------------------------------------------------
2025-05-28 19:40:12,651 - INFO - PRINT: FOLD: 2
2025-05-28 19:40:12,651 - INFO - PRINT: TRAIN: [10, 11, 6, 31]
2025-05-28 19:40:12,651 - INFO - PRINT: VAL: [9, 14, 15, 24, 28]
2025-05-28 19:40:13,927 - INFO - PRINT: Preparing sequences...
2025-05-28 19:40:13,927 - INFO - PRINT: Preparing sequences with undersampling...
2025-05-28 19:40:17,476 - INFO - PRINT: Starting sequence preparation...
2025-05-28 19:40:17,810 - INFO - PRINT: Processing 28 sessions...
2025-05-28 19:40:21,321 - INFO - PRINT: Created 37935 sequences
2025-05-28 19:40:21,321 - INFO - PRINT: Sequences shape: (37935, 800, 7)
2025-05-28 19:40:21,500 - INFO - PRINT: Users in train:{10, 11, 6, 31}
2025-05-28 19:40:21,994 - INFO - PRINT: Users in test:{9, 14, 15, 24, 28}
2025-05-28 19:40:21,994 - INFO - PRINT: Number of windows for training:21404
2025-05-28 19:40:21,994 - INFO - PRINT: Number of windows for testing:37935
2025-05-28 19:40:22,068 - INFO - PRINT: Epoch | Train Loss |  Val Loss  |  Val PR-AUC  |  Val ROC-AUC  |  Epoch Time (s)
2025-05-28 19:40:22,068 - INFO - PRINT: -------------------------------------------------------------------------------------
2025-05-28 19:40:24,513 - INFO - PRINT:     1 | 0.340576 | 1.251249 | 0.6296 | 0.7129 | 1.46
2025-05-28 19:40:26,305 - INFO - PRINT:     2 | 0.264866 | 0.689662 | 0.6529 | 0.7159 | 0.98
2025-05-28 19:40:28,185 - INFO - PRINT:     3 | 0.254680 | 0.854361 | 0.6925 | 0.7454 | 1.05
2025-05-28 19:40:30,099 - INFO - PRINT:     4 | 0.249104 | 0.861285 | 0.6920 | 0.7427 | 1.13
2025-05-28 19:40:31,949 - INFO - PRINT:     5 | 0.246034 | 1.049822 | 0.6634 | 0.7094 | 1.02
2025-05-28 19:40:33,813 - INFO - PRINT:     6 | 0.244582 | 1.235233 | 0.6767 | 0.7293 | 0.99
2025-05-28 19:40:35,782 - INFO - PRINT:     7 | 0.242012 | 0.834290 | 0.6715 | 0.7085 | 1.15
2025-05-28 19:40:37,647 - INFO - PRINT:     8 | 0.239543 | 0.852792 | 0.6846 | 0.7332 | 1.04
2025-05-28 19:40:37,647 - INFO - PRINT: 
Early stopping triggered after epoch 8
2025-05-28 19:40:37,647 - INFO - PRINT: Best validation PR-AUC: 0.6925
2025-05-28 19:40:38,400 - INFO - PRINT: ----------------------------------------------------------------------------------------------------
2025-05-28 19:40:38,400 - INFO - PRINT: FOLD: 3
2025-05-28 19:40:38,400 - INFO - PRINT: TRAIN: [6, 9, 11, 14, 15, 24, 28]
2025-05-28 19:40:38,400 - INFO - PRINT: VAL: [10, 31]
2025-05-28 19:40:39,658 - INFO - PRINT: Preparing sequences...
2025-05-28 19:40:39,659 - INFO - PRINT: Preparing sequences with undersampling...
2025-05-28 19:40:48,380 - INFO - PRINT: Starting sequence preparation...
2025-05-28 19:40:48,445 - INFO - PRINT: Processing 10 sessions...
2025-05-28 19:40:49,258 - INFO - PRINT: Created 8562 sequences
2025-05-28 19:40:49,258 - INFO - PRINT: Sequences shape: (8562, 800, 7)
2025-05-28 19:40:49,813 - INFO - PRINT: Users in train:{6, 9, 11, 14, 15, 24, 28}
2025-05-28 19:40:49,926 - INFO - PRINT: Users in test:{10, 31}
2025-05-28 19:40:49,926 - INFO - PRINT: Number of windows for training:67105
2025-05-28 19:40:49,926 - INFO - PRINT: Number of windows for testing:8562
2025-05-28 19:40:49,978 - INFO - PRINT: Epoch | Train Loss |  Val Loss  |  Val PR-AUC  |  Val ROC-AUC  |  Epoch Time (s)
2025-05-28 19:40:49,978 - INFO - PRINT: -------------------------------------------------------------------------------------
2025-05-28 19:40:54,257 - INFO - PRINT:     1 | 0.443451 | 0.408239 | 0.5804 | 0.8042 | 4.02
2025-05-28 19:40:57,739 - INFO - PRINT:     2 | 0.417315 | 0.468150 | 0.5752 | 0.8080 | 3.22
2025-05-28 19:41:01,143 - INFO - PRINT:     3 | 0.405590 | 0.432633 | 0.5484 | 0.7913 | 3.14
2025-05-28 19:41:04,533 - INFO - PRINT:     4 | 0.394747 | 0.528529 | 0.5322 | 0.7890 | 3.13
2025-05-28 19:41:07,959 - INFO - PRINT:     5 | 0.382113 | 0.654508 | 0.5149 | 0.7893 | 3.17
2025-05-28 19:41:11,323 - INFO - PRINT:     6 | 0.372683 | 0.405249 | 0.5571 | 0.7997 | 3.10
2025-05-28 19:41:11,323 - INFO - PRINT: 
Early stopping triggered after epoch 6
2025-05-28 19:41:11,323 - INFO - PRINT: Best validation PR-AUC: 0.5804
2025-05-28 19:41:11,657 - INFO - PRINT: Validation ROC-AUC: 0.7997, PR-AUC: 0.5571, Accuracy: 0.8361, Sober Accuracy: 0.9079, Drunk Accuracy: 0.5193, F1: 0.5392, Threshold: 0.4600
2025-05-28 19:41:11,657 - INFO - PRINT: Updated best config: {'device': 'mps', 'window_size': 800, 'batch_size': 128, 'dropout': 0.1, 'learning_rate': 0.001, 'epochs': 100, 'patience': 5, 'overlap_ratio': 0.5, 'num_filters': 16, 'pooling': 'avg', 'runtime_log_fld': 'results/1D-CNN_DATA_AUGMENTATION/20250528_193914'}, PR-AUC: 0.5571, Threshold: 0.4600, Epoch: 2.00
2025-05-28 19:41:11,657 - INFO - PRINT: 
CONFIG 1: {'device': 'mps', 'window_size': 800, 'batch_size': 128, 'dropout': 0.1, 'learning_rate': 0.001, 'epochs': 100, 'patience': 5, 'overlap_ratio': 0.5, 'num_filters': 16, 'pooling': 'max', 'runtime_log_fld': 'results/1D-CNN_DATA_AUGMENTATION/20250528_193914'}

2025-05-28 19:41:11,658 - INFO - PRINT: ----------------------------------------------------------------------------------------------------
2025-05-28 19:41:11,658 - INFO - PRINT: FOLD: 1
2025-05-28 19:41:11,658 - INFO - PRINT: TRAIN: [9, 10, 14, 15, 24, 28, 31]
2025-05-28 19:41:11,658 - INFO - PRINT: VAL: [11, 6]
2025-05-28 19:41:12,875 - INFO - PRINT: Preparing sequences...
2025-05-28 19:41:12,875 - INFO - PRINT: Preparing sequences with undersampling...
2025-05-28 19:41:23,155 - INFO - PRINT: Starting sequence preparation...
2025-05-28 19:41:23,180 - INFO - PRINT: Processing 5 sessions...
2025-05-28 19:41:23,470 - INFO - PRINT: Created 3115 sequences
2025-05-28 19:41:23,470 - INFO - PRINT: Sequences shape: (3115, 800, 7)
2025-05-28 19:41:24,079 - INFO - PRINT: Users in train:{9, 10, 14, 15, 24, 28, 31}
2025-05-28 19:41:24,121 - INFO - PRINT: Users in test:{11, 6}
2025-05-28 19:41:24,121 - INFO - PRINT: Number of windows for training:76787
2025-05-28 19:41:24,121 - INFO - PRINT: Number of windows for testing:3115
2025-05-28 19:41:24,177 - INFO - PRINT: Epoch | Train Loss |  Val Loss  |  Val PR-AUC  |  Val ROC-AUC  |  Epoch Time (s)
2025-05-28 19:41:24,177 - INFO - PRINT: -------------------------------------------------------------------------------------
2025-05-28 19:41:29,275 - INFO - PRINT:     1 | 0.434924 | 0.352359 | 0.1959 | 0.6408 | 4.98
2025-05-28 19:41:33,059 - INFO - PRINT:     2 | 0.417587 | 0.354105 | 0.2121 | 0.6863 | 3.70
2025-05-28 19:41:37,052 - INFO - PRINT:     3 | 0.408849 | 0.362165 | 0.2061 | 0.6752 | 3.90
2025-05-28 19:41:40,877 - INFO - PRINT:     4 | 0.399077 | 0.350441 | 0.2039 | 0.6980 | 3.73
2025-05-28 19:41:45,004 - INFO - PRINT:     5 | 0.388714 | 0.375265 | 0.2016 | 0.6923 | 4.04
2025-05-28 19:41:49,093 - INFO - PRINT:     6 | 0.380043 | 0.354937 | 0.2028 | 0.6999 | 4.01
2025-05-28 19:41:53,008 - INFO - PRINT:     7 | 0.374184 | 0.358547 | 0.2055 | 0.6919 | 3.83
2025-05-28 19:41:53,008 - INFO - PRINT: 
Early stopping triggered after epoch 7
2025-05-28 19:41:53,008 - INFO - PRINT: Best validation PR-AUC: 0.2121
2025-05-28 19:41:53,143 - INFO - PRINT: ----------------------------------------------------------------------------------------------------
2025-05-28 19:41:53,144 - INFO - PRINT: FOLD: 2
2025-05-28 19:41:53,144 - INFO - PRINT: TRAIN: [10, 11, 6, 31]
2025-05-28 19:41:53,144 - INFO - PRINT: VAL: [9, 14, 15, 24, 28]
2025-05-28 19:41:54,252 - INFO - PRINT: Preparing sequences...
2025-05-28 19:41:54,252 - INFO - PRINT: Preparing sequences with undersampling...
2025-05-28 19:41:57,714 - INFO - PRINT: Starting sequence preparation...
2025-05-28 19:41:57,986 - INFO - PRINT: Processing 28 sessions...
2025-05-28 19:42:01,630 - INFO - PRINT: Created 37935 sequences
2025-05-28 19:42:01,630 - INFO - PRINT: Sequences shape: (37935, 800, 7)
2025-05-28 19:42:01,797 - INFO - PRINT: Users in train:{10, 11, 6, 31}
2025-05-28 19:42:02,287 - INFO - PRINT: Users in test:{9, 14, 15, 24, 28}
2025-05-28 19:42:02,287 - INFO - PRINT: Number of windows for training:21404
2025-05-28 19:42:02,287 - INFO - PRINT: Number of windows for testing:37935
2025-05-28 19:42:02,345 - INFO - PRINT: Epoch | Train Loss |  Val Loss  |  Val PR-AUC  |  Val ROC-AUC  |  Epoch Time (s)
2025-05-28 19:42:02,345 - INFO - PRINT: -------------------------------------------------------------------------------------
2025-05-28 19:42:04,418 - INFO - PRINT:     1 | 0.278604 | 0.880950 | 0.7176 | 0.7626 | 1.06
2025-05-28 19:42:06,406 - INFO - PRINT:     2 | 0.260744 | 0.788844 | 0.7231 | 0.7665 | 1.03
2025-05-28 19:42:08,423 - INFO - PRINT:     3 | 0.256748 | 0.878051 | 0.7253 | 0.7674 | 1.06
2025-05-28 19:42:10,416 - INFO - PRINT:     4 | 0.252996 | 0.859263 | 0.7225 | 0.7688 | 1.04
2025-05-28 19:42:12,436 - INFO - PRINT:     5 | 0.250063 | 0.868771 | 0.7280 | 0.7706 | 1.05
2025-05-28 19:42:14,441 - INFO - PRINT:     6 | 0.250456 | 0.899955 | 0.7285 | 0.7697 | 1.04
2025-05-28 19:42:16,470 - INFO - PRINT:     7 | 0.249939 | 0.842492 | 0.7216 | 0.7631 | 1.06
2025-05-28 19:42:18,529 - INFO - PRINT:     8 | 0.247777 | 0.823420 | 0.7175 | 0.7569 | 1.09
2025-05-28 19:42:20,630 - INFO - PRINT:     9 | 0.243953 | 0.871929 | 0.7073 | 0.7498 | 1.13
2025-05-28 19:42:22,776 - INFO - PRINT:    10 | 0.241461 | 0.849729 | 0.7234 | 0.7601 | 1.19
2025-05-28 19:42:24,768 - INFO - PRINT:    11 | 0.238945 | 0.845811 | 0.7222 | 0.7621 | 1.03
2025-05-28 19:42:24,768 - INFO - PRINT: 
Early stopping triggered after epoch 11
2025-05-28 19:42:24,768 - INFO - PRINT: Best validation PR-AUC: 0.7285
2025-05-28 19:42:25,656 - INFO - PRINT: ----------------------------------------------------------------------------------------------------
2025-05-28 19:42:25,656 - INFO - PRINT: FOLD: 3
2025-05-28 19:42:25,656 - INFO - PRINT: TRAIN: [6, 9, 11, 14, 15, 24, 28]
2025-05-28 19:42:25,656 - INFO - PRINT: VAL: [10, 31]
2025-05-28 19:42:26,835 - INFO - PRINT: Preparing sequences...
2025-05-28 19:42:26,835 - INFO - PRINT: Preparing sequences with undersampling...
2025-05-28 19:42:35,454 - INFO - PRINT: Starting sequence preparation...
2025-05-28 19:42:35,513 - INFO - PRINT: Processing 10 sessions...
2025-05-28 19:42:36,314 - INFO - PRINT: Created 8562 sequences
2025-05-28 19:42:36,314 - INFO - PRINT: Sequences shape: (8562, 800, 7)
2025-05-28 19:42:36,858 - INFO - PRINT: Users in train:{6, 9, 11, 14, 15, 24, 28}
2025-05-28 19:42:36,969 - INFO - PRINT: Users in test:{10, 31}
2025-05-28 19:42:36,969 - INFO - PRINT: Number of windows for training:67105
2025-05-28 19:42:36,969 - INFO - PRINT: Number of windows for testing:8562
2025-05-28 19:42:37,009 - INFO - PRINT: Epoch | Train Loss |  Val Loss  |  Val PR-AUC  |  Val ROC-AUC  |  Epoch Time (s)
2025-05-28 19:42:37,009 - INFO - PRINT: -------------------------------------------------------------------------------------
2025-05-28 19:42:41,613 - INFO - PRINT:     1 | 0.439183 | 0.434654 | 0.5582 | 0.7681 | 4.19
2025-05-28 19:42:45,083 - INFO - PRINT:     2 | 0.413871 | 0.396707 | 0.5655 | 0.7718 | 3.20
2025-05-28 19:42:48,566 - INFO - PRINT:     3 | 0.402168 | 0.498191 | 0.5398 | 0.7471 | 3.19
2025-05-28 19:42:52,086 - INFO - PRINT:     4 | 0.385955 | 0.435403 | 0.5500 | 0.7593 | 3.26
2025-05-28 19:42:55,528 - INFO - PRINT:     5 | 0.377612 | 0.488885 | 0.5379 | 0.7435 | 3.15
2025-05-28 19:42:59,039 - INFO - PRINT:     6 | 0.371781 | 0.511959 | 0.5260 | 0.7421 | 3.23
2025-05-28 19:43:02,602 - INFO - PRINT:     7 | 0.364518 | 0.702042 | 0.5135 | 0.6834 | 3.25
2025-05-28 19:43:02,602 - INFO - PRINT: 
Early stopping triggered after epoch 7
2025-05-28 19:43:02,602 - INFO - PRINT: Best validation PR-AUC: 0.5655
2025-05-28 19:43:02,982 - INFO - PRINT: Validation ROC-AUC: 0.6834, PR-AUC: 0.5135, Accuracy: 0.8506, Sober Accuracy: 0.9414, Drunk Accuracy: 0.4497, F1: 0.5265, Threshold: 0.8000
2025-05-28 19:43:02,982 - INFO - PRINT: 
CONFIG 2: {'device': 'mps', 'window_size': 800, 'batch_size': 128, 'dropout': 0.1, 'learning_rate': 0.001, 'epochs': 100, 'patience': 5, 'overlap_ratio': 0.5, 'num_filters': 32, 'pooling': 'avg', 'runtime_log_fld': 'results/1D-CNN_DATA_AUGMENTATION/20250528_193914'}

2025-05-28 19:43:02,982 - INFO - PRINT: ----------------------------------------------------------------------------------------------------
2025-05-28 19:43:02,982 - INFO - PRINT: FOLD: 1
2025-05-28 19:43:02,982 - INFO - PRINT: TRAIN: [9, 10, 14, 15, 24, 28, 31]
2025-05-28 19:43:02,982 - INFO - PRINT: VAL: [11, 6]
2025-05-28 19:43:04,228 - INFO - PRINT: Preparing sequences...
2025-05-28 19:43:04,228 - INFO - PRINT: Preparing sequences with undersampling...
2025-05-28 19:43:13,803 - INFO - PRINT: Starting sequence preparation...
2025-05-28 19:43:13,826 - INFO - PRINT: Processing 5 sessions...
2025-05-28 19:43:14,122 - INFO - PRINT: Created 3115 sequences
2025-05-28 19:43:14,122 - INFO - PRINT: Sequences shape: (3115, 800, 7)
2025-05-28 19:43:14,724 - INFO - PRINT: Users in train:{9, 10, 14, 15, 24, 28, 31}
2025-05-28 19:43:14,766 - INFO - PRINT: Users in test:{11, 6}
2025-05-28 19:43:14,766 - INFO - PRINT: Number of windows for training:76787
2025-05-28 19:43:14,766 - INFO - PRINT: Number of windows for testing:3115
2025-05-28 19:43:14,828 - INFO - PRINT: Epoch | Train Loss |  Val Loss  |  Val PR-AUC  |  Val ROC-AUC  |  Epoch Time (s)
2025-05-28 19:43:14,828 - INFO - PRINT: -------------------------------------------------------------------------------------
2025-05-28 19:43:19,544 - INFO - PRINT:     1 | 0.436871 | 0.349606 | 0.1916 | 0.6592 | 4.57
2025-05-28 19:43:23,093 - INFO - PRINT:     2 | 0.415594 | 0.484390 | 0.1844 | 0.6272 | 3.47
2025-05-28 19:43:26,707 - INFO - PRINT:     3 | 0.397536 | 0.396000 | 0.1883 | 0.6814 | 3.53
2025-05-28 19:43:30,360 - INFO - PRINT:     4 | 0.385221 | 0.430065 | 0.2005 | 0.7071 | 3.57
2025-05-28 19:43:33,991 - INFO - PRINT:     5 | 0.380589 | 0.420417 | 0.1970 | 0.6832 | 3.55
2025-05-28 19:43:37,675 - INFO - PRINT:     6 | 0.375075 | 0.457851 | 0.2009 | 0.7158 | 3.60
2025-05-28 19:43:41,284 - INFO - PRINT:     7 | 0.373050 | 0.427877 | 0.1963 | 0.6818 | 3.53
2025-05-28 19:43:45,043 - INFO - PRINT:     8 | 0.371371 | 0.348368 | 0.1919 | 0.6914 | 3.68
2025-05-28 19:43:48,750 - INFO - PRINT:     9 | 0.368139 | 0.343857 | 0.2005 | 0.6859 | 3.63
2025-05-28 19:43:52,672 - INFO - PRINT:    10 | 0.364728 | 0.431559 | 0.2177 | 0.6680 | 3.82
2025-05-28 19:43:56,697 - INFO - PRINT:    11 | 0.364074 | 0.341164 | 0.2123 | 0.6993 | 3.95
2025-05-28 19:44:00,785 - INFO - PRINT:    12 | 0.362437 | 0.341019 | 0.2062 | 0.6931 | 4.00
2025-05-28 19:44:05,040 - INFO - PRINT:    13 | 0.361338 | 0.340364 | 0.2408 | 0.7423 | 4.17
2025-05-28 19:44:09,598 - INFO - PRINT:    14 | 0.359191 | 0.354441 | 0.2225 | 0.7195 | 4.48
2025-05-28 19:44:13,746 - INFO - PRINT:    15 | 0.357772 | 0.363307 | 0.2255 | 0.7157 | 4.06
2025-05-28 19:44:17,534 - INFO - PRINT:    16 | 0.356316 | 0.333753 | 0.2355 | 0.7411 | 3.70
2025-05-28 19:44:21,365 - INFO - PRINT:    17 | 0.356331 | 0.332601 | 0.2224 | 0.7289 | 3.75
2025-05-28 19:44:25,136 - INFO - PRINT:    18 | 0.352752 | 0.370469 | 0.2027 | 0.7100 | 3.69
2025-05-28 19:44:25,136 - INFO - PRINT: 
Early stopping triggered after epoch 18
2025-05-28 19:44:25,136 - INFO - PRINT: Best validation PR-AUC: 0.2408
2025-05-28 19:44:25,277 - INFO - PRINT: ----------------------------------------------------------------------------------------------------
2025-05-28 19:44:25,277 - INFO - PRINT: FOLD: 2
2025-05-28 19:44:25,277 - INFO - PRINT: TRAIN: [10, 11, 6, 31]
2025-05-28 19:44:25,277 - INFO - PRINT: VAL: [9, 14, 15, 24, 28]
2025-05-28 19:44:26,386 - INFO - PRINT: Preparing sequences...
2025-05-28 19:44:26,386 - INFO - PRINT: Preparing sequences with undersampling...
2025-05-28 19:44:29,910 - INFO - PRINT: Starting sequence preparation...
2025-05-28 19:44:30,185 - INFO - PRINT: Processing 28 sessions...
2025-05-28 19:44:33,775 - INFO - PRINT: Created 37935 sequences
2025-05-28 19:44:33,775 - INFO - PRINT: Sequences shape: (37935, 800, 7)
2025-05-28 19:44:33,946 - INFO - PRINT: Users in train:{10, 11, 6, 31}
2025-05-28 19:44:34,439 - INFO - PRINT: Users in test:{9, 14, 15, 24, 28}
2025-05-28 19:44:34,439 - INFO - PRINT: Number of windows for training:21404
2025-05-28 19:44:34,439 - INFO - PRINT: Number of windows for testing:37935
2025-05-28 19:44:34,507 - INFO - PRINT: Epoch | Train Loss |  Val Loss  |  Val PR-AUC  |  Val ROC-AUC  |  Epoch Time (s)
2025-05-28 19:44:34,508 - INFO - PRINT: -------------------------------------------------------------------------------------
2025-05-28 19:44:36,797 - INFO - PRINT:     1 | 0.315301 | 1.110348 | 0.6755 | 0.7417 | 1.32
2025-05-28 19:44:38,633 - INFO - PRINT:     2 | 0.259290 | 0.629462 | 0.6961 | 0.7446 | 1.01
2025-05-28 19:44:40,517 - INFO - PRINT:     3 | 0.248269 | 0.711516 | 0.7045 | 0.7549 | 1.06
2025-05-28 19:44:42,415 - INFO - PRINT:     4 | 0.242930 | 0.930418 | 0.6493 | 0.6836 | 1.07
2025-05-28 19:44:44,301 - INFO - PRINT:     5 | 0.239160 | 1.108782 | 0.5671 | 0.6427 | 1.05
2025-05-28 19:44:46,240 - INFO - PRINT:     6 | 0.238142 | 0.790099 | 0.7046 | 0.7523 | 1.11
2025-05-28 19:44:48,191 - INFO - PRINT:     7 | 0.237354 | 0.585002 | 0.7073 | 0.7270 | 1.11
2025-05-28 19:44:50,106 - INFO - PRINT:     8 | 0.234709 | 1.094894 | 0.6784 | 0.7346 | 1.08
2025-05-28 19:44:52,021 - INFO - PRINT:     9 | 0.234245 | 0.654920 | 0.7160 | 0.7549 | 1.08
2025-05-28 19:44:53,938 - INFO - PRINT:    10 | 0.230199 | 1.284607 | 0.6430 | 0.7158 | 1.08
2025-05-28 19:44:55,836 - INFO - PRINT:    11 | 0.229404 | 1.211034 | 0.6633 | 0.7249 | 1.06
2025-05-28 19:44:58,077 - INFO - PRINT:    12 | 0.230411 | 1.034584 | 0.6975 | 0.7463 | 1.24
2025-05-28 19:44:59,986 - INFO - PRINT:    13 | 0.228895 | 1.069944 | 0.5809 | 0.6247 | 1.07
2025-05-28 19:45:02,346 - INFO - PRINT:    14 | 0.226726 | 0.679662 | 0.6942 | 0.7321 | 1.19
2025-05-28 19:45:02,346 - INFO - PRINT: 
Early stopping triggered after epoch 14
2025-05-28 19:45:02,346 - INFO - PRINT: Best validation PR-AUC: 0.7160
2025-05-28 19:45:03,311 - INFO - PRINT: ----------------------------------------------------------------------------------------------------
2025-05-28 19:45:03,311 - INFO - PRINT: FOLD: 3
2025-05-28 19:45:03,311 - INFO - PRINT: TRAIN: [6, 9, 11, 14, 15, 24, 28]
2025-05-28 19:45:03,311 - INFO - PRINT: VAL: [10, 31]
2025-05-28 19:45:04,641 - INFO - PRINT: Preparing sequences...
2025-05-28 19:45:04,641 - INFO - PRINT: Preparing sequences with undersampling...
2025-05-28 19:45:13,112 - INFO - PRINT: Starting sequence preparation...
2025-05-28 19:45:13,171 - INFO - PRINT: Processing 10 sessions...
2025-05-28 19:45:14,005 - INFO - PRINT: Created 8562 sequences
2025-05-28 19:45:14,005 - INFO - PRINT: Sequences shape: (8562, 800, 7)
2025-05-28 19:45:14,550 - INFO - PRINT: Users in train:{6, 9, 11, 14, 15, 24, 28}
2025-05-28 19:45:14,663 - INFO - PRINT: Users in test:{10, 31}
2025-05-28 19:45:14,664 - INFO - PRINT: Number of windows for training:67105
2025-05-28 19:45:14,664 - INFO - PRINT: Number of windows for testing:8562
2025-05-28 19:45:14,709 - INFO - PRINT: Epoch | Train Loss |  Val Loss  |  Val PR-AUC  |  Val ROC-AUC  |  Epoch Time (s)
2025-05-28 19:45:14,709 - INFO - PRINT: -------------------------------------------------------------------------------------
2025-05-28 19:45:18,941 - INFO - PRINT:     1 | 0.443998 | 0.441095 | 0.5862 | 0.8016 | 3.99
2025-05-28 19:45:22,343 - INFO - PRINT:     2 | 0.419082 | 0.544138 | 0.5779 | 0.8002 | 3.14
2025-05-28 19:45:25,719 - INFO - PRINT:     3 | 0.404038 | 0.596715 | 0.5653 | 0.7951 | 3.11
2025-05-28 19:45:29,118 - INFO - PRINT:     4 | 0.393105 | 0.543726 | 0.5567 | 0.7911 | 3.13
2025-05-28 19:45:32,539 - INFO - PRINT:     5 | 0.378933 | 0.867789 | 0.5468 | 0.7976 | 3.15
2025-05-28 19:45:35,952 - INFO - PRINT:     6 | 0.370917 | 0.474396 | 0.5666 | 0.7880 | 3.15
2025-05-28 19:45:35,952 - INFO - PRINT: 
Early stopping triggered after epoch 6
2025-05-28 19:45:35,952 - INFO - PRINT: Best validation PR-AUC: 0.5862
2025-05-28 19:45:36,300 - INFO - PRINT: Validation ROC-AUC: 0.7880, PR-AUC: 0.5666, Accuracy: 0.8470, Sober Accuracy: 0.9238, Drunk Accuracy: 0.5079, F1: 0.5508, Threshold: 0.2100
2025-05-28 19:45:36,300 - INFO - PRINT: Updated best config: {'device': 'mps', 'window_size': 800, 'batch_size': 128, 'dropout': 0.1, 'learning_rate': 0.001, 'epochs': 100, 'patience': 5, 'overlap_ratio': 0.5, 'num_filters': 32, 'pooling': 'avg', 'runtime_log_fld': 'results/1D-CNN_DATA_AUGMENTATION/20250528_193914'}, PR-AUC: 0.5666, Threshold: 0.2100, Epoch: 8.00
2025-05-28 19:45:36,300 - INFO - PRINT: 
CONFIG 3: {'device': 'mps', 'window_size': 800, 'batch_size': 128, 'dropout': 0.1, 'learning_rate': 0.001, 'epochs': 100, 'patience': 5, 'overlap_ratio': 0.5, 'num_filters': 32, 'pooling': 'max', 'runtime_log_fld': 'results/1D-CNN_DATA_AUGMENTATION/20250528_193914'}

2025-05-28 19:45:36,300 - INFO - PRINT: ----------------------------------------------------------------------------------------------------
2025-05-28 19:45:36,300 - INFO - PRINT: FOLD: 1
2025-05-28 19:45:36,300 - INFO - PRINT: TRAIN: [9, 10, 14, 15, 24, 28, 31]
2025-05-28 19:45:36,300 - INFO - PRINT: VAL: [11, 6]
2025-05-28 19:45:37,551 - INFO - PRINT: Preparing sequences...
2025-05-28 19:45:37,551 - INFO - PRINT: Preparing sequences with undersampling...
2025-05-28 19:45:48,019 - INFO - PRINT: Starting sequence preparation...
2025-05-28 19:45:48,043 - INFO - PRINT: Processing 5 sessions...
2025-05-28 19:45:48,343 - INFO - PRINT: Created 3115 sequences
2025-05-28 19:45:48,343 - INFO - PRINT: Sequences shape: (3115, 800, 7)
2025-05-28 19:45:48,956 - INFO - PRINT: Users in train:{9, 10, 14, 15, 24, 28, 31}
2025-05-28 19:45:48,997 - INFO - PRINT: Users in test:{11, 6}
2025-05-28 19:45:48,997 - INFO - PRINT: Number of windows for training:76787
2025-05-28 19:45:48,997 - INFO - PRINT: Number of windows for testing:3115
2025-05-28 19:45:49,051 - INFO - PRINT: Epoch | Train Loss |  Val Loss  |  Val PR-AUC  |  Val ROC-AUC  |  Epoch Time (s)
2025-05-28 19:45:49,051 - INFO - PRINT: -------------------------------------------------------------------------------------
2025-05-28 19:45:55,349 - INFO - PRINT:     1 | 0.435953 | 0.354755 | 0.1944 | 0.6319 | 6.18
2025-05-28 19:46:00,889 - INFO - PRINT:     2 | 0.408870 | 0.387714 | 0.2093 | 0.6857 | 5.43
2025-05-28 19:46:06,427 - INFO - PRINT:     3 | 0.396126 | 0.345560 | 0.2065 | 0.7007 | 5.43
2025-05-28 19:46:11,974 - INFO - PRINT:     4 | 0.383900 | 0.383481 | 0.1855 | 0.6542 | 5.44
2025-05-28 19:46:17,621 - INFO - PRINT:     5 | 0.376660 | 0.389169 | 0.1983 | 0.6804 | 5.53
2025-05-28 19:46:23,258 - INFO - PRINT:     6 | 0.370834 | 0.369362 | 0.1915 | 0.6668 | 5.52
2025-05-28 19:46:29,099 - INFO - PRINT:     7 | 0.368347 | 0.378042 | 0.2016 | 0.6850 | 5.72
2025-05-28 19:46:29,099 - INFO - PRINT: 
Early stopping triggered after epoch 7
2025-05-28 19:46:29,100 - INFO - PRINT: Best validation PR-AUC: 0.2093
2025-05-28 19:46:29,279 - INFO - PRINT: ----------------------------------------------------------------------------------------------------
2025-05-28 19:46:29,279 - INFO - PRINT: FOLD: 2
2025-05-28 19:46:29,279 - INFO - PRINT: TRAIN: [10, 11, 6, 31]
2025-05-28 19:46:29,279 - INFO - PRINT: VAL: [9, 14, 15, 24, 28]
2025-05-28 19:46:30,510 - INFO - PRINT: Preparing sequences...
2025-05-28 19:46:30,510 - INFO - PRINT: Preparing sequences with undersampling...
2025-05-28 19:46:33,977 - INFO - PRINT: Starting sequence preparation...
2025-05-28 19:46:34,250 - INFO - PRINT: Processing 28 sessions...
2025-05-28 19:46:37,953 - INFO - PRINT: Created 37935 sequences
2025-05-28 19:46:37,953 - INFO - PRINT: Sequences shape: (37935, 800, 7)
2025-05-28 19:46:38,122 - INFO - PRINT: Users in train:{10, 11, 6, 31}
2025-05-28 19:46:38,604 - INFO - PRINT: Users in test:{9, 14, 15, 24, 28}
2025-05-28 19:46:38,604 - INFO - PRINT: Number of windows for training:21404
2025-05-28 19:46:38,604 - INFO - PRINT: Number of windows for testing:37935
2025-05-28 19:46:38,666 - INFO - PRINT: Epoch | Train Loss |  Val Loss  |  Val PR-AUC  |  Val ROC-AUC  |  Epoch Time (s)
2025-05-28 19:46:38,666 - INFO - PRINT: -------------------------------------------------------------------------------------
2025-05-28 19:46:41,914 - INFO - PRINT:     1 | 0.291264 | 0.883895 | 0.7151 | 0.7535 | 1.68
2025-05-28 19:46:45,062 - INFO - PRINT:     2 | 0.263639 | 0.814205 | 0.7176 | 0.7624 | 1.58
2025-05-28 19:46:48,345 - INFO - PRINT:     3 | 0.256405 | 0.862319 | 0.7205 | 0.7643 | 1.62
2025-05-28 19:46:51,345 - INFO - PRINT:     4 | 0.254266 | 0.896171 | 0.7240 | 0.7660 | 1.65
2025-05-28 19:46:54,448 - INFO - PRINT:     5 | 0.251733 | 0.807442 | 0.7239 | 0.7634 | 1.61
2025-05-28 19:46:57,423 - INFO - PRINT:     6 | 0.247789 | 0.848223 | 0.7194 | 0.7650 | 1.64
2025-05-28 19:47:00,306 - INFO - PRINT:     7 | 0.245464 | 0.833224 | 0.7242 | 0.7659 | 1.56
2025-05-28 19:47:03,181 - INFO - PRINT:     8 | 0.242983 | 0.828715 | 0.7212 | 0.7609 | 1.56
2025-05-28 19:47:06,066 - INFO - PRINT:     9 | 0.241545 | 0.916067 | 0.7010 | 0.7473 | 1.56
2025-05-28 19:47:08,949 - INFO - PRINT:    10 | 0.241301 | 0.878551 | 0.7044 | 0.7499 | 1.56
2025-05-28 19:47:11,845 - INFO - PRINT:    11 | 0.234603 | 0.829160 | 0.6982 | 0.7392 | 1.56
2025-05-28 19:47:14,728 - INFO - PRINT:    12 | 0.235517 | 0.810977 | 0.6822 | 0.7306 | 1.56
2025-05-28 19:47:14,728 - INFO - PRINT: 
Early stopping triggered after epoch 12
2025-05-28 19:47:14,728 - INFO - PRINT: Best validation PR-AUC: 0.7242
2025-05-28 19:47:15,966 - INFO - PRINT: ----------------------------------------------------------------------------------------------------
2025-05-28 19:47:15,966 - INFO - PRINT: FOLD: 3
2025-05-28 19:47:15,967 - INFO - PRINT: TRAIN: [6, 9, 11, 14, 15, 24, 28]
2025-05-28 19:47:15,967 - INFO - PRINT: VAL: [10, 31]
2025-05-28 19:47:17,134 - INFO - PRINT: Preparing sequences...
2025-05-28 19:47:17,135 - INFO - PRINT: Preparing sequences with undersampling...
2025-05-28 19:47:26,244 - INFO - PRINT: Starting sequence preparation...
2025-05-28 19:47:26,304 - INFO - PRINT: Processing 10 sessions...
2025-05-28 19:47:27,123 - INFO - PRINT: Created 8562 sequences
2025-05-28 19:47:27,123 - INFO - PRINT: Sequences shape: (8562, 800, 7)
2025-05-28 19:47:27,664 - INFO - PRINT: Users in train:{6, 9, 11, 14, 15, 24, 28}
2025-05-28 19:47:27,775 - INFO - PRINT: Users in test:{10, 31}
2025-05-28 19:47:27,775 - INFO - PRINT: Number of windows for training:67105
2025-05-28 19:47:27,775 - INFO - PRINT: Number of windows for testing:8562
2025-05-28 19:47:27,822 - INFO - PRINT: Epoch | Train Loss |  Val Loss  |  Val PR-AUC  |  Val ROC-AUC  |  Epoch Time (s)
2025-05-28 19:47:27,822 - INFO - PRINT: -------------------------------------------------------------------------------------
2025-05-28 19:47:33,559 - INFO - PRINT:     1 | 0.427135 | 0.444986 | 0.5630 | 0.7774 | 5.43
2025-05-28 19:47:38,645 - INFO - PRINT:     2 | 0.399409 | 0.477552 | 0.5479 | 0.7511 | 4.78
2025-05-28 19:47:43,732 - INFO - PRINT:     3 | 0.385400 | 0.462401 | 0.5610 | 0.7590 | 4.78
2025-05-28 19:47:48,809 - INFO - PRINT:     4 | 0.375439 | 0.519162 | 0.5383 | 0.7457 | 4.78
2025-05-28 19:47:53,867 - INFO - PRINT:     5 | 0.367549 | 0.457012 | 0.5543 | 0.7435 | 4.76
2025-05-28 19:47:58,929 - INFO - PRINT:     6 | 0.363653 | 0.440199 | 0.5297 | 0.7261 | 4.76
2025-05-28 19:47:58,929 - INFO - PRINT: 
Early stopping triggered after epoch 6
2025-05-28 19:47:58,929 - INFO - PRINT: Best validation PR-AUC: 0.5630
2025-05-28 19:47:59,352 - INFO - PRINT: Validation ROC-AUC: 0.7261, PR-AUC: 0.5297, Accuracy: 0.8308, Sober Accuracy: 0.9036, Drunk Accuracy: 0.5092, F1: 0.5263, Threshold: 0.4200
2025-05-28 19:47:59,352 - INFO - PRINT: 
CONFIG 4: {'device': 'mps', 'window_size': 800, 'batch_size': 128, 'dropout': 0.1, 'learning_rate': 0.001, 'epochs': 100, 'patience': 5, 'overlap_ratio': 0.5, 'num_filters': 64, 'pooling': 'avg', 'runtime_log_fld': 'results/1D-CNN_DATA_AUGMENTATION/20250528_193914'}

2025-05-28 19:47:59,352 - INFO - PRINT: ----------------------------------------------------------------------------------------------------
2025-05-28 19:47:59,352 - INFO - PRINT: FOLD: 1
2025-05-28 19:47:59,352 - INFO - PRINT: TRAIN: [9, 10, 14, 15, 24, 28, 31]
2025-05-28 19:47:59,352 - INFO - PRINT: VAL: [11, 6]
2025-05-28 19:48:00,802 - INFO - PRINT: Preparing sequences...
2025-05-28 19:48:00,802 - INFO - PRINT: Preparing sequences with undersampling...
2025-05-28 19:48:10,638 - INFO - PRINT: Starting sequence preparation...
2025-05-28 19:48:10,665 - INFO - PRINT: Processing 5 sessions...
2025-05-28 19:48:10,965 - INFO - PRINT: Created 3115 sequences
2025-05-28 19:48:10,965 - INFO - PRINT: Sequences shape: (3115, 800, 7)
2025-05-28 19:48:11,568 - INFO - PRINT: Users in train:{9, 10, 14, 15, 24, 28, 31}
2025-05-28 19:48:11,607 - INFO - PRINT: Users in test:{11, 6}
2025-05-28 19:48:11,607 - INFO - PRINT: Number of windows for training:76787
2025-05-28 19:48:11,607 - INFO - PRINT: Number of windows for testing:3115
2025-05-28 19:48:11,661 - INFO - PRINT: Epoch | Train Loss |  Val Loss  |  Val PR-AUC  |  Val ROC-AUC  |  Epoch Time (s)
2025-05-28 19:48:11,662 - INFO - PRINT: -------------------------------------------------------------------------------------
2025-05-28 19:48:17,759 - INFO - PRINT:     1 | 0.437449 | 0.338588 | 0.2351 | 0.6825 | 5.97
2025-05-28 19:48:23,404 - INFO - PRINT:     2 | 0.413287 | 0.346879 | 0.1937 | 0.6758 | 5.54
2025-05-28 19:48:28,965 - INFO - PRINT:     3 | 0.398339 | 0.493234 | 0.1890 | 0.6903 | 5.45
2025-05-28 19:48:34,674 - INFO - PRINT:     4 | 0.383091 | 0.380654 | 0.2061 | 0.7320 | 5.60
2025-05-28 19:48:40,212 - INFO - PRINT:     5 | 0.371443 | 0.385230 | 0.2088 | 0.7304 | 5.43
2025-05-28 19:48:45,739 - INFO - PRINT:     6 | 0.367430 | 0.337903 | 0.2084 | 0.7213 | 5.42
2025-05-28 19:48:45,739 - INFO - PRINT: 
Early stopping triggered after epoch 6
2025-05-28 19:48:45,739 - INFO - PRINT: Best validation PR-AUC: 0.2351
2025-05-28 19:48:45,896 - INFO - PRINT: ----------------------------------------------------------------------------------------------------
2025-05-28 19:48:45,896 - INFO - PRINT: FOLD: 2
2025-05-28 19:48:45,896 - INFO - PRINT: TRAIN: [10, 11, 6, 31]
2025-05-28 19:48:45,896 - INFO - PRINT: VAL: [9, 14, 15, 24, 28]
2025-05-28 19:48:47,000 - INFO - PRINT: Preparing sequences...
2025-05-28 19:48:47,000 - INFO - PRINT: Preparing sequences with undersampling...
2025-05-28 19:48:50,564 - INFO - PRINT: Starting sequence preparation...
2025-05-28 19:48:50,839 - INFO - PRINT: Processing 28 sessions...
2025-05-28 19:48:54,486 - INFO - PRINT: Created 37935 sequences
2025-05-28 19:48:54,486 - INFO - PRINT: Sequences shape: (37935, 800, 7)
2025-05-28 19:48:54,664 - INFO - PRINT: Users in train:{10, 11, 6, 31}
2025-05-28 19:48:55,153 - INFO - PRINT: Users in test:{9, 14, 15, 24, 28}
2025-05-28 19:48:55,153 - INFO - PRINT: Number of windows for training:21404
2025-05-28 19:48:55,153 - INFO - PRINT: Number of windows for testing:37935
2025-05-28 19:48:55,223 - INFO - PRINT: Epoch | Train Loss |  Val Loss  |  Val PR-AUC  |  Val ROC-AUC  |  Epoch Time (s)
2025-05-28 19:48:55,223 - INFO - PRINT: -------------------------------------------------------------------------------------
2025-05-28 19:48:58,215 - INFO - PRINT:     1 | 0.323175 | 1.910055 | 0.5618 | 0.6785 | 1.63
2025-05-28 19:49:00,897 - INFO - PRINT:     2 | 0.264791 | 0.822597 | 0.6860 | 0.7519 | 1.46
2025-05-28 19:49:03,581 - INFO - PRINT:     3 | 0.253400 | 1.478967 | 0.3757 | 0.4329 | 1.45
2025-05-28 19:49:06,279 - INFO - PRINT:     4 | 0.248356 | 0.908440 | 0.7198 | 0.7641 | 1.46
2025-05-28 19:49:08,970 - INFO - PRINT:     5 | 0.247877 | 1.494485 | 0.7093 | 0.7544 | 1.46
2025-05-28 19:49:11,660 - INFO - PRINT:     6 | 0.244544 | 1.366523 | 0.4805 | 0.5179 | 1.46
2025-05-28 19:49:14,428 - INFO - PRINT:     7 | 0.243091 | 1.113290 | 0.7122 | 0.7583 | 1.50
2025-05-28 19:49:17,208 - INFO - PRINT:     8 | 0.241759 | 0.686803 | 0.6564 | 0.6816 | 1.52
2025-05-28 19:49:19,971 - INFO - PRINT:     9 | 0.237952 | 0.623803 | 0.6947 | 0.7191 | 1.51
2025-05-28 19:49:19,971 - INFO - PRINT: 
Early stopping triggered after epoch 9
2025-05-28 19:49:19,971 - INFO - PRINT: Best validation PR-AUC: 0.7198
2025-05-28 19:49:21,153 - INFO - PRINT: ----------------------------------------------------------------------------------------------------
2025-05-28 19:49:21,153 - INFO - PRINT: FOLD: 3
2025-05-28 19:49:21,153 - INFO - PRINT: TRAIN: [6, 9, 11, 14, 15, 24, 28]
2025-05-28 19:49:21,153 - INFO - PRINT: VAL: [10, 31]
2025-05-28 19:49:22,402 - INFO - PRINT: Preparing sequences...
2025-05-28 19:49:22,402 - INFO - PRINT: Preparing sequences with undersampling...
2025-05-28 19:49:31,077 - INFO - PRINT: Starting sequence preparation...
2025-05-28 19:49:31,134 - INFO - PRINT: Processing 10 sessions...
2025-05-28 19:49:31,973 - INFO - PRINT: Created 8562 sequences
2025-05-28 19:49:31,973 - INFO - PRINT: Sequences shape: (8562, 800, 7)
2025-05-28 19:49:32,507 - INFO - PRINT: Users in train:{6, 9, 11, 14, 15, 24, 28}
2025-05-28 19:49:32,616 - INFO - PRINT: Users in test:{10, 31}
2025-05-28 19:49:32,616 - INFO - PRINT: Number of windows for training:67105
2025-05-28 19:49:32,617 - INFO - PRINT: Number of windows for testing:8562
2025-05-28 19:49:32,662 - INFO - PRINT: Epoch | Train Loss |  Val Loss  |  Val PR-AUC  |  Val ROC-AUC  |  Epoch Time (s)
2025-05-28 19:49:32,662 - INFO - PRINT: -------------------------------------------------------------------------------------
2025-05-28 19:49:37,835 - INFO - PRINT:     1 | 0.437256 | 0.376600 | 0.5916 | 0.8141 | 4.85
2025-05-28 19:49:42,690 - INFO - PRINT:     2 | 0.410784 | 0.412424 | 0.5661 | 0.8052 | 4.56
2025-05-28 19:49:47,829 - INFO - PRINT:     3 | 0.399226 | 0.417788 | 0.5753 | 0.7993 | 4.82
2025-05-28 19:49:53,075 - INFO - PRINT:     4 | 0.391994 | 0.669537 | 0.5726 | 0.8010 | 4.92
2025-05-28 19:49:58,276 - INFO - PRINT:     5 | 0.386366 | 0.481711 | 0.5713 | 0.8023 | 4.89
2025-05-28 19:50:03,312 - INFO - PRINT:     6 | 0.376643 | 0.619629 | 0.5408 | 0.7843 | 4.74
2025-05-28 19:50:03,312 - INFO - PRINT: 
Early stopping triggered after epoch 6
2025-05-28 19:50:03,313 - INFO - PRINT: Best validation PR-AUC: 0.5916
2025-05-28 19:50:03,726 - INFO - PRINT: Validation ROC-AUC: 0.7843, PR-AUC: 0.5408, Accuracy: 0.8076, Sober Accuracy: 0.8635, Drunk Accuracy: 0.5610, F1: 0.5186, Threshold: 0.7800
2025-05-28 19:50:03,726 - INFO - PRINT: 
CONFIG 5: {'device': 'mps', 'window_size': 800, 'batch_size': 128, 'dropout': 0.1, 'learning_rate': 0.001, 'epochs': 100, 'patience': 5, 'overlap_ratio': 0.5, 'num_filters': 64, 'pooling': 'max', 'runtime_log_fld': 'results/1D-CNN_DATA_AUGMENTATION/20250528_193914'}

2025-05-28 19:50:03,726 - INFO - PRINT: ----------------------------------------------------------------------------------------------------
2025-05-28 19:50:03,726 - INFO - PRINT: FOLD: 1
2025-05-28 19:50:03,726 - INFO - PRINT: TRAIN: [9, 10, 14, 15, 24, 28, 31]
2025-05-28 19:50:03,726 - INFO - PRINT: VAL: [11, 6]
2025-05-28 19:50:05,030 - INFO - PRINT: Preparing sequences...
2025-05-28 19:50:05,030 - INFO - PRINT: Preparing sequences with undersampling...
2025-05-28 19:50:15,608 - INFO - PRINT: Starting sequence preparation...
2025-05-28 19:50:15,633 - INFO - PRINT: Processing 5 sessions...
2025-05-28 19:50:15,932 - INFO - PRINT: Created 3115 sequences
2025-05-28 19:50:15,932 - INFO - PRINT: Sequences shape: (3115, 800, 7)
2025-05-28 19:50:16,543 - INFO - PRINT: Users in train:{9, 10, 14, 15, 24, 28, 31}
2025-05-28 19:50:16,583 - INFO - PRINT: Users in test:{11, 6}
2025-05-28 19:50:16,583 - INFO - PRINT: Number of windows for training:76787
2025-05-28 19:50:16,583 - INFO - PRINT: Number of windows for testing:3115
2025-05-28 19:50:16,640 - INFO - PRINT: Epoch | Train Loss |  Val Loss  |  Val PR-AUC  |  Val ROC-AUC  |  Epoch Time (s)
2025-05-28 19:50:16,640 - INFO - PRINT: -------------------------------------------------------------------------------------
2025-05-28 19:50:27,470 - INFO - PRINT:     1 | 0.429908 | 0.390761 | 0.1906 | 0.6331 | 10.64
2025-05-28 19:50:37,548 - INFO - PRINT:     2 | 0.408109 | 0.375953 | 0.2003 | 0.6644 | 9.90
2025-05-28 19:50:47,783 - INFO - PRINT:     3 | 0.402654 | 0.362187 | 0.2078 | 0.6903 | 10.05
2025-05-28 19:50:57,984 - INFO - PRINT:     4 | 0.396489 | 0.355720 | 0.2085 | 0.6955 | 10.02
2025-05-28 19:51:08,249 - INFO - PRINT:     5 | 0.392069 | 0.375261 | 0.2005 | 0.6805 | 10.07
2025-05-28 19:51:18,769 - INFO - PRINT:     6 | 0.391513 | 0.381973 | 0.1976 | 0.6782 | 10.33
2025-05-28 19:51:29,045 - INFO - PRINT:     7 | 0.387889 | 0.392059 | 0.1922 | 0.6673 | 10.09
2025-05-28 19:51:39,273 - INFO - PRINT:     8 | 0.385415 | 0.418619 | 0.1943 | 0.6830 | 10.05
2025-05-28 19:51:49,512 - INFO - PRINT:     9 | 0.383299 | 0.374347 | 0.1971 | 0.6804 | 10.06
2025-05-28 19:51:49,512 - INFO - PRINT: 
Early stopping triggered after epoch 9
2025-05-28 19:51:49,512 - INFO - PRINT: Best validation PR-AUC: 0.2085
2025-05-28 19:51:49,747 - INFO - PRINT: ----------------------------------------------------------------------------------------------------
2025-05-28 19:51:49,747 - INFO - PRINT: FOLD: 2
2025-05-28 19:51:49,747 - INFO - PRINT: TRAIN: [10, 11, 6, 31]
2025-05-28 19:51:49,747 - INFO - PRINT: VAL: [9, 14, 15, 24, 28]
2025-05-28 19:51:50,915 - INFO - PRINT: Preparing sequences...
2025-05-28 19:51:50,915 - INFO - PRINT: Preparing sequences with undersampling...
2025-05-28 19:51:54,376 - INFO - PRINT: Starting sequence preparation...
2025-05-28 19:51:54,642 - INFO - PRINT: Processing 28 sessions...
2025-05-28 19:51:58,243 - INFO - PRINT: Created 37935 sequences
2025-05-28 19:51:58,244 - INFO - PRINT: Sequences shape: (37935, 800, 7)
2025-05-28 19:51:58,410 - INFO - PRINT: Users in train:{10, 11, 6, 31}
2025-05-28 19:51:58,904 - INFO - PRINT: Users in test:{9, 14, 15, 24, 28}
2025-05-28 19:51:58,904 - INFO - PRINT: Number of windows for training:21404
2025-05-28 19:51:58,904 - INFO - PRINT: Number of windows for testing:37935
2025-05-28 19:51:58,961 - INFO - PRINT: Epoch | Train Loss |  Val Loss  |  Val PR-AUC  |  Val ROC-AUC  |  Epoch Time (s)
2025-05-28 19:51:58,961 - INFO - PRINT: -------------------------------------------------------------------------------------
2025-05-28 19:52:03,913 - INFO - PRINT:     1 | 0.302998 | 0.871488 | 0.7159 | 0.7588 | 2.80
2025-05-28 19:52:08,788 - INFO - PRINT:     2 | 0.265660 | 0.834367 | 0.7141 | 0.7588 | 2.75
2025-05-28 19:52:13,676 - INFO - PRINT:     3 | 0.260606 | 0.862335 | 0.7163 | 0.7641 | 2.75
2025-05-28 19:52:18,616 - INFO - PRINT:     4 | 0.255879 | 0.810852 | 0.7136 | 0.7592 | 2.81
2025-05-28 19:52:23,537 - INFO - PRINT:     5 | 0.249236 | 0.877948 | 0.7099 | 0.7533 | 2.80
2025-05-28 19:52:28,493 - INFO - PRINT:     6 | 0.247545 | 0.817669 | 0.7121 | 0.7588 | 2.80
2025-05-28 19:52:33,440 - INFO - PRINT:     7 | 0.245650 | 0.976777 | 0.6860 | 0.7373 | 2.80
2025-05-28 19:52:38,386 - INFO - PRINT:     8 | 0.243745 | 1.157338 | 0.6452 | 0.7063 | 2.81
2025-05-28 19:52:38,386 - INFO - PRINT: 
Early stopping triggered after epoch 8
2025-05-28 19:52:38,386 - INFO - PRINT: Best validation PR-AUC: 0.7163
2025-05-28 19:52:40,433 - INFO - PRINT: ----------------------------------------------------------------------------------------------------
2025-05-28 19:52:40,433 - INFO - PRINT: FOLD: 3
2025-05-28 19:52:40,433 - INFO - PRINT: TRAIN: [6, 9, 11, 14, 15, 24, 28]
2025-05-28 19:52:40,433 - INFO - PRINT: VAL: [10, 31]
2025-05-28 19:52:41,606 - INFO - PRINT: Preparing sequences...
2025-05-28 19:52:41,606 - INFO - PRINT: Preparing sequences with undersampling...
2025-05-28 19:52:51,287 - INFO - PRINT: Starting sequence preparation...
2025-05-28 19:52:51,345 - INFO - PRINT: Processing 10 sessions...
2025-05-28 19:52:52,161 - INFO - PRINT: Created 8562 sequences
2025-05-28 19:52:52,161 - INFO - PRINT: Sequences shape: (8562, 800, 7)
2025-05-28 19:52:52,710 - INFO - PRINT: Users in train:{6, 9, 11, 14, 15, 24, 28}
2025-05-28 19:52:52,822 - INFO - PRINT: Users in test:{10, 31}
2025-05-28 19:52:52,822 - INFO - PRINT: Number of windows for training:67105
2025-05-28 19:52:52,822 - INFO - PRINT: Number of windows for testing:8562
2025-05-28 19:52:52,871 - INFO - PRINT: Epoch | Train Loss |  Val Loss  |  Val PR-AUC  |  Val ROC-AUC  |  Epoch Time (s)
2025-05-28 19:52:52,871 - INFO - PRINT: -------------------------------------------------------------------------------------
2025-05-28 19:53:02,755 - INFO - PRINT:     1 | 0.430080 | 0.468136 | 0.5492 | 0.7754 | 9.36
2025-05-28 19:53:11,885 - INFO - PRINT:     2 | 0.403155 | 0.444312 | 0.5454 | 0.7516 | 8.64
2025-05-28 19:53:21,153 - INFO - PRINT:     3 | 0.388436 | 0.475500 | 0.5521 | 0.7609 | 8.78
2025-05-28 19:53:30,414 - INFO - PRINT:     4 | 0.377871 | 0.503999 | 0.5407 | 0.7441 | 8.77
2025-05-28 19:53:39,698 - INFO - PRINT:     5 | 0.369026 | 0.435441 | 0.5561 | 0.7518 | 8.79
2025-05-28 19:53:48,977 - INFO - PRINT:     6 | 0.363826 | 0.759567 | 0.5140 | 0.7020 | 8.79
2025-05-28 19:53:58,474 - INFO - PRINT:     7 | 0.361985 | 0.457536 | 0.5499 | 0.7422 | 9.00
2025-05-28 19:54:07,767 - INFO - PRINT:     8 | 0.359625 | 0.503058 | 0.5190 | 0.7160 | 8.80
2025-05-28 19:54:17,055 - INFO - PRINT:     9 | 0.356750 | 0.528053 | 0.5293 | 0.7234 | 8.80
2025-05-28 19:54:26,310 - INFO - PRINT:    10 | 0.351725 | 0.467522 | 0.5258 | 0.7237 | 8.77
2025-05-28 19:54:26,310 - INFO - PRINT: 
Early stopping triggered after epoch 10
2025-05-28 19:54:26,310 - INFO - PRINT: Best validation PR-AUC: 0.5561
2025-05-28 19:54:27,000 - INFO - PRINT: Validation ROC-AUC: 0.7237, PR-AUC: 0.5258, Accuracy: 0.8250, Sober Accuracy: 0.8944, Drunk Accuracy: 0.5187, F1: 0.5226, Threshold: 0.4800
2025-05-28 19:54:27,000 - INFO - PRINT: 
CONFIG 6: {'device': 'mps', 'window_size': 800, 'batch_size': 128, 'dropout': 0.5, 'learning_rate': 0.001, 'epochs': 100, 'patience': 5, 'overlap_ratio': 0.5, 'num_filters': 16, 'pooling': 'avg', 'runtime_log_fld': 'results/1D-CNN_DATA_AUGMENTATION/20250528_193914'}

2025-05-28 19:54:27,000 - INFO - PRINT: ----------------------------------------------------------------------------------------------------
2025-05-28 19:54:27,000 - INFO - PRINT: FOLD: 1
2025-05-28 19:54:27,000 - INFO - PRINT: TRAIN: [9, 10, 14, 15, 24, 28, 31]
2025-05-28 19:54:27,000 - INFO - PRINT: VAL: [11, 6]
2025-05-28 19:54:28,335 - INFO - PRINT: Preparing sequences...
2025-05-28 19:54:28,335 - INFO - PRINT: Preparing sequences with undersampling...
2025-05-28 19:54:38,027 - INFO - PRINT: Starting sequence preparation...
2025-05-28 19:54:38,050 - INFO - PRINT: Processing 5 sessions...
2025-05-28 19:54:38,363 - INFO - PRINT: Created 3115 sequences
2025-05-28 19:54:38,363 - INFO - PRINT: Sequences shape: (3115, 800, 7)
2025-05-28 19:54:38,972 - INFO - PRINT: Users in train:{9, 10, 14, 15, 24, 28, 31}
2025-05-28 19:54:39,014 - INFO - PRINT: Users in test:{11, 6}
2025-05-28 19:54:39,014 - INFO - PRINT: Number of windows for training:76787
2025-05-28 19:54:39,014 - INFO - PRINT: Number of windows for testing:3115
2025-05-28 19:54:39,069 - INFO - PRINT: Epoch | Train Loss |  Val Loss  |  Val PR-AUC  |  Val ROC-AUC  |  Epoch Time (s)
2025-05-28 19:54:39,069 - INFO - PRINT: -------------------------------------------------------------------------------------
2025-05-28 19:54:43,801 - INFO - PRINT:     1 | 0.452285 | 0.348095 | 0.1900 | 0.6669 | 4.62
2025-05-28 19:54:48,013 - INFO - PRINT:     2 | 0.429665 | 0.416667 | 0.1929 | 0.6704 | 4.12
2025-05-28 19:54:52,065 - INFO - PRINT:     3 | 0.419100 | 0.361828 | 0.1906 | 0.6774 | 3.95
2025-05-28 19:54:56,550 - INFO - PRINT:     4 | 0.409174 | 0.413274 | 0.1845 | 0.6622 | 4.39
2025-05-28 19:55:00,857 - INFO - PRINT:     5 | 0.399323 | 0.354280 | 0.1690 | 0.6389 | 4.21
2025-05-28 19:55:05,287 - INFO - PRINT:     6 | 0.395245 | 0.429073 | 0.2062 | 0.7213 | 4.34
2025-05-28 19:55:09,465 - INFO - PRINT:     7 | 0.392877 | 0.474875 | 0.2038 | 0.7052 | 4.09
2025-05-28 19:55:13,247 - INFO - PRINT:     8 | 0.388361 | 0.337162 | 0.2178 | 0.7126 | 3.69
2025-05-28 19:55:17,340 - INFO - PRINT:     9 | 0.387141 | 0.468043 | 0.1793 | 0.6553 | 3.99
2025-05-28 19:55:21,388 - INFO - PRINT:    10 | 0.384834 | 0.557125 | 0.1890 | 0.6687 | 3.96
2025-05-28 19:55:25,159 - INFO - PRINT:    11 | 0.383398 | 0.433488 | 0.2152 | 0.7296 | 3.68
2025-05-28 19:55:29,295 - INFO - PRINT:    12 | 0.382967 | 0.351328 | 0.2191 | 0.7379 | 4.04
2025-05-28 19:55:33,525 - INFO - PRINT:    13 | 0.380183 | 0.453114 | 0.1985 | 0.6821 | 4.12
2025-05-28 19:55:37,927 - INFO - PRINT:    14 | 0.379166 | 0.359953 | 0.2150 | 0.7209 | 4.30
2025-05-28 19:55:42,349 - INFO - PRINT:    15 | 0.378172 | 0.412010 | 0.2193 | 0.7264 | 4.30
2025-05-28 19:55:46,619 - INFO - PRINT:    16 | 0.378194 | 0.385162 | 0.2032 | 0.6824 | 4.17
2025-05-28 19:55:50,905 - INFO - PRINT:    17 | 0.374528 | 0.388688 | 0.1868 | 0.6651 | 4.19
2025-05-28 19:55:55,212 - INFO - PRINT:    18 | 0.373825 | 0.453800 | 0.1980 | 0.6662 | 4.22
2025-05-28 19:55:58,989 - INFO - PRINT:    19 | 0.373689 | 0.613449 | 0.2187 | 0.6795 | 3.69
2025-05-28 19:56:02,724 - INFO - PRINT:    20 | 0.372452 | 0.359171 | 0.2218 | 0.7363 | 3.64
2025-05-28 19:56:06,420 - INFO - PRINT:    21 | 0.372743 | 0.334171 | 0.2096 | 0.7201 | 3.61
2025-05-28 19:56:10,211 - INFO - PRINT:    22 | 0.371837 | 0.363682 | 0.1837 | 0.6582 | 3.70
2025-05-28 19:56:14,047 - INFO - PRINT:    23 | 0.370775 | 0.390024 | 0.2103 | 0.6945 | 3.75
2025-05-28 19:56:17,775 - INFO - PRINT:    24 | 0.369048 | 0.347616 | 0.2343 | 0.7165 | 3.64
2025-05-28 19:56:21,609 - INFO - PRINT:    25 | 0.369499 | 0.371655 | 0.2381 | 0.7370 | 3.74
2025-05-28 19:56:25,357 - INFO - PRINT:    26 | 0.368638 | 0.330596 | 0.2487 | 0.7187 | 3.66
2025-05-28 19:56:29,121 - INFO - PRINT:    27 | 0.368121 | 0.398826 | 0.1987 | 0.6348 | 3.67
2025-05-28 19:56:32,945 - INFO - PRINT:    28 | 0.367961 | 0.378856 | 0.2336 | 0.6923 | 3.73
2025-05-28 19:56:36,666 - INFO - PRINT:    29 | 0.366317 | 0.469921 | 0.2557 | 0.7146 | 3.62
2025-05-28 19:56:40,566 - INFO - PRINT:    30 | 0.363031 | 0.391434 | 0.1983 | 0.6835 | 3.80
2025-05-28 19:56:44,361 - INFO - PRINT:    31 | 0.365540 | 0.435855 | 0.2365 | 0.6900 | 3.70
2025-05-28 19:56:48,094 - INFO - PRINT:    32 | 0.363438 | 0.459817 | 0.2060 | 0.6387 | 3.64
2025-05-28 19:56:51,832 - INFO - PRINT:    33 | 0.362193 | 0.385215 | 0.2251 | 0.7160 | 3.65
2025-05-28 19:56:55,579 - INFO - PRINT:    34 | 0.361477 | 0.378759 | 0.2007 | 0.7082 | 3.65
2025-05-28 19:56:55,579 - INFO - PRINT: 
Early stopping triggered after epoch 34
2025-05-28 19:56:55,579 - INFO - PRINT: Best validation PR-AUC: 0.2557
2025-05-28 19:56:55,727 - INFO - PRINT: ----------------------------------------------------------------------------------------------------
2025-05-28 19:56:55,728 - INFO - PRINT: FOLD: 2
2025-05-28 19:56:55,728 - INFO - PRINT: TRAIN: [10, 11, 6, 31]
2025-05-28 19:56:55,728 - INFO - PRINT: VAL: [9, 14, 15, 24, 28]
2025-05-28 19:56:56,883 - INFO - PRINT: Preparing sequences...
2025-05-28 19:56:56,883 - INFO - PRINT: Preparing sequences with undersampling...
2025-05-28 19:57:00,420 - INFO - PRINT: Starting sequence preparation...
2025-05-28 19:57:00,689 - INFO - PRINT: Processing 28 sessions...
2025-05-28 19:57:04,311 - INFO - PRINT: Created 37935 sequences
2025-05-28 19:57:04,311 - INFO - PRINT: Sequences shape: (37935, 800, 7)
2025-05-28 19:57:04,482 - INFO - PRINT: Users in train:{10, 11, 6, 31}
2025-05-28 19:57:04,973 - INFO - PRINT: Users in test:{9, 14, 15, 24, 28}
2025-05-28 19:57:04,973 - INFO - PRINT: Number of windows for training:21404
2025-05-28 19:57:04,973 - INFO - PRINT: Number of windows for testing:37935
2025-05-28 19:57:05,041 - INFO - PRINT: Epoch | Train Loss |  Val Loss  |  Val PR-AUC  |  Val ROC-AUC  |  Epoch Time (s)
2025-05-28 19:57:05,041 - INFO - PRINT: -------------------------------------------------------------------------------------
2025-05-28 19:57:07,153 - INFO - PRINT:     1 | 0.353429 | 2.469012 | 0.6271 | 0.7041 | 1.15
2025-05-28 19:57:08,993 - INFO - PRINT:     2 | 0.273482 | 1.074807 | 0.6782 | 0.7423 | 1.01
2025-05-28 19:57:10,861 - INFO - PRINT:     3 | 0.261637 | 0.893147 | 0.6753 | 0.7292 | 1.05
2025-05-28 19:57:12,744 - INFO - PRINT:     4 | 0.256290 | 0.931718 | 0.6843 | 0.7392 | 1.05
2025-05-28 19:57:14,637 - INFO - PRINT:     5 | 0.253508 | 0.802352 | 0.7029 | 0.7534 | 1.06
2025-05-28 19:57:16,543 - INFO - PRINT:     6 | 0.253138 | 0.849527 | 0.6528 | 0.6975 | 1.06
2025-05-28 19:57:18,404 - INFO - PRINT:     7 | 0.251213 | 0.900030 | 0.7131 | 0.7616 | 1.04
2025-05-28 19:57:20,250 - INFO - PRINT:     8 | 0.250747 | 1.310653 | 0.6647 | 0.7237 | 1.04
2025-05-28 19:57:22,053 - INFO - PRINT:     9 | 0.249395 | 0.994128 | 0.6493 | 0.6985 | 0.99
2025-05-28 19:57:24,116 - INFO - PRINT:    10 | 0.248626 | 1.324752 | 0.7121 | 0.7583 | 1.10
2025-05-28 19:57:26,188 - INFO - PRINT:    11 | 0.248663 | 0.922340 | 0.5865 | 0.6284 | 1.16
2025-05-28 19:57:28,505 - INFO - PRINT:    12 | 0.246308 | 0.837224 | 0.6579 | 0.6955 | 1.26
2025-05-28 19:57:28,505 - INFO - PRINT: 
Early stopping triggered after epoch 12
2025-05-28 19:57:28,505 - INFO - PRINT: Best validation PR-AUC: 0.7131
2025-05-28 19:57:29,426 - INFO - PRINT: ----------------------------------------------------------------------------------------------------
2025-05-28 19:57:29,426 - INFO - PRINT: FOLD: 3
2025-05-28 19:57:29,426 - INFO - PRINT: TRAIN: [6, 9, 11, 14, 15, 24, 28]
2025-05-28 19:57:29,426 - INFO - PRINT: VAL: [10, 31]
2025-05-28 19:57:30,651 - INFO - PRINT: Preparing sequences...
2025-05-28 19:57:30,651 - INFO - PRINT: Preparing sequences with undersampling...
2025-05-28 19:57:39,353 - INFO - PRINT: Starting sequence preparation...
2025-05-28 19:57:39,411 - INFO - PRINT: Processing 10 sessions...
2025-05-28 19:57:40,273 - INFO - PRINT: Created 8562 sequences
2025-05-28 19:57:40,273 - INFO - PRINT: Sequences shape: (8562, 800, 7)
2025-05-28 19:57:40,804 - INFO - PRINT: Users in train:{6, 9, 11, 14, 15, 24, 28}
2025-05-28 19:57:40,920 - INFO - PRINT: Users in test:{10, 31}
2025-05-28 19:57:40,920 - INFO - PRINT: Number of windows for training:67105
2025-05-28 19:57:40,920 - INFO - PRINT: Number of windows for testing:8562
2025-05-28 19:57:40,982 - INFO - PRINT: Epoch | Train Loss |  Val Loss  |  Val PR-AUC  |  Val ROC-AUC  |  Epoch Time (s)
2025-05-28 19:57:40,982 - INFO - PRINT: -------------------------------------------------------------------------------------
2025-05-28 19:57:45,042 - INFO - PRINT:     1 | 0.456771 | 0.483428 | 0.5770 | 0.8039 | 3.78
2025-05-28 19:57:48,659 - INFO - PRINT:     2 | 0.429031 | 0.423052 | 0.5798 | 0.8075 | 3.38
2025-05-28 19:57:52,266 - INFO - PRINT:     3 | 0.420613 | 0.650954 | 0.5594 | 0.7916 | 3.35
2025-05-28 19:57:56,338 - INFO - PRINT:     4 | 0.408655 | 0.432265 | 0.5457 | 0.8065 | 3.79
2025-05-28 19:58:00,364 - INFO - PRINT:     5 | 0.398761 | 0.498524 | 0.5498 | 0.7944 | 3.74
2025-05-28 19:58:03,904 - INFO - PRINT:     6 | 0.392587 | 0.420192 | 0.5577 | 0.8001 | 3.26
2025-05-28 19:58:07,277 - INFO - PRINT:     7 | 0.389937 | 0.630002 | 0.5548 | 0.8000 | 3.11
2025-05-28 19:58:07,277 - INFO - PRINT: 
Early stopping triggered after epoch 7
2025-05-28 19:58:07,277 - INFO - PRINT: Best validation PR-AUC: 0.5798
2025-05-28 19:58:07,604 - INFO - PRINT: Validation ROC-AUC: 0.8000, PR-AUC: 0.5548, Accuracy: 0.8366, Sober Accuracy: 0.9130, Drunk Accuracy: 0.4991, F1: 0.5301, Threshold: 0.7800
2025-05-28 19:58:07,604 - INFO - PRINT: 
CONFIG 7: {'device': 'mps', 'window_size': 800, 'batch_size': 128, 'dropout': 0.5, 'learning_rate': 0.001, 'epochs': 100, 'patience': 5, 'overlap_ratio': 0.5, 'num_filters': 16, 'pooling': 'max', 'runtime_log_fld': 'results/1D-CNN_DATA_AUGMENTATION/20250528_193914'}

2025-05-28 19:58:07,605 - INFO - PRINT: ----------------------------------------------------------------------------------------------------
2025-05-28 19:58:07,605 - INFO - PRINT: FOLD: 1
2025-05-28 19:58:07,605 - INFO - PRINT: TRAIN: [9, 10, 14, 15, 24, 28, 31]
2025-05-28 19:58:07,605 - INFO - PRINT: VAL: [11, 6]
2025-05-28 19:58:08,908 - INFO - PRINT: Preparing sequences...
2025-05-28 19:58:08,908 - INFO - PRINT: Preparing sequences with undersampling...
2025-05-28 19:58:18,865 - INFO - PRINT: Starting sequence preparation...
2025-05-28 19:58:18,892 - INFO - PRINT: Processing 5 sessions...
2025-05-28 19:58:19,189 - INFO - PRINT: Created 3115 sequences
2025-05-28 19:58:19,189 - INFO - PRINT: Sequences shape: (3115, 800, 7)
2025-05-28 19:58:19,807 - INFO - PRINT: Users in train:{9, 10, 14, 15, 24, 28, 31}
2025-05-28 19:58:19,846 - INFO - PRINT: Users in test:{11, 6}
2025-05-28 19:58:19,846 - INFO - PRINT: Number of windows for training:76787
2025-05-28 19:58:19,846 - INFO - PRINT: Number of windows for testing:3115
2025-05-28 19:58:19,920 - INFO - PRINT: Epoch | Train Loss |  Val Loss  |  Val PR-AUC  |  Val ROC-AUC  |  Epoch Time (s)
2025-05-28 19:58:19,920 - INFO - PRINT: -------------------------------------------------------------------------------------
2025-05-28 19:58:24,889 - INFO - PRINT:     1 | 0.474914 | 0.358992 | 0.1909 | 0.6263 | 4.87
2025-05-28 19:58:28,602 - INFO - PRINT:     2 | 0.439994 | 0.372840 | 0.1813 | 0.6199 | 3.62
2025-05-28 19:58:32,549 - INFO - PRINT:     3 | 0.430695 | 0.360853 | 0.2012 | 0.6659 | 3.84
2025-05-28 19:58:36,658 - INFO - PRINT:     4 | 0.424046 | 0.353265 | 0.2047 | 0.6673 | 4.01
2025-05-28 19:58:40,800 - INFO - PRINT:     5 | 0.417861 | 0.349961 | 0.2080 | 0.6707 | 4.05
2025-05-28 19:58:44,769 - INFO - PRINT:     6 | 0.414239 | 0.358484 | 0.2050 | 0.6769 | 3.87
2025-05-28 19:58:48,774 - INFO - PRINT:     7 | 0.409995 | 0.403310 | 0.1975 | 0.6702 | 3.91
2025-05-28 19:58:52,846 - INFO - PRINT:     8 | 0.404541 | 0.394877 | 0.1918 | 0.6613 | 3.98
2025-05-28 19:58:56,765 - INFO - PRINT:     9 | 0.400803 | 0.425760 | 0.1891 | 0.6567 | 3.83
2025-05-28 19:59:00,633 - INFO - PRINT:    10 | 0.396833 | 0.365288 | 0.1920 | 0.6653 | 3.78
2025-05-28 19:59:00,633 - INFO - PRINT: 
Early stopping triggered after epoch 10
2025-05-28 19:59:00,633 - INFO - PRINT: Best validation PR-AUC: 0.2080
2025-05-28 19:59:00,777 - INFO - PRINT: ----------------------------------------------------------------------------------------------------
2025-05-28 19:59:00,777 - INFO - PRINT: FOLD: 2
2025-05-28 19:59:00,777 - INFO - PRINT: TRAIN: [10, 11, 6, 31]
2025-05-28 19:59:00,777 - INFO - PRINT: VAL: [9, 14, 15, 24, 28]
2025-05-28 19:59:01,868 - INFO - PRINT: Preparing sequences...
2025-05-28 19:59:01,868 - INFO - PRINT: Preparing sequences with undersampling...
2025-05-28 19:59:05,404 - INFO - PRINT: Starting sequence preparation...
2025-05-28 19:59:05,677 - INFO - PRINT: Processing 28 sessions...
2025-05-28 19:59:09,346 - INFO - PRINT: Created 37935 sequences
2025-05-28 19:59:09,346 - INFO - PRINT: Sequences shape: (37935, 800, 7)
2025-05-28 19:59:09,518 - INFO - PRINT: Users in train:{10, 11, 6, 31}
2025-05-28 19:59:10,017 - INFO - PRINT: Users in test:{9, 14, 15, 24, 28}
2025-05-28 19:59:10,017 - INFO - PRINT: Number of windows for training:21404
2025-05-28 19:59:10,017 - INFO - PRINT: Number of windows for testing:37935
2025-05-28 19:59:10,088 - INFO - PRINT: Epoch | Train Loss |  Val Loss  |  Val PR-AUC  |  Val ROC-AUC  |  Epoch Time (s)
2025-05-28 19:59:10,088 - INFO - PRINT: -------------------------------------------------------------------------------------
2025-05-28 19:59:12,575 - INFO - PRINT:     1 | 0.301879 | 0.844508 | 0.7125 | 0.7484 | 1.39
2025-05-28 19:59:14,664 - INFO - PRINT:     2 | 0.276788 | 0.834450 | 0.7188 | 0.7597 | 1.11
2025-05-28 19:59:16,731 - INFO - PRINT:     3 | 0.271014 | 0.893519 | 0.7209 | 0.7648 | 1.08
2025-05-28 19:59:18,813 - INFO - PRINT:     4 | 0.269106 | 0.866310 | 0.7221 | 0.7672 | 1.11
2025-05-28 19:59:20,951 - INFO - PRINT:     5 | 0.267918 | 0.834689 | 0.7229 | 0.7674 | 1.18
2025-05-28 19:59:23,091 - INFO - PRINT:     6 | 0.264523 | 0.824479 | 0.7226 | 0.7655 | 1.15
2025-05-28 19:59:25,195 - INFO - PRINT:     7 | 0.261351 | 0.836463 | 0.7237 | 0.7672 | 1.13
2025-05-28 19:59:27,387 - INFO - PRINT:     8 | 0.262865 | 0.836879 | 0.7246 | 0.7659 | 1.18
2025-05-28 19:59:29,557 - INFO - PRINT:     9 | 0.260040 | 0.842995 | 0.7172 | 0.7637 | 1.15
2025-05-28 19:59:31,727 - INFO - PRINT:    10 | 0.256347 | 0.900817 | 0.7230 | 0.7697 | 1.16
2025-05-28 19:59:33,742 - INFO - PRINT:    11 | 0.257873 | 0.860360 | 0.7157 | 0.7638 | 1.03
2025-05-28 19:59:35,796 - INFO - PRINT:    12 | 0.258264 | 0.848552 | 0.7144 | 0.7616 | 1.09
2025-05-28 19:59:38,079 - INFO - PRINT:    13 | 0.250923 | 0.892135 | 0.7156 | 0.7611 | 1.27
2025-05-28 19:59:38,079 - INFO - PRINT: 
Early stopping triggered after epoch 13
2025-05-28 19:59:38,079 - INFO - PRINT: Best validation PR-AUC: 0.7246
2025-05-28 19:59:39,015 - INFO - PRINT: ----------------------------------------------------------------------------------------------------
2025-05-28 19:59:39,015 - INFO - PRINT: FOLD: 3
2025-05-28 19:59:39,015 - INFO - PRINT: TRAIN: [6, 9, 11, 14, 15, 24, 28]
2025-05-28 19:59:39,015 - INFO - PRINT: VAL: [10, 31]
2025-05-28 19:59:40,252 - INFO - PRINT: Preparing sequences...
2025-05-28 19:59:40,252 - INFO - PRINT: Preparing sequences with undersampling...
2025-05-28 19:59:49,007 - INFO - PRINT: Starting sequence preparation...
2025-05-28 19:59:49,065 - INFO - PRINT: Processing 10 sessions...
2025-05-28 19:59:49,908 - INFO - PRINT: Created 8562 sequences
2025-05-28 19:59:49,908 - INFO - PRINT: Sequences shape: (8562, 800, 7)
2025-05-28 19:59:50,468 - INFO - PRINT: Users in train:{6, 9, 11, 14, 15, 24, 28}
2025-05-28 19:59:50,583 - INFO - PRINT: Users in test:{10, 31}
2025-05-28 19:59:50,583 - INFO - PRINT: Number of windows for training:67105
2025-05-28 19:59:50,583 - INFO - PRINT: Number of windows for testing:8562
2025-05-28 19:59:50,633 - INFO - PRINT: Epoch | Train Loss |  Val Loss  |  Val PR-AUC  |  Val ROC-AUC  |  Epoch Time (s)
2025-05-28 19:59:50,633 - INFO - PRINT: -------------------------------------------------------------------------------------
2025-05-28 19:59:55,392 - INFO - PRINT:     1 | 0.483938 | 0.441343 | 0.5492 | 0.7753 | 4.42
2025-05-28 19:59:59,272 - INFO - PRINT:     2 | 0.431674 | 0.451800 | 0.5535 | 0.7790 | 3.49
2025-05-28 20:00:03,131 - INFO - PRINT:     3 | 0.418029 | 0.521020 | 0.5421 | 0.7679 | 3.54
2025-05-28 20:00:06,922 - INFO - PRINT:     4 | 0.409295 | 0.536422 | 0.5288 | 0.7504 | 3.45
2025-05-28 20:00:10,617 - INFO - PRINT:     5 | 0.400658 | 0.494188 | 0.5395 | 0.7488 | 3.37
2025-05-28 20:00:14,368 - INFO - PRINT:     6 | 0.395018 | 0.630197 | 0.5278 | 0.7379 | 3.42
2025-05-28 20:00:18,138 - INFO - PRINT:     7 | 0.391687 | 0.530933 | 0.5198 | 0.7336 | 3.44
2025-05-28 20:00:18,138 - INFO - PRINT: 
Early stopping triggered after epoch 7
2025-05-28 20:00:18,138 - INFO - PRINT: Best validation PR-AUC: 0.5535
2025-05-28 20:00:18,495 - INFO - PRINT: Validation ROC-AUC: 0.7336, PR-AUC: 0.5198, Accuracy: 0.8245, Sober Accuracy: 0.8964, Drunk Accuracy: 0.5066, F1: 0.5159, Threshold: 0.6300
2025-05-28 20:00:18,495 - INFO - PRINT: 
CONFIG 8: {'device': 'mps', 'window_size': 800, 'batch_size': 128, 'dropout': 0.5, 'learning_rate': 0.001, 'epochs': 100, 'patience': 5, 'overlap_ratio': 0.5, 'num_filters': 32, 'pooling': 'avg', 'runtime_log_fld': 'results/1D-CNN_DATA_AUGMENTATION/20250528_193914'}

2025-05-28 20:00:18,495 - INFO - PRINT: ----------------------------------------------------------------------------------------------------
2025-05-28 20:00:18,495 - INFO - PRINT: FOLD: 1
2025-05-28 20:00:18,495 - INFO - PRINT: TRAIN: [9, 10, 14, 15, 24, 28, 31]
2025-05-28 20:00:18,495 - INFO - PRINT: VAL: [11, 6]
2025-05-28 20:00:19,750 - INFO - PRINT: Preparing sequences...
2025-05-28 20:00:19,750 - INFO - PRINT: Preparing sequences with undersampling...
2025-05-28 20:00:30,217 - INFO - PRINT: Starting sequence preparation...
2025-05-28 20:00:30,241 - INFO - PRINT: Processing 5 sessions...
2025-05-28 20:00:30,538 - INFO - PRINT: Created 3115 sequences
2025-05-28 20:00:30,538 - INFO - PRINT: Sequences shape: (3115, 800, 7)
2025-05-28 20:00:31,144 - INFO - PRINT: Users in train:{9, 10, 14, 15, 24, 28, 31}
2025-05-28 20:00:31,183 - INFO - PRINT: Users in test:{11, 6}
2025-05-28 20:00:31,183 - INFO - PRINT: Number of windows for training:76787
2025-05-28 20:00:31,183 - INFO - PRINT: Number of windows for testing:3115
2025-05-28 20:00:31,240 - INFO - PRINT: Epoch | Train Loss |  Val Loss  |  Val PR-AUC  |  Val ROC-AUC  |  Epoch Time (s)
2025-05-28 20:00:31,240 - INFO - PRINT: -------------------------------------------------------------------------------------
2025-05-28 20:00:36,119 - INFO - PRINT:     1 | 0.451611 | 0.354267 | 0.1969 | 0.6402 | 4.80
2025-05-28 20:00:39,743 - INFO - PRINT:     2 | 0.423057 | 0.349384 | 0.1956 | 0.6688 | 3.54
2025-05-28 20:00:43,447 - INFO - PRINT:     3 | 0.414651 | 0.410813 | 0.2023 | 0.6829 | 3.62
2025-05-28 20:00:47,329 - INFO - PRINT:     4 | 0.405266 | 0.420095 | 0.2068 | 0.7313 | 3.79
2025-05-28 20:00:51,493 - INFO - PRINT:     5 | 0.402429 | 0.383327 | 0.2057 | 0.7264 | 4.08
2025-05-28 20:00:55,263 - INFO - PRINT:     6 | 0.399449 | 0.348866 | 0.1992 | 0.7114 | 3.69
2025-05-28 20:00:59,256 - INFO - PRINT:     7 | 0.396993 | 0.330306 | 0.2096 | 0.7224 | 3.91
2025-05-28 20:01:03,222 - INFO - PRINT:     8 | 0.395986 | 0.380731 | 0.2042 | 0.6669 | 3.88
2025-05-28 20:01:07,352 - INFO - PRINT:     9 | 0.394296 | 0.343390 | 0.2078 | 0.6997 | 4.05
2025-05-28 20:01:11,139 - INFO - PRINT:    10 | 0.392146 | 0.356686 | 0.2221 | 0.7410 | 3.71
2025-05-28 20:01:14,931 - INFO - PRINT:    11 | 0.390080 | 0.361086 | 0.1711 | 0.6488 | 3.71
2025-05-28 20:01:18,762 - INFO - PRINT:    12 | 0.388975 | 0.500806 | 0.2306 | 0.7101 | 3.75
2025-05-28 20:01:22,537 - INFO - PRINT:    13 | 0.384874 | 0.459600 | 0.2252 | 0.6615 | 3.69
2025-05-28 20:01:26,285 - INFO - PRINT:    14 | 0.382546 | 0.347722 | 0.2088 | 0.6667 | 3.67
2025-05-28 20:01:30,033 - INFO - PRINT:    15 | 0.380935 | 0.352627 | 0.2058 | 0.6923 | 3.67
2025-05-28 20:01:33,851 - INFO - PRINT:    16 | 0.377733 | 0.438972 | 0.2022 | 0.7032 | 3.74
2025-05-28 20:01:37,635 - INFO - PRINT:    17 | 0.377718 | 0.576793 | 0.1497 | 0.4860 | 3.71
2025-05-28 20:01:37,635 - INFO - PRINT: 
Early stopping triggered after epoch 17
2025-05-28 20:01:37,635 - INFO - PRINT: Best validation PR-AUC: 0.2306
2025-05-28 20:01:37,774 - INFO - PRINT: ----------------------------------------------------------------------------------------------------
2025-05-28 20:01:37,774 - INFO - PRINT: FOLD: 2
2025-05-28 20:01:37,774 - INFO - PRINT: TRAIN: [10, 11, 6, 31]
2025-05-28 20:01:37,774 - INFO - PRINT: VAL: [9, 14, 15, 24, 28]
2025-05-28 20:01:38,943 - INFO - PRINT: Preparing sequences...
2025-05-28 20:01:38,943 - INFO - PRINT: Preparing sequences with undersampling...
2025-05-28 20:01:42,466 - INFO - PRINT: Starting sequence preparation...
2025-05-28 20:01:42,735 - INFO - PRINT: Processing 28 sessions...
2025-05-28 20:01:46,315 - INFO - PRINT: Created 37935 sequences
2025-05-28 20:01:46,315 - INFO - PRINT: Sequences shape: (37935, 800, 7)
2025-05-28 20:01:46,489 - INFO - PRINT: Users in train:{10, 11, 6, 31}
2025-05-28 20:01:46,985 - INFO - PRINT: Users in test:{9, 14, 15, 24, 28}
2025-05-28 20:01:46,985 - INFO - PRINT: Number of windows for training:21404
2025-05-28 20:01:46,985 - INFO - PRINT: Number of windows for testing:37935
2025-05-28 20:01:47,050 - INFO - PRINT: Epoch | Train Loss |  Val Loss  |  Val PR-AUC  |  Val ROC-AUC  |  Epoch Time (s)
2025-05-28 20:01:47,050 - INFO - PRINT: -------------------------------------------------------------------------------------
2025-05-28 20:01:49,247 - INFO - PRINT:     1 | 0.327258 | 0.921589 | 0.6441 | 0.7266 | 1.26
2025-05-28 20:01:51,292 - INFO - PRINT:     2 | 0.271449 | 1.250877 | 0.6400 | 0.7071 | 1.06
2025-05-28 20:01:53,529 - INFO - PRINT:     3 | 0.262229 | 0.894038 | 0.6908 | 0.7444 | 1.37
2025-05-28 20:01:55,680 - INFO - PRINT:     4 | 0.256834 | 0.743751 | 0.7044 | 0.7557 | 1.17
2025-05-28 20:01:57,674 - INFO - PRINT:     5 | 0.253046 | 0.683954 | 0.7115 | 0.7557 | 1.15
2025-05-28 20:01:59,651 - INFO - PRINT:     6 | 0.251491 | 0.759055 | 0.7049 | 0.7570 | 1.09
2025-05-28 20:02:01,593 - INFO - PRINT:     7 | 0.250309 | 0.692659 | 0.7159 | 0.7623 | 1.09
2025-05-28 20:02:03,540 - INFO - PRINT:     8 | 0.248362 | 0.946044 | 0.6018 | 0.6297 | 1.10
2025-05-28 20:02:05,689 - INFO - PRINT:     9 | 0.248651 | 0.604031 | 0.7218 | 0.7641 | 1.29
2025-05-28 20:02:07,641 - INFO - PRINT:    10 | 0.247047 | 1.055122 | 0.4951 | 0.5315 | 1.09
2025-05-28 20:02:09,601 - INFO - PRINT:    11 | 0.245886 | 0.849511 | 0.6808 | 0.7429 | 1.09
2025-05-28 20:02:11,555 - INFO - PRINT:    12 | 0.244783 | 0.883663 | 0.7054 | 0.7567 | 1.10
2025-05-28 20:02:13,554 - INFO - PRINT:    13 | 0.244484 | 1.272928 | 0.4455 | 0.5044 | 1.11
2025-05-28 20:02:15,496 - INFO - PRINT:    14 | 0.244490 | 0.914331 | 0.7040 | 0.7528 | 1.06
2025-05-28 20:02:15,496 - INFO - PRINT: 
Early stopping triggered after epoch 14
2025-05-28 20:02:15,496 - INFO - PRINT: Best validation PR-AUC: 0.7218
2025-05-28 20:02:16,332 - INFO - PRINT: ----------------------------------------------------------------------------------------------------
2025-05-28 20:02:16,332 - INFO - PRINT: FOLD: 3
2025-05-28 20:02:16,332 - INFO - PRINT: TRAIN: [6, 9, 11, 14, 15, 24, 28]
2025-05-28 20:02:16,332 - INFO - PRINT: VAL: [10, 31]
2025-05-28 20:02:17,587 - INFO - PRINT: Preparing sequences...
2025-05-28 20:02:17,587 - INFO - PRINT: Preparing sequences with undersampling...
2025-05-28 20:02:27,288 - INFO - PRINT: Starting sequence preparation...
2025-05-28 20:02:27,349 - INFO - PRINT: Processing 10 sessions...
2025-05-28 20:02:28,168 - INFO - PRINT: Created 8562 sequences
2025-05-28 20:02:28,168 - INFO - PRINT: Sequences shape: (8562, 800, 7)
2025-05-28 20:02:28,710 - INFO - PRINT: Users in train:{6, 9, 11, 14, 15, 24, 28}
2025-05-28 20:02:28,825 - INFO - PRINT: Users in test:{10, 31}
2025-05-28 20:02:28,825 - INFO - PRINT: Number of windows for training:67105
2025-05-28 20:02:28,825 - INFO - PRINT: Number of windows for testing:8562
2025-05-28 20:02:28,906 - INFO - PRINT: Epoch | Train Loss |  Val Loss  |  Val PR-AUC  |  Val ROC-AUC  |  Epoch Time (s)
2025-05-28 20:02:28,906 - INFO - PRINT: -------------------------------------------------------------------------------------
2025-05-28 20:02:33,130 - INFO - PRINT:     1 | 0.454402 | 0.472178 | 0.5861 | 0.8205 | 3.93
2025-05-28 20:02:36,800 - INFO - PRINT:     2 | 0.428294 | 0.679549 | 0.5559 | 0.7928 | 3.36
2025-05-28 20:02:40,323 - INFO - PRINT:     3 | 0.411694 | 0.669626 | 0.5230 | 0.7842 | 3.25
2025-05-28 20:02:43,901 - INFO - PRINT:     4 | 0.397074 | 0.516217 | 0.5551 | 0.7926 | 3.32
2025-05-28 20:02:47,381 - INFO - PRINT:     5 | 0.387176 | 0.462028 | 0.5517 | 0.7898 | 3.20
2025-05-28 20:02:50,975 - INFO - PRINT:     6 | 0.382690 | 0.384365 | 0.5618 | 0.7958 | 3.32
2025-05-28 20:02:50,975 - INFO - PRINT: 
Early stopping triggered after epoch 6
2025-05-28 20:02:50,975 - INFO - PRINT: Best validation PR-AUC: 0.5861
2025-05-28 20:02:51,424 - INFO - PRINT: Validation ROC-AUC: 0.7958, PR-AUC: 0.5618, Accuracy: 0.8424, Sober Accuracy: 0.9166, Drunk Accuracy: 0.5149, F1: 0.5469, Threshold: 0.4000
2025-05-28 20:02:51,424 - INFO - PRINT: 
CONFIG 9: {'device': 'mps', 'window_size': 800, 'batch_size': 128, 'dropout': 0.5, 'learning_rate': 0.001, 'epochs': 100, 'patience': 5, 'overlap_ratio': 0.5, 'num_filters': 32, 'pooling': 'max', 'runtime_log_fld': 'results/1D-CNN_DATA_AUGMENTATION/20250528_193914'}

2025-05-28 20:02:51,424 - INFO - PRINT: ----------------------------------------------------------------------------------------------------
2025-05-28 20:02:51,424 - INFO - PRINT: FOLD: 1
2025-05-28 20:02:51,424 - INFO - PRINT: TRAIN: [9, 10, 14, 15, 24, 28, 31]
2025-05-28 20:02:51,424 - INFO - PRINT: VAL: [11, 6]
2025-05-28 20:02:52,843 - INFO - PRINT: Preparing sequences...
2025-05-28 20:02:52,843 - INFO - PRINT: Preparing sequences with undersampling...
2025-05-28 20:03:04,114 - INFO - PRINT: Starting sequence preparation...
2025-05-28 20:03:04,142 - INFO - PRINT: Processing 5 sessions...
2025-05-28 20:03:04,435 - INFO - PRINT: Created 3115 sequences
2025-05-28 20:03:04,436 - INFO - PRINT: Sequences shape: (3115, 800, 7)
2025-05-28 20:03:05,041 - INFO - PRINT: Users in train:{9, 10, 14, 15, 24, 28, 31}
2025-05-28 20:03:05,082 - INFO - PRINT: Users in test:{11, 6}
2025-05-28 20:03:05,082 - INFO - PRINT: Number of windows for training:76787
2025-05-28 20:03:05,082 - INFO - PRINT: Number of windows for testing:3115
2025-05-28 20:03:05,153 - INFO - PRINT: Epoch | Train Loss |  Val Loss  |  Val PR-AUC  |  Val ROC-AUC  |  Epoch Time (s)
2025-05-28 20:03:05,153 - INFO - PRINT: -------------------------------------------------------------------------------------
2025-05-28 20:03:11,474 - INFO - PRINT:     1 | 0.450179 | 0.377723 | 0.1838 | 0.6117 | 6.21
2025-05-28 20:03:17,084 - INFO - PRINT:     2 | 0.430097 | 0.398450 | 0.1920 | 0.6429 | 5.50
2025-05-28 20:03:22,744 - INFO - PRINT:     3 | 0.421521 | 0.353303 | 0.2023 | 0.6772 | 5.55
2025-05-28 20:03:28,377 - INFO - PRINT:     4 | 0.414827 | 0.364485 | 0.1979 | 0.6776 | 5.52
2025-05-28 20:03:34,017 - INFO - PRINT:     5 | 0.408579 | 0.395993 | 0.2070 | 0.6816 | 5.53
2025-05-28 20:03:39,651 - INFO - PRINT:     6 | 0.407098 | 0.356453 | 0.1990 | 0.6786 | 5.52
2025-05-28 20:03:45,294 - INFO - PRINT:     7 | 0.406528 | 0.395941 | 0.1877 | 0.6509 | 5.53
2025-05-28 20:03:50,927 - INFO - PRINT:     8 | 0.404022 | 0.393216 | 0.1917 | 0.6687 | 5.52
2025-05-28 20:03:56,565 - INFO - PRINT:     9 | 0.401629 | 0.388037 | 0.1892 | 0.6710 | 5.52
2025-05-28 20:04:02,206 - INFO - PRINT:    10 | 0.400131 | 0.374154 | 0.1829 | 0.6473 | 5.53
2025-05-28 20:04:02,206 - INFO - PRINT: 
Early stopping triggered after epoch 10
2025-05-28 20:04:02,206 - INFO - PRINT: Best validation PR-AUC: 0.2070
2025-05-28 20:04:02,373 - INFO - PRINT: ----------------------------------------------------------------------------------------------------
2025-05-28 20:04:02,373 - INFO - PRINT: FOLD: 2
2025-05-28 20:04:02,373 - INFO - PRINT: TRAIN: [10, 11, 6, 31]
2025-05-28 20:04:02,373 - INFO - PRINT: VAL: [9, 14, 15, 24, 28]
2025-05-28 20:04:03,540 - INFO - PRINT: Preparing sequences...
2025-05-28 20:04:03,540 - INFO - PRINT: Preparing sequences with undersampling...
2025-05-28 20:04:07,042 - INFO - PRINT: Starting sequence preparation...
2025-05-28 20:04:07,319 - INFO - PRINT: Processing 28 sessions...
2025-05-28 20:04:10,908 - INFO - PRINT: Created 37935 sequences
2025-05-28 20:04:10,908 - INFO - PRINT: Sequences shape: (37935, 800, 7)
2025-05-28 20:04:11,088 - INFO - PRINT: Users in train:{10, 11, 6, 31}
2025-05-28 20:04:11,575 - INFO - PRINT: Users in test:{9, 14, 15, 24, 28}
2025-05-28 20:04:11,575 - INFO - PRINT: Number of windows for training:21404
2025-05-28 20:04:11,575 - INFO - PRINT: Number of windows for testing:37935
2025-05-28 20:04:11,633 - INFO - PRINT: Epoch | Train Loss |  Val Loss  |  Val PR-AUC  |  Val ROC-AUC  |  Epoch Time (s)
2025-05-28 20:04:11,633 - INFO - PRINT: -------------------------------------------------------------------------------------
2025-05-28 20:04:14,674 - INFO - PRINT:     1 | 0.305044 | 0.825552 | 0.7185 | 0.7640 | 1.63
2025-05-28 20:04:17,534 - INFO - PRINT:     2 | 0.282890 | 0.811200 | 0.7203 | 0.7662 | 1.54
2025-05-28 20:04:20,400 - INFO - PRINT:     3 | 0.274615 | 0.882734 | 0.7171 | 0.7573 | 1.55
2025-05-28 20:04:23,259 - INFO - PRINT:     4 | 0.267570 | 0.952615 | 0.7125 | 0.7575 | 1.55
2025-05-28 20:04:26,132 - INFO - PRINT:     5 | 0.266530 | 0.810598 | 0.7171 | 0.7662 | 1.56
2025-05-28 20:04:29,000 - INFO - PRINT:     6 | 0.260270 | 0.804657 | 0.7008 | 0.7557 | 1.55
2025-05-28 20:04:31,868 - INFO - PRINT:     7 | 0.259563 | 0.872433 | 0.6990 | 0.7515 | 1.55
2025-05-28 20:04:31,868 - INFO - PRINT: 
Early stopping triggered after epoch 7
2025-05-28 20:04:31,868 - INFO - PRINT: Best validation PR-AUC: 0.7203
2025-05-28 20:04:33,111 - INFO - PRINT: ----------------------------------------------------------------------------------------------------
2025-05-28 20:04:33,111 - INFO - PRINT: FOLD: 3
2025-05-28 20:04:33,111 - INFO - PRINT: TRAIN: [6, 9, 11, 14, 15, 24, 28]
2025-05-28 20:04:33,111 - INFO - PRINT: VAL: [10, 31]
2025-05-28 20:04:34,281 - INFO - PRINT: Preparing sequences...
2025-05-28 20:04:34,281 - INFO - PRINT: Preparing sequences with undersampling...
2025-05-28 20:04:43,974 - INFO - PRINT: Starting sequence preparation...
2025-05-28 20:04:44,036 - INFO - PRINT: Processing 10 sessions...
2025-05-28 20:04:44,849 - INFO - PRINT: Created 8562 sequences
2025-05-28 20:04:44,849 - INFO - PRINT: Sequences shape: (8562, 800, 7)
2025-05-28 20:04:45,405 - INFO - PRINT: Users in train:{6, 9, 11, 14, 15, 24, 28}
2025-05-28 20:04:45,518 - INFO - PRINT: Users in test:{10, 31}
2025-05-28 20:04:45,518 - INFO - PRINT: Number of windows for training:67105
2025-05-28 20:04:45,518 - INFO - PRINT: Number of windows for testing:8562
2025-05-28 20:04:45,566 - INFO - PRINT: Epoch | Train Loss |  Val Loss  |  Val PR-AUC  |  Val ROC-AUC  |  Epoch Time (s)
2025-05-28 20:04:45,566 - INFO - PRINT: -------------------------------------------------------------------------------------
2025-05-28 20:04:51,246 - INFO - PRINT:     1 | 0.460927 | 0.459713 | 0.5422 | 0.7757 | 5.38
2025-05-28 20:04:56,387 - INFO - PRINT:     2 | 0.432126 | 0.427626 | 0.5490 | 0.7741 | 4.83
2025-05-28 20:05:33,514 - INFO - PRINT:     3 | 0.422687 | 0.457639 | 0.5409 | 0.7628 | 36.80
2025-05-28 20:05:38,982 - INFO - PRINT:     4 | 0.415739 | 0.486005 | 0.5385 | 0.7568 | 5.16
2025-05-28 20:05:44,155 - INFO - PRINT:     5 | 0.409714 | 0.547343 | 0.5430 | 0.7585 | 4.87
2025-05-28 20:05:49,321 - INFO - PRINT:     6 | 0.407399 | 0.513105 | 0.5334 | 0.7426 | 4.86
2025-05-28 20:05:54,469 - INFO - PRINT:     7 | 0.405231 | 0.545575 | 0.5202 | 0.7456 | 4.84
2025-05-28 20:05:54,469 - INFO - PRINT: 
Early stopping triggered after epoch 7
2025-05-28 20:05:54,469 - INFO - PRINT: Best validation PR-AUC: 0.5490
2025-05-28 20:05:54,916 - INFO - PRINT: Validation ROC-AUC: 0.7456, PR-AUC: 0.5202, Accuracy: 0.7974, Sober Accuracy: 0.8472, Drunk Accuracy: 0.5775, F1: 0.5128, Threshold: 0.5300
2025-05-28 20:05:54,916 - INFO - PRINT: 
CONFIG 10: {'device': 'mps', 'window_size': 800, 'batch_size': 128, 'dropout': 0.5, 'learning_rate': 0.001, 'epochs': 100, 'patience': 5, 'overlap_ratio': 0.5, 'num_filters': 64, 'pooling': 'avg', 'runtime_log_fld': 'results/1D-CNN_DATA_AUGMENTATION/20250528_193914'}

2025-05-28 20:05:54,916 - INFO - PRINT: ----------------------------------------------------------------------------------------------------
2025-05-28 20:05:54,916 - INFO - PRINT: FOLD: 1
2025-05-28 20:05:54,916 - INFO - PRINT: TRAIN: [9, 10, 14, 15, 24, 28, 31]
2025-05-28 20:05:54,916 - INFO - PRINT: VAL: [11, 6]
2025-05-28 20:05:56,113 - INFO - PRINT: Preparing sequences...
2025-05-28 20:05:56,113 - INFO - PRINT: Preparing sequences with undersampling...
2025-05-28 20:06:06,922 - INFO - PRINT: Starting sequence preparation...
2025-05-28 20:06:06,947 - INFO - PRINT: Processing 5 sessions...
2025-05-28 20:06:07,245 - INFO - PRINT: Created 3115 sequences
2025-05-28 20:06:07,245 - INFO - PRINT: Sequences shape: (3115, 800, 7)
2025-05-28 20:06:07,864 - INFO - PRINT: Users in train:{9, 10, 14, 15, 24, 28, 31}
2025-05-28 20:06:07,906 - INFO - PRINT: Users in test:{11, 6}
2025-05-28 20:06:07,906 - INFO - PRINT: Number of windows for training:76787
2025-05-28 20:06:07,906 - INFO - PRINT: Number of windows for testing:3115
2025-05-28 20:06:07,968 - INFO - PRINT: Epoch | Train Loss |  Val Loss  |  Val PR-AUC  |  Val ROC-AUC  |  Epoch Time (s)
2025-05-28 20:06:07,968 - INFO - PRINT: -------------------------------------------------------------------------------------
2025-05-28 20:06:13,971 - INFO - PRINT:     1 | 0.447995 | 0.383145 | 0.1812 | 0.6243 | 5.89
2025-05-28 20:06:19,427 - INFO - PRINT:     2 | 0.426796 | 0.400668 | 0.1983 | 0.6686 | 5.35
2025-05-28 20:06:24,894 - INFO - PRINT:     3 | 0.415394 | 0.419982 | 0.1984 | 0.6836 | 5.36
2025-05-28 20:06:30,343 - INFO - PRINT:     4 | 0.408598 | 0.339152 | 0.2055 | 0.7152 | 5.34
2025-05-28 20:06:35,806 - INFO - PRINT:     5 | 0.403892 | 0.370817 | 0.2053 | 0.7308 | 5.35
2025-05-28 20:06:41,259 - INFO - PRINT:     6 | 0.403038 | 0.356897 | 0.2121 | 0.7270 | 5.35
2025-05-28 20:06:46,732 - INFO - PRINT:     7 | 0.401332 | 0.399454 | 0.1849 | 0.6673 | 5.37
2025-05-28 20:06:52,234 - INFO - PRINT:     8 | 0.398742 | 0.422508 | 0.2089 | 0.6848 | 5.40
2025-05-28 20:06:57,727 - INFO - PRINT:     9 | 0.395295 | 0.354019 | 0.2233 | 0.7332 | 5.38
2025-05-28 20:07:03,218 - INFO - PRINT:    10 | 0.392944 | 0.494982 | 0.2031 | 0.6906 | 5.38
2025-05-28 20:07:08,702 - INFO - PRINT:    11 | 0.392914 | 0.456709 | 0.2310 | 0.7359 | 5.38
2025-05-28 20:07:14,185 - INFO - PRINT:    12 | 0.390940 | 0.337198 | 0.2174 | 0.7277 | 5.38
2025-05-28 20:07:19,684 - INFO - PRINT:    13 | 0.385449 | 0.375218 | 0.1655 | 0.6250 | 5.39
2025-05-28 20:07:25,177 - INFO - PRINT:    14 | 0.384312 | 0.354279 | 0.2263 | 0.6672 | 5.39
2025-05-28 20:07:30,678 - INFO - PRINT:    15 | 0.382725 | 0.373827 | 0.2129 | 0.6966 | 5.39
2025-05-28 20:07:36,170 - INFO - PRINT:    16 | 0.380282 | 0.383279 | 0.2003 | 0.6744 | 5.38
2025-05-28 20:07:36,170 - INFO - PRINT: 
Early stopping triggered after epoch 16
2025-05-28 20:07:36,170 - INFO - PRINT: Best validation PR-AUC: 0.2310
2025-05-28 20:07:36,327 - INFO - PRINT: ----------------------------------------------------------------------------------------------------
2025-05-28 20:07:36,327 - INFO - PRINT: FOLD: 2
2025-05-28 20:07:36,327 - INFO - PRINT: TRAIN: [10, 11, 6, 31]
2025-05-28 20:07:36,327 - INFO - PRINT: VAL: [9, 14, 15, 24, 28]
2025-05-28 20:07:37,462 - INFO - PRINT: Preparing sequences...
2025-05-28 20:07:37,462 - INFO - PRINT: Preparing sequences with undersampling...
2025-05-28 20:07:40,983 - INFO - PRINT: Starting sequence preparation...
2025-05-28 20:07:41,268 - INFO - PRINT: Processing 28 sessions...
2025-05-28 20:07:44,949 - INFO - PRINT: Created 37935 sequences
2025-05-28 20:07:44,949 - INFO - PRINT: Sequences shape: (37935, 800, 7)
2025-05-28 20:07:45,125 - INFO - PRINT: Users in train:{10, 11, 6, 31}
2025-05-28 20:07:45,615 - INFO - PRINT: Users in test:{9, 14, 15, 24, 28}
2025-05-28 20:07:45,615 - INFO - PRINT: Number of windows for training:21404
2025-05-28 20:07:45,615 - INFO - PRINT: Number of windows for testing:37935
2025-05-28 20:07:45,675 - INFO - PRINT: Epoch | Train Loss |  Val Loss  |  Val PR-AUC  |  Val ROC-AUC  |  Epoch Time (s)
2025-05-28 20:07:45,675 - INFO - PRINT: -------------------------------------------------------------------------------------
2025-05-28 20:07:48,617 - INFO - PRINT:     1 | 0.322688 | 0.881534 | 0.6491 | 0.7302 | 1.58
2025-05-28 20:07:53,120 - INFO - PRINT:     2 | 0.279212 | 0.991382 | 0.4918 | 0.5570 | 2.87
2025-05-28 20:07:57,007 - INFO - PRINT:     3 | 0.265048 | 0.960966 | 0.6987 | 0.7570 | 2.16
2025-05-28 20:08:00,996 - INFO - PRINT:     4 | 0.260051 | 1.166263 | 0.6370 | 0.6953 | 2.32
2025-05-28 20:08:05,033 - INFO - PRINT:     5 | 0.258807 | 1.007931 | 0.7204 | 0.7678 | 2.34
2025-05-28 20:08:08,982 - INFO - PRINT:     6 | 0.257603 | 1.098063 | 0.7178 | 0.7653 | 2.18
2025-05-28 20:08:13,045 - INFO - PRINT:     7 | 0.255424 | 1.177580 | 0.5138 | 0.5755 | 2.08
2025-05-28 20:08:17,180 - INFO - PRINT:     8 | 0.253283 | 1.327825 | 0.7222 | 0.7658 | 1.91
2025-05-28 20:08:21,344 - INFO - PRINT:     9 | 0.253318 | 0.841270 | 0.7154 | 0.7631 | 1.89
2025-05-28 20:08:25,453 - INFO - PRINT:    10 | 0.251363 | 0.684456 | 0.6487 | 0.6752 | 2.04
2025-05-28 20:08:30,154 - INFO - PRINT:    11 | 0.252422 | 0.708878 | 0.6182 | 0.6580 | 2.14
2025-05-28 20:08:34,552 - INFO - PRINT:    12 | 0.253225 | 0.745845 | 0.5665 | 0.6189 | 2.14
2025-05-28 20:08:39,312 - INFO - PRINT:    13 | 0.250005 | 1.231795 | 0.6807 | 0.7326 | 2.85
2025-05-28 20:08:39,312 - INFO - PRINT: 
Early stopping triggered after epoch 13
2025-05-28 20:08:39,312 - INFO - PRINT: Best validation PR-AUC: 0.7222
2025-05-28 20:08:41,298 - INFO - PRINT: ----------------------------------------------------------------------------------------------------
2025-05-28 20:08:41,298 - INFO - PRINT: FOLD: 3
2025-05-28 20:08:41,298 - INFO - PRINT: TRAIN: [6, 9, 11, 14, 15, 24, 28]
2025-05-28 20:08:41,298 - INFO - PRINT: VAL: [10, 31]
2025-05-28 20:08:44,174 - INFO - PRINT: Preparing sequences...
2025-05-28 20:08:44,174 - INFO - PRINT: Preparing sequences with undersampling...
2025-05-28 20:08:53,788 - INFO - PRINT: Starting sequence preparation...
2025-05-28 20:08:53,859 - INFO - PRINT: Processing 10 sessions...
2025-05-28 20:08:54,687 - INFO - PRINT: Created 8562 sequences
2025-05-28 20:08:54,687 - INFO - PRINT: Sequences shape: (8562, 800, 7)
2025-05-28 20:08:55,237 - INFO - PRINT: Users in train:{6, 9, 11, 14, 15, 24, 28}
2025-05-28 20:08:55,350 - INFO - PRINT: Users in test:{10, 31}
2025-05-28 20:08:55,350 - INFO - PRINT: Number of windows for training:67105
2025-05-28 20:08:55,350 - INFO - PRINT: Number of windows for testing:8562
2025-05-28 20:08:55,398 - INFO - PRINT: Epoch | Train Loss |  Val Loss  |  Val PR-AUC  |  Val ROC-AUC  |  Epoch Time (s)
2025-05-28 20:08:55,398 - INFO - PRINT: -------------------------------------------------------------------------------------
2025-05-28 20:09:00,959 - INFO - PRINT:     1 | 0.460713 | 0.361968 | 0.5938 | 0.8276 | 5.22
2025-05-28 20:09:09,428 - INFO - PRINT:     2 | 0.429047 | 0.384975 | 0.5692 | 0.8117 | 7.99
2025-05-28 20:09:17,939 - INFO - PRINT:     3 | 0.415623 | 0.744361 | 0.5467 | 0.7878 | 7.83
2025-05-28 20:09:27,496 - INFO - PRINT:     4 | 0.408318 | 0.438542 | 0.5585 | 0.8089 | 8.94
2025-05-28 20:09:36,822 - INFO - PRINT:     5 | 0.404403 | 0.512858 | 0.5705 | 0.7885 | 8.71
2025-05-28 20:09:46,376 - INFO - PRINT:     6 | 0.402061 | 0.417426 | 0.5507 | 0.8095 | 8.93
2025-05-28 20:09:46,376 - INFO - PRINT: 
Early stopping triggered after epoch 6
2025-05-28 20:09:46,376 - INFO - PRINT: Best validation PR-AUC: 0.5938
2025-05-28 20:09:47,152 - INFO - PRINT: Validation ROC-AUC: 0.8095, PR-AUC: 0.5507, Accuracy: 0.8288, Sober Accuracy: 0.8956, Drunk Accuracy: 0.5338, F1: 0.5352, Threshold: 0.4300
2025-05-28 20:09:47,152 - INFO - PRINT: 
CONFIG 11: {'device': 'mps', 'window_size': 800, 'batch_size': 128, 'dropout': 0.5, 'learning_rate': 0.001, 'epochs': 100, 'patience': 5, 'overlap_ratio': 0.5, 'num_filters': 64, 'pooling': 'max', 'runtime_log_fld': 'results/1D-CNN_DATA_AUGMENTATION/20250528_193914'}

2025-05-28 20:09:47,153 - INFO - PRINT: ----------------------------------------------------------------------------------------------------
2025-05-28 20:09:47,153 - INFO - PRINT: FOLD: 1
2025-05-28 20:09:47,153 - INFO - PRINT: TRAIN: [9, 10, 14, 15, 24, 28, 31]
2025-05-28 20:09:47,153 - INFO - PRINT: VAL: [11, 6]
2025-05-28 20:09:49,828 - INFO - PRINT: Preparing sequences...
2025-05-28 20:09:49,828 - INFO - PRINT: Preparing sequences with undersampling...
2025-05-28 20:10:00,619 - INFO - PRINT: Starting sequence preparation...
2025-05-28 20:10:00,644 - INFO - PRINT: Processing 5 sessions...
2025-05-28 20:10:00,937 - INFO - PRINT: Created 3115 sequences
2025-05-28 20:10:00,938 - INFO - PRINT: Sequences shape: (3115, 800, 7)
2025-05-28 20:10:01,547 - INFO - PRINT: Users in train:{9, 10, 14, 15, 24, 28, 31}
2025-05-28 20:10:01,586 - INFO - PRINT: Users in test:{11, 6}
2025-05-28 20:10:01,586 - INFO - PRINT: Number of windows for training:76787
2025-05-28 20:10:01,586 - INFO - PRINT: Number of windows for testing:3115
2025-05-28 20:10:01,641 - INFO - PRINT: Epoch | Train Loss |  Val Loss  |  Val PR-AUC  |  Val ROC-AUC  |  Epoch Time (s)
2025-05-28 20:10:01,641 - INFO - PRINT: -------------------------------------------------------------------------------------
2025-05-28 20:10:15,508 - INFO - PRINT:     1 | 0.459832 | 0.368262 | 0.1840 | 0.6096 | 13.58
2025-05-28 20:10:32,422 - INFO - PRINT:     2 | 0.437560 | 0.369346 | 0.1879 | 0.6345 | 16.62
2025-05-28 20:10:47,859 - INFO - PRINT:     3 | 0.426098 | 0.362533 | 0.2068 | 0.6723 | 15.16
2025-05-28 20:11:03,633 - INFO - PRINT:     4 | 0.417702 | 0.415601 | 0.2050 | 0.6634 | 15.50
2025-05-28 20:11:19,274 - INFO - PRINT:     5 | 0.417342 | 0.381414 | 0.2056 | 0.6624 | 15.36
2025-05-28 20:11:35,089 - INFO - PRINT:     6 | 0.411622 | 0.399199 | 0.2018 | 0.6607 | 15.54
2025-05-28 20:11:50,732 - INFO - PRINT:     7 | 0.410571 | 0.388118 | 0.2077 | 0.6620 | 15.37
2025-05-28 20:12:06,533 - INFO - PRINT:     8 | 0.409285 | 0.420374 | 0.1959 | 0.6670 | 15.53
2025-05-28 20:12:22,194 - INFO - PRINT:     9 | 0.407204 | 0.403973 | 0.1917 | 0.6526 | 15.38
2025-05-28 20:12:38,295 - INFO - PRINT:    10 | 0.406869 | 0.348334 | 0.2121 | 0.6921 | 15.82
2025-05-28 20:12:54,081 - INFO - PRINT:    11 | 0.403389 | 0.363435 | 0.2027 | 0.6786 | 15.51
2025-05-28 20:13:09,737 - INFO - PRINT:    12 | 0.404062 | 0.387396 | 0.1918 | 0.6667 | 15.38
2025-05-28 20:13:25,453 - INFO - PRINT:    13 | 0.398813 | 0.465188 | 0.1997 | 0.6834 | 15.44
2025-05-28 20:13:41,148 - INFO - PRINT:    14 | 0.398685 | 0.384397 | 0.1914 | 0.6700 | 15.42
2025-05-28 20:13:59,400 - INFO - PRINT:    15 | 0.396584 | 0.345957 | 0.2146 | 0.7018 | 17.92
2025-05-28 20:14:19,095 - INFO - PRINT:    16 | 0.397127 | 0.386120 | 0.1935 | 0.6685 | 19.36
2025-05-28 20:14:39,560 - INFO - PRINT:    17 | 0.395888 | 0.408113 | 0.1944 | 0.6734 | 20.12
2025-05-28 20:14:59,161 - INFO - PRINT:    18 | 0.392399 | 0.409018 | 0.1845 | 0.6537 | 19.25
2025-05-28 20:15:21,862 - INFO - PRINT:    19 | 0.392811 | 0.393772 | 0.1977 | 0.6823 | 22.28
2025-05-28 20:15:42,516 - INFO - PRINT:    20 | 0.390024 | 0.385878 | 0.1895 | 0.6645 | 20.34
2025-05-28 20:15:42,517 - INFO - PRINT: 
Early stopping triggered after epoch 20
2025-05-28 20:15:42,517 - INFO - PRINT: Best validation PR-AUC: 0.2146
2025-05-28 20:15:42,949 - INFO - PRINT: ----------------------------------------------------------------------------------------------------
2025-05-28 20:15:42,949 - INFO - PRINT: FOLD: 2
2025-05-28 20:15:42,950 - INFO - PRINT: TRAIN: [10, 11, 6, 31]
2025-05-28 20:15:42,950 - INFO - PRINT: VAL: [9, 14, 15, 24, 28]
2025-05-28 20:15:45,341 - INFO - PRINT: Preparing sequences...
2025-05-28 20:15:45,341 - INFO - PRINT: Preparing sequences with undersampling...
2025-05-28 20:15:49,872 - INFO - PRINT: Starting sequence preparation...
2025-05-28 20:15:50,180 - INFO - PRINT: Processing 28 sessions...
2025-05-28 20:15:54,121 - INFO - PRINT: Created 37935 sequences
2025-05-28 20:15:54,121 - INFO - PRINT: Sequences shape: (37935, 800, 7)
2025-05-28 20:15:54,296 - INFO - PRINT: Users in train:{10, 11, 6, 31}
2025-05-28 20:15:54,808 - INFO - PRINT: Users in test:{9, 14, 15, 24, 28}
2025-05-28 20:15:54,808 - INFO - PRINT: Number of windows for training:21404
2025-05-28 20:15:54,808 - INFO - PRINT: Number of windows for testing:37935
2025-05-28 20:15:54,865 - INFO - PRINT: Epoch | Train Loss |  Val Loss  |  Val PR-AUC  |  Val ROC-AUC  |  Epoch Time (s)
2025-05-28 20:15:54,865 - INFO - PRINT: -------------------------------------------------------------------------------------
2025-05-28 20:16:01,910 - INFO - PRINT:     1 | 0.299740 | 0.880145 | 0.7159 | 0.7678 | 4.08
2025-05-28 20:16:06,809 - INFO - PRINT:     2 | 0.280734 | 0.880621 | 0.7159 | 0.7658 | 2.80
2025-05-28 20:16:11,646 - INFO - PRINT:     3 | 0.275489 | 0.887151 | 0.7177 | 0.7607 | 2.74
2025-05-28 20:16:16,534 - INFO - PRINT:     4 | 0.276688 | 0.839354 | 0.7155 | 0.7631 | 2.79
2025-05-28 20:16:21,471 - INFO - PRINT:     5 | 0.272076 | 0.892331 | 0.7109 | 0.7589 | 2.83
2025-05-28 20:16:26,421 - INFO - PRINT:     6 | 0.270865 | 0.872458 | 0.7090 | 0.7606 | 2.85
2025-05-28 20:16:31,314 - INFO - PRINT:     7 | 0.266536 | 0.860610 | 0.7029 | 0.7593 | 2.79
2025-05-28 20:16:36,214 - INFO - PRINT:     8 | 0.263713 | 0.935166 | 0.6864 | 0.7481 | 2.79
2025-05-28 20:16:36,214 - INFO - PRINT: 
Early stopping triggered after epoch 8
2025-05-28 20:16:36,214 - INFO - PRINT: Best validation PR-AUC: 0.7177
2025-05-28 20:16:38,233 - INFO - PRINT: ----------------------------------------------------------------------------------------------------
2025-05-28 20:16:38,233 - INFO - PRINT: FOLD: 3
2025-05-28 20:16:38,233 - INFO - PRINT: TRAIN: [6, 9, 11, 14, 15, 24, 28]
2025-05-28 20:16:38,233 - INFO - PRINT: VAL: [10, 31]
2025-05-28 20:16:39,562 - INFO - PRINT: Preparing sequences...
2025-05-28 20:16:39,562 - INFO - PRINT: Preparing sequences with undersampling...
2025-05-28 20:16:48,620 - INFO - PRINT: Starting sequence preparation...
2025-05-28 20:16:48,680 - INFO - PRINT: Processing 10 sessions...
2025-05-28 20:16:49,497 - INFO - PRINT: Created 8562 sequences
2025-05-28 20:16:49,497 - INFO - PRINT: Sequences shape: (8562, 800, 7)
2025-05-28 20:16:50,055 - INFO - PRINT: Users in train:{6, 9, 11, 14, 15, 24, 28}
2025-05-28 20:16:50,169 - INFO - PRINT: Users in test:{10, 31}
2025-05-28 20:16:50,169 - INFO - PRINT: Number of windows for training:67105
2025-05-28 20:16:50,169 - INFO - PRINT: Number of windows for testing:8562
2025-05-28 20:16:50,219 - INFO - PRINT: Epoch | Train Loss |  Val Loss  |  Val PR-AUC  |  Val ROC-AUC  |  Epoch Time (s)
2025-05-28 20:16:50,219 - INFO - PRINT: -------------------------------------------------------------------------------------
2025-05-28 20:16:59,848 - INFO - PRINT:     1 | 0.454525 | 0.432901 | 0.5464 | 0.7779 | 9.13
2025-05-28 20:17:08,970 - INFO - PRINT:     2 | 0.427560 | 0.415679 | 0.5473 | 0.7725 | 8.63
2025-05-28 20:17:18,153 - INFO - PRINT:     3 | 0.418187 | 0.467262 | 0.5553 | 0.7712 | 8.69
2025-05-28 20:17:27,393 - INFO - PRINT:     4 | 0.413432 | 0.546860 | 0.5404 | 0.7593 | 8.75
2025-05-28 20:17:36,665 - INFO - PRINT:     5 | 0.409087 | 0.466551 | 0.5444 | 0.7400 | 8.78
2025-05-28 20:17:45,934 - INFO - PRINT:     6 | 0.403971 | 0.623260 | 0.5339 | 0.7551 | 8.78
2025-05-28 20:17:55,164 - INFO - PRINT:     7 | 0.403093 | 0.570052 | 0.5319 | 0.7363 | 8.74
2025-05-28 20:18:04,391 - INFO - PRINT:     8 | 0.399390 | 0.510223 | 0.5379 | 0.7431 | 8.74
2025-05-28 20:18:04,391 - INFO - PRINT: 
Early stopping triggered after epoch 8
2025-05-28 20:18:04,391 - INFO - PRINT: Best validation PR-AUC: 0.5553
2025-05-28 20:18:05,003 - INFO - PRINT: Validation ROC-AUC: 0.7431, PR-AUC: 0.5379, Accuracy: 0.8366, Sober Accuracy: 0.9149, Drunk Accuracy: 0.4908, F1: 0.5259, Threshold: 0.7000
2025-05-28 20:18:05,003 - INFO - PRINT: ==================================================
2025-05-28 20:18:05,003 - INFO - PRINT: Final best config: {'device': 'mps', 'window_size': 800, 'batch_size': 128, 'dropout': 0.1, 'learning_rate': 0.001, 'epochs': 8, 'patience': 8, 'overlap_ratio': 0.5, 'num_filters': 32, 'pooling': 'avg', 'runtime_log_fld': 'results/1D-CNN_DATA_AUGMENTATION/20250528_193914'}, Final best pr_auc: 0.5665982623103958, Final best threshold: 0.21000000000000002, Final best epoch: 8.0
2025-05-28 20:18:05,003 - INFO - PRINT: ==================================================
END CROSSVALIDATION
==================================================
2025-05-28 20:18:05,157 - INFO - PRINT: 
BEGIN TRAIN AND EVALUATION FINAL MODEL

2025-05-28 20:18:06,520 - INFO - PRINT: Preparing sequences...
2025-05-28 20:18:06,520 - INFO - PRINT: Preparing sequences with undersampling...
2025-05-28 20:18:18,244 - INFO - PRINT: Starting sequence preparation...
2025-05-28 20:18:18,276 - INFO - PRINT: Processing 7 sessions...
2025-05-28 20:18:18,651 - INFO - PRINT: Created 3958 sequences
2025-05-28 20:18:18,651 - INFO - PRINT: Sequences shape: (3958, 800, 7)
2025-05-28 20:18:19,291 - INFO - PRINT: Users in train:{6, 9, 10, 11, 14, 15, 24, 28, 31}
2025-05-28 20:18:19,344 - INFO - PRINT: Users in test:{16, 25, 26}
2025-05-28 20:18:19,344 - INFO - PRINT: Number of windows for training:82648
2025-05-28 20:18:19,344 - INFO - PRINT: Number of windows for testing:3958
2025-05-28 20:18:19,353 - INFO - PRINT: Epoch | Train Loss |  Val Loss  |  Val PR-AUC  |  Val ROC-AUC  |  Epoch Time (s)
2025-05-28 20:18:19,353 - INFO - PRINT: -------------------------------------------------------------------------------------
2025-05-28 20:18:25,301 - INFO - PRINT:     1 | 0.423940 | ------ | ------ | 5.95
2025-05-28 20:18:29,774 - INFO - PRINT:     2 | 0.396012 | ------ | ------ | 4.47
2025-05-28 20:18:34,007 - INFO - PRINT:     3 | 0.383385 | ------ | ------ | 4.23
2025-05-28 20:18:38,173 - INFO - PRINT:     4 | 0.377738 | ------ | ------ | 4.17
2025-05-28 20:18:42,236 - INFO - PRINT:     5 | 0.374911 | ------ | ------ | 4.06
2025-05-28 20:18:46,212 - INFO - PRINT:     6 | 0.371213 | ------ | ------ | 3.98
2025-05-28 20:18:50,279 - INFO - PRINT:     7 | 0.369109 | ------ | ------ | 4.07
2025-05-28 20:18:54,312 - INFO - PRINT:     8 | 0.365324 | ------ | ------ | 4.03
2025-05-28 20:18:56,238 - INFO - PRINT: Training ROC-AUC: 0.8106, PR-AUC: 0.5921, Accuracy: 0.8403, Sober Accuracy: 0.9652, Drunk Accuracy: 0.3425, F1: 0.4625, Threshold: 0.2100
2025-05-28 20:18:56,240 - INFO - PRINT: Test ROC-AUC: 0.7734, PR-AUC: 0.7461, Accuracy: 0.7870, Sober Accuracy: 0.9611, Drunk Accuracy: 0.4897, F1: 0.6295, Threshold: 0.2100
2025-05-28 20:18:56,264 - INFO - PRINT: Model, predictions, ground truth, and metrics saved in results/1D-CNN_DATA_AUGMENTATION/20250528_193914
