2025-04-29 16:32:13,655 - INFO - Logging initialized to /Users/jofremosegui/Desktop/TFG/wearbac_experiments/models/data_balancing/results/HDC_HRR_UNDERSAMPLING/20250429_163213/training.log
2025-04-29 16:32:13,655 - INFO - PRINT: Total configurations: 1
2025-04-29 16:32:30,786 - INFO - PRINT: ==================================================
BEGIN CROSSVALIDATION
==================================================
2025-04-29 16:32:30,786 - INFO - PRINT: 
CONFIG 0: {'device': 'mps', 'window_size': 800, 'ngrams': 7, 'hdc_dimension': 10000, 'batch_size': 64, 'learning_rate': 2, 'epochs': 10, 'patience': 5, 'overlap_ratio': 0.5, 'vsa_type': 'HRR', 'runtime_log_fld': 'results/HDC_HRR_UNDERSAMPLING/20250429_163213'}

2025-04-29 16:32:30,786 - INFO - PRINT: ----------------------------------------------------------------------------------------------------
2025-04-29 16:32:30,786 - INFO - PRINT: FOLD: 1
2025-04-29 16:32:30,786 - INFO - PRINT: TRAIN: [9, 10, 14, 15, 24, 28, 31]
2025-04-29 16:32:30,786 - INFO - PRINT: VAL: [11, 6]
2025-04-29 16:32:31,902 - INFO - PRINT: Preparing sequences...
2025-04-29 16:32:33,184 - INFO - PRINT: Preparing sequences with undersampling...
2025-04-29 16:32:37,981 - INFO - PRINT: Balancing sequences via undersampling...
2025-04-29 16:32:40,690 - INFO - PRINT: Undersampled sequence shape: (70055, 800, 7)
2025-04-29 16:32:40,886 - INFO - PRINT: Preparing sequences with undersampling...
2025-04-29 16:32:41,204 - INFO - PRINT: Balancing sequences via undersampling...
2025-04-29 16:32:41,439 - INFO - PRINT: Undersampled sequence shape: (5388, 800, 7)
2025-04-29 16:32:42,051 - INFO - PRINT: Users in train:{9, 10, 14, 15, 24, 28, 31}
2025-04-29 16:32:42,094 - INFO - PRINT: Users in test:{11, 6}
2025-04-29 16:32:42,094 - INFO - PRINT: Number of windows for training:70055
2025-04-29 16:32:42,094 - INFO - PRINT: Number of windows for testing:5388
2025-04-29 16:32:42,309 - INFO - PRINT: Epoch | Train Loss |  Val Loss  |  Val PR-AUC  |  Val ROC-AUC  |  Epoch Time (s)
2025-04-29 16:32:42,309 - INFO - PRINT: -------------------------------------------------------------------------------------
