2025-05-03 09:51:11,831 - INFO - Logging initialized to /Users/jofremosegui/Desktop/TFG/wearbac_experiments/models/data_balancing/results/HDC_balanced_UNDERSAMPLING_FHRR/20250503_095111/training.log
2025-05-03 09:51:11,831 - INFO - PRINT: Total configurations: 1
2025-05-03 09:51:34,412 - INFO - PRINT: ==================================================
BEGIN CROSSVALIDATION
==================================================
2025-05-03 09:51:34,412 - INFO - PRINT: 
CONFIG 0: {'device': 'mps', 'window_size': 800, 'ngrams': 7, 'hdc_dimension': 5000, 'batch_size': 64, 'learning_rate': 2, 'epochs': 10, 'patience': 5, 'overlap_ratio': 0.5, 'vsa': 'FHRR', 'runtime_log_fld': 'results/HDC_balanced_UNDERSAMPLING_FHRR/20250503_095111'}

2025-05-03 09:51:34,412 - INFO - PRINT: ----------------------------------------------------------------------------------------------------
2025-05-03 09:51:34,412 - INFO - PRINT: FOLD: 1
2025-05-03 09:51:34,412 - INFO - PRINT: TRAIN: [9, 10, 14, 15, 24, 28, 31]
2025-05-03 09:51:34,412 - INFO - PRINT: VAL: [11, 6]
2025-05-03 09:51:36,157 - INFO - PRINT: Preparing sequences...
2025-05-03 09:51:37,466 - INFO - PRINT: Preparing sequences with undersampling...
2025-05-03 09:51:42,347 - INFO - PRINT: Balancing sequences via undersampling...
2025-05-03 09:51:46,112 - INFO - PRINT: Undersampled sequence shape: (70055, 800, 7)
2025-05-03 09:51:46,353 - INFO - PRINT: Preparing sequences with undersampling...
2025-05-03 09:51:46,667 - INFO - PRINT: Balancing sequences via undersampling...
2025-05-03 09:51:46,864 - INFO - PRINT: Undersampled sequence shape: (5388, 800, 7)
2025-05-03 09:51:47,490 - INFO - PRINT: Users in train:{9, 10, 14, 15, 24, 28, 31}
2025-05-03 09:51:47,529 - INFO - PRINT: Users in test:{11, 6}
2025-05-03 09:51:47,529 - INFO - PRINT: Number of windows for training:70055
2025-05-03 09:51:47,529 - INFO - PRINT: Number of windows for testing:5388
2025-05-03 09:51:48,246 - INFO - PRINT: Epoch | Train Loss |  Val Loss  |  Val PR-AUC  |  Val ROC-AUC  |  Epoch Time (s)
2025-05-03 09:51:48,246 - INFO - PRINT: -------------------------------------------------------------------------------------
2025-05-03 09:54:35,514 - INFO - PRINT: /Users/jofremosegui/Desktop/TFG/wearbac_experiments/torchhd/torchhd/__init__.py
2025-05-03 09:54:35,514 - INFO - PRINT: /Users/jofremosegui/Desktop/TFG/wearbac_experiments/torchhd/torchhd/embeddings.py
2025-05-03 09:54:35,515 - INFO - PRINT: /Users/jofremosegui/Desktop/TFG/wearbac_experiments/torchhd/torchhd/models.py
2025-05-03 09:54:35,534 - INFO - PRINT: /Users/jofremosegui/Desktop/TFG/wearbac_experiments/torchhd/torchhd/__init__.py
