2025-04-07 13:55:54,105 - INFO - Logging initialized to /Users/jofremosegui/Desktop/TFG/wearbac_experiments/models/feature_engineering/statistical_features/results/HDC_statistical_v2/20250407_135554/training.log
2025-04-07 13:55:54,105 - INFO - PRINT: Total configurations: 1
2025-04-07 13:55:54,167 - INFO - PRINT: ==================================================
BEGIN CROSSVALIDATION
==================================================
2025-04-07 13:55:54,167 - INFO - PRINT: 
CONFIG 0: {'device': 'mps', 'window_size': 1, 'ngrams': 7, 'hdc_dimension': 5000, 'batch_size': 64, 'learning_rate': 2, 'epochs': 10, 'patience': 5, 'overlap_ratio': 0.5, 'runtime_log_fld': 'results/HDC_statistical_v2/20250407_135554'}

2025-04-07 13:55:54,167 - INFO - PRINT: ----------------------------------------------------------------------------------------------------
2025-04-07 13:55:54,167 - INFO - PRINT: FOLD: 1
2025-04-07 13:55:54,167 - INFO - PRINT: TRAIN: [9, 10, 14, 15, 24, 28, 31]
2025-04-07 13:55:54,167 - INFO - PRINT: VAL: [11, 6]
2025-04-07 13:55:54,408 - INFO - PRINT: Epoch 1 / 10
2025-04-07 13:58:05,925 - INFO - PRINT: Epoch 2 / 10
2025-04-07 14:00:11,521 - INFO - PRINT: Epoch 3 / 10
2025-04-07 14:02:16,655 - INFO - PRINT: Epoch 4 / 10
2025-04-07 14:04:21,957 - INFO - PRINT: Epoch 5 / 10
2025-04-07 14:59:18,591 - INFO - PRINT: Epoch 6 / 10
2025-04-07 17:27:36,980 - INFO - PRINT: Epoch 7 / 10
2025-04-07 18:20:53,710 - INFO - PRINT: Epoch 8 / 10
2025-04-07 18:22:57,507 - INFO - PRINT: Epoch 9 / 10
2025-04-07 18:25:02,017 - INFO - PRINT: Epoch 10 / 10
2025-04-07 18:27:06,139 - INFO - PRINT: ----------------------------------------------------------------------------------------------------
2025-04-07 18:27:06,139 - INFO - PRINT: FOLD: 2
2025-04-07 18:27:06,139 - INFO - PRINT: TRAIN: [10, 11, 6, 31]
2025-04-07 18:27:06,139 - INFO - PRINT: VAL: [9, 14, 15, 24, 28]
2025-04-07 18:27:06,202 - INFO - PRINT: Epoch 1 / 10
2025-04-07 18:27:38,002 - INFO - PRINT: Epoch 2 / 10
2025-04-07 18:28:09,875 - INFO - PRINT: Epoch 3 / 10
2025-04-07 18:28:41,622 - INFO - PRINT: Epoch 4 / 10
2025-04-07 18:29:13,604 - INFO - PRINT: Epoch 5 / 10
2025-04-07 18:29:45,436 - INFO - PRINT: Epoch 6 / 10
2025-04-07 18:30:17,339 - INFO - PRINT: Epoch 7 / 10
2025-04-07 18:30:49,700 - INFO - PRINT: Epoch 8 / 10
2025-04-07 18:31:21,790 - INFO - PRINT: Epoch 9 / 10
2025-04-07 18:31:53,726 - INFO - PRINT: Epoch 10 / 10
2025-04-07 18:32:26,854 - INFO - PRINT: ----------------------------------------------------------------------------------------------------
2025-04-07 18:32:26,854 - INFO - PRINT: FOLD: 3
2025-04-07 18:32:26,854 - INFO - PRINT: TRAIN: [6, 9, 11, 14, 15, 24, 28]
2025-04-07 18:32:26,854 - INFO - PRINT: VAL: [10, 31]
2025-04-07 18:32:27,058 - INFO - PRINT: Epoch 1 / 10
2025-04-07 18:34:14,436 - INFO - PRINT: Epoch 2 / 10
2025-04-07 18:36:02,730 - INFO - PRINT: Epoch 3 / 10
2025-04-07 18:37:51,623 - INFO - PRINT: Epoch 4 / 10
2025-04-07 18:39:38,906 - INFO - PRINT: Epoch 5 / 10
2025-04-07 18:41:25,790 - INFO - PRINT: Epoch 6 / 10
2025-04-07 18:43:12,871 - INFO - PRINT: Epoch 7 / 10
2025-04-07 18:45:00,957 - INFO - PRINT: Epoch 8 / 10
2025-04-07 18:46:48,537 - INFO - PRINT: Epoch 9 / 10
2025-04-07 18:48:36,407 - INFO - PRINT: Epoch 10 / 10
2025-04-07 18:50:26,370 - INFO - PRINT: Validation ROC-AUC: 0.4997, PR-AUC: 0.5335, Accuracy: 0.5337, Sober Accuracy: 0.0000, Drunk Accuracy: 1.0000, F1: 0.6959, Threshold: 0.0100
2025-04-07 18:50:26,370 - INFO - PRINT: Updated best config: {'device': 'mps', 'window_size': 1, 'ngrams': 7, 'hdc_dimension': 5000, 'batch_size': 64, 'learning_rate': 2, 'epochs': 10, 'patience': 5, 'overlap_ratio': 0.5, 'runtime_log_fld': 'results/HDC_statistical_v2/20250407_135554'}, PR-AUC: 0.5335, Threshold: 0.0100, Epoch: 10.00
2025-04-07 18:50:26,370 - INFO - PRINT: ==================================================
2025-04-07 18:50:26,370 - INFO - PRINT: Final best config: {'device': 'mps', 'window_size': 1, 'ngrams': 7, 'hdc_dimension': 5000, 'batch_size': 64, 'learning_rate': 2, 'epochs': 10, 'patience': 10, 'overlap_ratio': 0.5, 'runtime_log_fld': 'results/HDC_statistical_v2/20250407_135554'}, Final best pr_auc: 0.533506660308177, Final best threshold: 0.01, Final best epoch: 10.0
2025-04-07 18:50:26,371 - INFO - PRINT: ==================================================
END CROSSVALIDATION
==================================================
2025-04-07 18:50:26,372 - INFO - PRINT: 
BEGIN TRAIN AND EVALUATION FINAL MODEL

2025-04-07 18:50:26,411 - INFO - PRINT: Users in train:{6, 9, 10, 11, 14, 15, 24, 28, 31}
2025-04-07 18:50:26,411 - INFO - PRINT: Users in test:{16, 25, 26}
2025-04-07 18:50:26,411 - INFO - PRINT: Number of windows for training:49695
2025-04-07 18:50:26,411 - INFO - PRINT: Number of windows for testing:3970
2025-04-07 18:52:43,771 - INFO - PRINT: /Users/jofremosegui/Desktop/TFG/wearbac_experiments/torchhd/torchhd/__init__.py
2025-04-07 18:52:43,771 - INFO - PRINT: /Users/jofremosegui/Desktop/TFG/wearbac_experiments/torchhd/torchhd/embeddings.py
2025-04-07 18:52:43,771 - INFO - PRINT: /Users/jofremosegui/Desktop/TFG/wearbac_experiments/torchhd/torchhd/models.py
