2025-05-20 18:34:58,490 - INFO - Logging initialized to /Users/jofremosegui/Desktop/TFG/wearbac_experiments/models/data_balancing/results/biLSTM_DATA_AUGMENTATION/20250520_183458/training.log
2025-05-20 18:34:58,490 - INFO - PRINT: Total configurations: 3
2025-05-20 18:35:18,328 - INFO - PRINT: ==================================================
BEGIN CROSSVALIDATION
==================================================
2025-05-20 18:35:18,328 - INFO - PRINT: 
CONFIG 0: {'device': 'mps', 'window_size': 800, 'hidden_size': 128, 'num_layers': 1, 'batch_size': 128, 'dropout': 0.1, 'learning_rate': 0.001, 'epochs': 100, 'patience': 5, 'overlap_ratio': 0.5, 'runtime_log_fld': 'results/biLSTM_DATA_AUGMENTATION/20250520_183458'}

2025-05-20 18:35:18,328 - INFO - PRINT: ----------------------------------------------------------------------------------------------------
2025-05-20 18:35:18,328 - INFO - PRINT: FOLD: 1
2025-05-20 18:35:18,328 - INFO - PRINT: TRAIN: [9, 10, 14, 15, 24, 28, 31]
2025-05-20 18:35:18,328 - INFO - PRINT: VAL: [11, 6]
2025-05-20 18:35:19,776 - INFO - PRINT: Preparing sequences...
2025-05-20 18:35:21,031 - INFO - PRINT: Starting sequence preparation...
2025-05-20 18:35:21,388 - INFO - PRINT: Processing 38 sessions...
2025-05-20 18:35:26,102 - INFO - PRINT: Created 46497 sequences
2025-05-20 18:35:26,103 - INFO - PRINT: Sequences shape: (46497, 800, 7)
2025-05-20 18:35:26,205 - INFO - PRINT: Starting sequence preparation...
2025-05-20 18:35:26,233 - INFO - PRINT: Processing 5 sessions...
2025-05-20 18:35:26,566 - INFO - PRINT: Created 3115 sequences
2025-05-20 18:35:26,566 - INFO - PRINT: Sequences shape: (3115, 800, 7)
2025-05-20 18:35:27,141 - INFO - PRINT: Users in train:{9, 10, 14, 15, 24, 28, 31}
2025-05-20 18:35:27,181 - INFO - PRINT: Users in test:{11, 6}
2025-05-20 18:35:27,181 - INFO - PRINT: Number of windows for training:46497
2025-05-20 18:35:27,181 - INFO - PRINT: Number of windows for testing:3115
2025-05-20 18:35:27,737 - INFO - PRINT: Epoch | Train Loss |  Val Loss  |  Val PR-AUC  |  Val ROC-AUC  |  Epoch Time (s)
2025-05-20 18:35:27,737 - INFO - PRINT: -------------------------------------------------------------------------------------
2025-05-20 18:36:02,178 - INFO - PRINT:     1 | 0.562964 | 0.383800 | 0.1994 | 0.7157 | 33.55
2025-05-20 18:36:34,175 - INFO - PRINT:     2 | 0.546411 | 0.367052 | 0.1993 | 0.7168 | 31.18
2025-05-20 18:37:06,208 - INFO - PRINT:     3 | 0.539880 | 0.357677 | 0.2040 | 0.7182 | 31.21
2025-05-20 18:37:38,012 - INFO - PRINT:     4 | 0.533843 | 0.361943 | 0.2144 | 0.7167 | 31.00
2025-05-20 18:38:09,496 - INFO - PRINT:     5 | 0.526887 | 0.336945 | 0.2189 | 0.7186 | 30.67
